Visual Studio Code GitHub Extension
git symbolic-ref -q HEAD
git --version
git for-each-ref --format='%(upstream)' 'refs/heads/45-new-i18n'
git config --local --get remote.origin.url
git symbolic-ref -q HEAD
git for-each-ref --format='%(upstream)' 'refs/heads/45-new-i18n'
git config --local --get remote.origin.url
Failed to connect to provider "No token found for host github.com"
git rev-parse --abbrev-ref HEAD
git symbolic-ref -q HEAD
git for-each-ref --format='%(upstream)' 'refs/heads/45-new-i18n'
git config --local --get remote.origin.url
git symbolic-ref -q HEAD
git for-each-ref --format='%(upstream)' 'refs/heads/45-new-i18n'
git config --local --get remote.origin.url
git symbolic-ref -q HEAD
git for-each-ref --format='%(upstream)' 'refs/heads/45-new-i18n'
git config --local --get remote.origin.url
git symbolic-ref -q HEAD
git for-each-ref --format='%(upstream)' 'refs/heads/45-new-i18n'
git config --local --get remote.origin.url
git symbolic-ref -q HEAD
git for-each-ref --format='%(upstream)' 'refs/heads/45-new-i18n'
git config --local --get remote.origin.url
Failed to connect to provider "No token found for host github.com"
git rev-parse --abbrev-ref HEAD
git symbolic-ref -q HEAD
git config --get branch.45-new-i18n.merge
git for-each-ref --format='%(upstream)' 'refs/heads/45-new-i18n'
git config --local --get remote.origin.url
git symbolic-ref -q HEAD
git for-each-ref --format='%(upstream)' 'refs/heads/45-new-i18n'
git config --local --get remote.origin.url
git symbolic-ref -q HEAD
git for-each-ref --format='%(upstream)' 'refs/heads/45-new-i18n'
git config --local --get remote.origin.url
git symbolic-ref -q HEAD
git for-each-ref --format='%(upstream)' 'refs/heads/45-new-i18n'
git config --local --get remote.origin.url
No token found for host github.com
Error: No token found for host github.com
	at Object.<anonymous> (/home/bo7owers/.vscode-oss/extensions/knisterpeter.vscode-github-0.30.7-universal/out/src/provider/client.js:24:19)
	at Generator.next (<anonymous>)
	at fulfilled (/home/bo7owers/.vscode-oss/extensions/knisterpeter.vscode-github-0.30.7-universal/out/src/provider/client.js:5:58)
	at process.processTicksAndRejections (node:internal/process/task_queues:96:5)
