2023-01-28 18:21:24.603 [info] Log level: Info
2023-01-28 18:21:24.603 [info] Validating found git in: "git"
2023-01-28 18:21:24.603 [info] Using git "" from "git"
2023-01-28 18:21:24.603 [info] > git rev-parse --show-toplevel [11ms]
2023-01-28 18:21:24.603 [info] > git rev-parse --git-dir --git-common-dir [10ms]
2023-01-28 18:21:24.610 [info] Open repository: /home/bo7owers/Documents/websites/vite-apps/vue-portfolio
2023-01-28 18:21:24.628 [info] > git config --get commit.template [11ms]
2023-01-28 18:21:24.628 [info] > git rev-parse --show-toplevel [14ms]
2023-01-28 18:21:24.656 [info] > git rev-parse --show-toplevel [25ms]
2023-01-28 18:21:24.671 [info] > git for-each-ref --format=%(refname)%00%(upstream:short)%00%(objectname)%00%(upstream:track)%00%(upstream:remotename)%00%(upstream:remoteref) refs/heads/52-language-dropdown refs/remotes/52-language-dropdown [22ms]
2023-01-28 18:21:24.686 [info] > git status -z -uall [11ms]
2023-01-28 18:21:24.686 [info] > git rev-parse --show-toplevel [26ms]
2023-01-28 18:21:24.696 [info] > git for-each-ref --sort -committerdate --format %(refname) %(objectname) %(*objectname) [18ms]
2023-01-28 18:21:24.708 [info] > git rev-parse --show-toplevel [18ms]
2023-01-28 18:21:24.716 [info] > git rev-parse --show-toplevel [5ms]
2023-01-28 18:21:24.717 [info] > git config --get commit.template [13ms]
2023-01-28 18:21:24.978 [info] > git for-each-ref --format=%(refname)%00%(upstream:short)%00%(objectname)%00%(upstream:track)%00%(upstream:remotename)%00%(upstream:remoteref) refs/heads/52-language-dropdown refs/remotes/52-language-dropdown [68ms]
2023-01-28 18:21:24.994 [info] > git status -z -uall [8ms]
2023-01-28 18:21:25.005 [info] > git for-each-ref --sort -committerdate --format %(refname) %(objectname) %(*objectname) [15ms]
2023-01-28 18:21:25.075 [info] > git show --textconv :src/components/Nav/LangDropdown.vue [34ms]
2023-01-28 18:21:25.076 [info] > git ls-files --stage -- /home/bo7owers/Documents/websites/vite-apps/vue-portfolio/src/components/Nav/LangDropdown.vue [31ms]
2023-01-28 18:21:25.087 [info] > git cat-file -s 0f04ac8e7a4b4151089b0b24407defacc3c8ff7e [7ms]
2023-01-28 18:21:25.238 [info] > git check-ignore -v -z --stdin [3ms]
2023-01-28 18:21:25.242 [info] > git fetch [632ms]
2023-01-28 18:21:25.256 [info] > git config --get commit.template [4ms]
2023-01-28 18:21:25.275 [info] > git for-each-ref --format=%(refname)%00%(upstream:short)%00%(objectname)%00%(upstream:track)%00%(upstream:remotename)%00%(upstream:remoteref) refs/heads/52-language-dropdown refs/remotes/52-language-dropdown [8ms]
2023-01-28 18:21:25.284 [info] > git status -z -uall [4ms]
2023-01-28 18:21:25.287 [info] > git for-each-ref --sort -committerdate --format %(refname) %(objectname) %(*objectname) [4ms]
2023-01-28 18:21:25.314 [info] > git config --local branch.52-language-dropdown.github-pr-owner-number [1ms]
2023-01-28 18:21:28.727 [info] > git ls-files --stage -- /home/bo7owers/Documents/websites/vite-apps/vue-portfolio/src/components/Nav/LangDropdown.vue [1ms]
2023-01-28 18:21:28.731 [info] > git cat-file -s 0f04ac8e7a4b4151089b0b24407defacc3c8ff7e [0ms]
2023-01-28 18:21:28.739 [info] > git show --textconv :src/components/Nav/LangDropdown.vue [1ms]
2023-01-28 18:23:34.451 [info] > git config --get commit.template [4ms]
2023-01-28 18:23:34.451 [info] > git for-each-ref --format=%(refname)%00%(upstream:short)%00%(objectname)%00%(upstream:track)%00%(upstream:remotename)%00%(upstream:remoteref) refs/heads/52-language-dropdown refs/remotes/52-language-dropdown [0ms]
2023-01-28 18:23:34.458 [info] > git status -z -uall [3ms]
2023-01-28 18:23:34.459 [info] > git for-each-ref --sort -committerdate --format %(refname) %(objectname) %(*objectname) [1ms]
