2023-01-29 17:14:11.195 [info] Extension host with pid 8783 started
2023-01-29 17:14:11.195 [info] Skipping acquiring lock for /home/bo7owers/.config/VSCodium/User/workspaceStorage/a97002f6030ad8138c6c800dacf80554.
2023-01-29 17:14:11.291 [info] ExtensionService#_doActivateExtension Vue.volar, startup: false, activationEvent: 'onLanguage:plaintext'
2023-01-29 17:14:11.291 [info] ExtensionService#_doActivateExtension antfu.iconify, startup: false, activationEvent: 'onLanguage:vue'
2023-01-29 17:14:11.291 [info] ExtensionService#_doActivateExtension vscode.npm, startup: false, activationEvent: 'onLanguage:vue', root cause: esbenp.prettier-vscode
2023-01-29 17:14:11.292 [info] ExtensionService#_doActivateExtension lokalise.i18n-ally, startup: false, activationEvent: 'onLanguage:vue'
2023-01-29 17:14:11.292 [info] ExtensionService#_doActivateExtension vscode.git-base, startup: true, activationEvent: '*', root cause: vscode.git
2023-01-29 17:14:11.292 [info] ExtensionService#_doActivateExtension KnisterPeter.vscode-github, startup: true, activationEvent: '*'
2023-01-29 17:14:11.292 [info] ExtensionService#_doActivateExtension yandeu.five-server, startup: true, activationEvent: '*'
2023-01-29 17:14:11.893 [info] ExtensionService#_doActivateExtension vscode.git, startup: true, activationEvent: '*'
2023-01-29 17:14:11.893 [info] ExtensionService#_doActivateExtension vscode.github, startup: true, activationEvent: '*'
2023-01-29 17:14:12.023 [info] ExtensionService#_doActivateExtension esbenp.prettier-vscode, startup: false, activationEvent: 'onLanguage:vue'
2023-01-29 17:14:12.096 [info] Eager extensions activated
2023-01-29 17:14:12.124 [info] ExtensionService#_doActivateExtension vscode.debug-auto-launch, startup: false, activationEvent: 'onStartupFinished'
2023-01-29 17:14:12.125 [info] ExtensionService#_doActivateExtension vscode.emmet, startup: false, activationEvent: 'onStartupFinished'
2023-01-29 17:14:12.125 [info] ExtensionService#_doActivateExtension vscode.merge-conflict, startup: false, activationEvent: 'onStartupFinished'
2023-01-29 17:14:12.125 [info] ExtensionService#_doActivateExtension bradlc.vscode-tailwindcss, startup: false, activationEvent: 'onStartupFinished'
2023-01-29 17:14:12.125 [info] ExtensionService#_doActivateExtension eamodio.gitlens, startup: false, activationEvent: 'onStartupFinished'
2023-01-29 17:14:12.125 [info] ExtensionService#_doActivateExtension vscode.github-authentication, startup: false, activationEvent: 'onStartupFinished', root cause: GitHub.vscode-pull-request-github
2023-01-29 17:14:12.125 [info] ExtensionService#_doActivateExtension PKief.material-icon-theme, startup: false, activationEvent: 'onStartupFinished'
2023-01-29 17:14:12.125 [info] ExtensionService#_doActivateExtension voorjaar.windicss-intellisense, startup: false, activationEvent: 'onStartupFinished'
2023-01-29 17:14:12.424 [info] ExtensionService#_doActivateExtension GitHub.vscode-pull-request-github, startup: false, activationEvent: 'onStartupFinished'
2023-01-29 17:19:09.974 [info] Extension host terminating: received terminate message from renderer
2023-01-29 17:19:09.995 [warning] {"name":"Canceled"}
2023-01-29 17:19:09.996 [info] Extension host with pid 8783 exiting with code 0
