["INFO" - 8:47:04 p.m.] Extension Name: esbenp.prettier-vscode.
["INFO" - 8:47:04 p.m.] Extension Version: 9.10.4.
["INFO" - 8:48:29 p.m.] Formatting file:///home/bo7owers/Documents/websites/vite-apps/vue-portfolio/src/locales/es.json
["INFO" - 8:48:29 p.m.] Using ignore file (if present) at /home/bo7owers/Documents/websites/vite-apps/vue-portfolio/.prettierignore
["INFO" - 8:48:29 p.m.] File Info:
{
  "ignored": false,
  "inferredParser": "json"
}
["INFO" - 8:48:29 p.m.] No local configuration (i.e. .prettierrc or .editorconfig) detected, falling back to VS Code configuration
["INFO" - 8:48:29 p.m.] Prettier Options:
{
  "arrowParens": "always",
  "bracketSpacing": true,
  "endOfLine": "lf",
  "htmlWhitespaceSensitivity": "css",
  "insertPragma": false,
  "singleAttributePerLine": false,
  "bracketSameLine": false,
  "jsxBracketSameLine": false,
  "jsxSingleQuote": true,
  "printWidth": 80,
  "proseWrap": "preserve",
  "quoteProps": "as-needed",
  "requirePragma": false,
  "semi": false,
  "singleQuote": true,
  "tabWidth": 4,
  "trailingComma": "es5",
  "useTabs": false,
  "vueIndentScriptAndStyle": false,
  "filepath": "/home/bo7owers/Documents/websites/vite-apps/vue-portfolio/src/locales/es.json",
  "parser": "json"
}
["INFO" - 8:48:29 p.m.] Formatting completed in 63ms.
["INFO" - 8:48:45 p.m.] Formatting file:///home/bo7owers/Documents/websites/vite-apps/vue-portfolio/src/locales/fr.json
["INFO" - 8:48:45 p.m.] Using ignore file (if present) at /home/bo7owers/Documents/websites/vite-apps/vue-portfolio/.prettierignore
["INFO" - 8:48:45 p.m.] File Info:
{
  "ignored": false,
  "inferredParser": "json"
}
["INFO" - 8:48:45 p.m.] No local configuration (i.e. .prettierrc or .editorconfig) detected, falling back to VS Code configuration
["INFO" - 8:48:45 p.m.] Prettier Options:
{
  "arrowParens": "always",
  "bracketSpacing": true,
  "endOfLine": "lf",
  "htmlWhitespaceSensitivity": "css",
  "insertPragma": false,
  "singleAttributePerLine": false,
  "bracketSameLine": false,
  "jsxBracketSameLine": false,
  "jsxSingleQuote": true,
  "printWidth": 80,
  "proseWrap": "preserve",
  "quoteProps": "as-needed",
  "requirePragma": false,
  "semi": false,
  "singleQuote": true,
  "tabWidth": 4,
  "trailingComma": "es5",
  "useTabs": false,
  "vueIndentScriptAndStyle": false,
  "filepath": "/home/bo7owers/Documents/websites/vite-apps/vue-portfolio/src/locales/fr.json",
  "parser": "json"
}
["INFO" - 8:48:45 p.m.] Formatting completed in 9ms.
["INFO" - 8:49:23 p.m.] Formatting file:///home/bo7owers/Documents/websites/vite-apps/vue-portfolio/src/components/ExternalLink.vue
["INFO" - 8:49:23 p.m.] Using ignore file (if present) at /home/bo7owers/Documents/websites/vite-apps/vue-portfolio/.prettierignore
["INFO" - 8:49:23 p.m.] File Info:
{
  "ignored": false,
  "inferredParser": "vue"
}
["INFO" - 8:49:23 p.m.] No local configuration (i.e. .prettierrc or .editorconfig) detected, falling back to VS Code configuration
["INFO" - 8:49:23 p.m.] Prettier Options:
{
  "arrowParens": "always",
  "bracketSpacing": true,
  "endOfLine": "lf",
  "htmlWhitespaceSensitivity": "css",
  "insertPragma": false,
  "singleAttributePerLine": false,
  "bracketSameLine": false,
  "jsxBracketSameLine": false,
  "jsxSingleQuote": true,
  "printWidth": 80,
  "proseWrap": "preserve",
  "quoteProps": "as-needed",
  "requirePragma": false,
  "semi": false,
  "singleQuote": true,
  "tabWidth": 4,
  "trailingComma": "es5",
  "useTabs": false,
  "vueIndentScriptAndStyle": false,
  "filepath": "/home/bo7owers/Documents/websites/vite-apps/vue-portfolio/src/components/ExternalLink.vue",
  "parser": "vue"
}
["INFO" - 8:49:23 p.m.] Formatting completed in 130ms.
["INFO" - 8:49:33 p.m.] Formatting file:///home/bo7owers/Documents/websites/vite-apps/vue-portfolio/src/components/ExternalLink.vue
["INFO" - 8:49:33 p.m.] Using ignore file (if present) at /home/bo7owers/Documents/websites/vite-apps/vue-portfolio/.prettierignore
["INFO" - 8:49:33 p.m.] File Info:
{
  "ignored": false,
  "inferredParser": "vue"
}
["INFO" - 8:49:33 p.m.] No local configuration (i.e. .prettierrc or .editorconfig) detected, falling back to VS Code configuration
["INFO" - 8:49:33 p.m.] Prettier Options:
{
  "arrowParens": "always",
  "bracketSpacing": true,
  "endOfLine": "lf",
  "htmlWhitespaceSensitivity": "css",
  "insertPragma": false,
  "singleAttributePerLine": false,
  "bracketSameLine": false,
  "jsxBracketSameLine": false,
  "jsxSingleQuote": true,
  "printWidth": 80,
  "proseWrap": "preserve",
  "quoteProps": "as-needed",
  "requirePragma": false,
  "semi": false,
  "singleQuote": true,
  "tabWidth": 4,
  "trailingComma": "es5",
  "useTabs": false,
  "vueIndentScriptAndStyle": false,
  "filepath": "/home/bo7owers/Documents/websites/vite-apps/vue-portfolio/src/components/ExternalLink.vue",
  "parser": "vue"
}
["INFO" - 8:49:33 p.m.] Formatting completed in 20ms.
["INFO" - 8:49:45 p.m.] Formatting file:///home/bo7owers/Documents/websites/vite-apps/vue-portfolio/src/components/ExternalLink.vue
["INFO" - 8:49:45 p.m.] Using ignore file (if present) at /home/bo7owers/Documents/websites/vite-apps/vue-portfolio/.prettierignore
["INFO" - 8:49:45 p.m.] File Info:
{
  "ignored": false,
  "inferredParser": "vue"
}
["INFO" - 8:49:45 p.m.] No local configuration (i.e. .prettierrc or .editorconfig) detected, falling back to VS Code configuration
["INFO" - 8:49:45 p.m.] Prettier Options:
{
  "arrowParens": "always",
  "bracketSpacing": true,
  "endOfLine": "lf",
  "htmlWhitespaceSensitivity": "css",
  "insertPragma": false,
  "singleAttributePerLine": false,
  "bracketSameLine": false,
  "jsxBracketSameLine": false,
  "jsxSingleQuote": true,
  "printWidth": 80,
  "proseWrap": "preserve",
  "quoteProps": "as-needed",
  "requirePragma": false,
  "semi": false,
  "singleQuote": true,
  "tabWidth": 4,
  "trailingComma": "es5",
  "useTabs": false,
  "vueIndentScriptAndStyle": false,
  "filepath": "/home/bo7owers/Documents/websites/vite-apps/vue-portfolio/src/components/ExternalLink.vue",
  "parser": "vue"
}
["INFO" - 8:49:45 p.m.] Formatting completed in 18ms.
["INFO" - 8:49:55 p.m.] Formatting file:///home/bo7owers/Documents/websites/vite-apps/vue-portfolio/src/components/ExternalLink.vue
["INFO" - 8:49:55 p.m.] Using ignore file (if present) at /home/bo7owers/Documents/websites/vite-apps/vue-portfolio/.prettierignore
["INFO" - 8:49:55 p.m.] File Info:
{
  "ignored": false,
  "inferredParser": "vue"
}
["INFO" - 8:49:55 p.m.] No local configuration (i.e. .prettierrc or .editorconfig) detected, falling back to VS Code configuration
["INFO" - 8:49:55 p.m.] Prettier Options:
{
  "arrowParens": "always",
  "bracketSpacing": true,
  "endOfLine": "lf",
  "htmlWhitespaceSensitivity": "css",
  "insertPragma": false,
  "singleAttributePerLine": false,
  "bracketSameLine": false,
  "jsxBracketSameLine": false,
  "jsxSingleQuote": true,
  "printWidth": 80,
  "proseWrap": "preserve",
  "quoteProps": "as-needed",
  "requirePragma": false,
  "semi": false,
  "singleQuote": true,
  "tabWidth": 4,
  "trailingComma": "es5",
  "useTabs": false,
  "vueIndentScriptAndStyle": false,
  "filepath": "/home/bo7owers/Documents/websites/vite-apps/vue-portfolio/src/components/ExternalLink.vue",
  "parser": "vue"
}
["INFO" - 8:49:55 p.m.] Formatting completed in 14ms.
["INFO" - 8:49:59 p.m.] Formatting file:///home/bo7owers/Documents/websites/vite-apps/vue-portfolio/src/components/ExternalLink.vue
["INFO" - 8:49:59 p.m.] Using ignore file (if present) at /home/bo7owers/Documents/websites/vite-apps/vue-portfolio/.prettierignore
["INFO" - 8:49:59 p.m.] File Info:
{
  "ignored": false,
  "inferredParser": "vue"
}
["INFO" - 8:49:59 p.m.] No local configuration (i.e. .prettierrc or .editorconfig) detected, falling back to VS Code configuration
["INFO" - 8:49:59 p.m.] Prettier Options:
{
  "arrowParens": "always",
  "bracketSpacing": true,
  "endOfLine": "lf",
  "htmlWhitespaceSensitivity": "css",
  "insertPragma": false,
  "singleAttributePerLine": false,
  "bracketSameLine": false,
  "jsxBracketSameLine": false,
  "jsxSingleQuote": true,
  "printWidth": 80,
  "proseWrap": "preserve",
  "quoteProps": "as-needed",
  "requirePragma": false,
  "semi": false,
  "singleQuote": true,
  "tabWidth": 4,
  "trailingComma": "es5",
  "useTabs": false,
  "vueIndentScriptAndStyle": false,
  "filepath": "/home/bo7owers/Documents/websites/vite-apps/vue-portfolio/src/components/ExternalLink.vue",
  "parser": "vue"
}
["INFO" - 8:49:59 p.m.] Formatting completed in 21ms.
["INFO" - 8:50:14 p.m.] Formatting file:///home/bo7owers/Documents/websites/vite-apps/vue-portfolio/src/components/ExternalLink.vue
["INFO" - 8:50:14 p.m.] Using ignore file (if present) at /home/bo7owers/Documents/websites/vite-apps/vue-portfolio/.prettierignore
["INFO" - 8:50:14 p.m.] File Info:
{
  "ignored": false,
  "inferredParser": "vue"
}
["INFO" - 8:50:14 p.m.] No local configuration (i.e. .prettierrc or .editorconfig) detected, falling back to VS Code configuration
["INFO" - 8:50:14 p.m.] Prettier Options:
{
  "arrowParens": "always",
  "bracketSpacing": true,
  "endOfLine": "lf",
  "htmlWhitespaceSensitivity": "css",
  "insertPragma": false,
  "singleAttributePerLine": false,
  "bracketSameLine": false,
  "jsxBracketSameLine": false,
  "jsxSingleQuote": true,
  "printWidth": 80,
  "proseWrap": "preserve",
  "quoteProps": "as-needed",
  "requirePragma": false,
  "semi": false,
  "singleQuote": true,
  "tabWidth": 4,
  "trailingComma": "es5",
  "useTabs": false,
  "vueIndentScriptAndStyle": false,
  "filepath": "/home/bo7owers/Documents/websites/vite-apps/vue-portfolio/src/components/ExternalLink.vue",
  "parser": "vue"
}
["INFO" - 8:50:14 p.m.] Formatting completed in 20ms.
["INFO" - 8:50:27 p.m.] Formatting file:///home/bo7owers/Documents/websites/vite-apps/vue-portfolio/src/components/ExternalLink.vue
["INFO" - 8:50:27 p.m.] Using ignore file (if present) at /home/bo7owers/Documents/websites/vite-apps/vue-portfolio/.prettierignore
["INFO" - 8:50:27 p.m.] File Info:
{
  "ignored": false,
  "inferredParser": "vue"
}
["INFO" - 8:50:27 p.m.] No local configuration (i.e. .prettierrc or .editorconfig) detected, falling back to VS Code configuration
["INFO" - 8:50:27 p.m.] Prettier Options:
{
  "arrowParens": "always",
  "bracketSpacing": true,
  "endOfLine": "lf",
  "htmlWhitespaceSensitivity": "css",
  "insertPragma": false,
  "singleAttributePerLine": false,
  "bracketSameLine": false,
  "jsxBracketSameLine": false,
  "jsxSingleQuote": true,
  "printWidth": 80,
  "proseWrap": "preserve",
  "quoteProps": "as-needed",
  "requirePragma": false,
  "semi": false,
  "singleQuote": true,
  "tabWidth": 4,
  "trailingComma": "es5",
  "useTabs": false,
  "vueIndentScriptAndStyle": false,
  "filepath": "/home/bo7owers/Documents/websites/vite-apps/vue-portfolio/src/components/ExternalLink.vue",
  "parser": "vue"
}
["INFO" - 8:50:27 p.m.] Formatting completed in 17ms.
["INFO" - 8:50:39 p.m.] Formatting file:///home/bo7owers/Documents/websites/vite-apps/vue-portfolio/src/components/ExternalLink.vue
["INFO" - 8:50:39 p.m.] Using ignore file (if present) at /home/bo7owers/Documents/websites/vite-apps/vue-portfolio/.prettierignore
["INFO" - 8:50:39 p.m.] File Info:
{
  "ignored": false,
  "inferredParser": "vue"
}
["INFO" - 8:50:39 p.m.] No local configuration (i.e. .prettierrc or .editorconfig) detected, falling back to VS Code configuration
["INFO" - 8:50:39 p.m.] Prettier Options:
{
  "arrowParens": "always",
  "bracketSpacing": true,
  "endOfLine": "lf",
  "htmlWhitespaceSensitivity": "css",
  "insertPragma": false,
  "singleAttributePerLine": false,
  "bracketSameLine": false,
  "jsxBracketSameLine": false,
  "jsxSingleQuote": true,
  "printWidth": 80,
  "proseWrap": "preserve",
  "quoteProps": "as-needed",
  "requirePragma": false,
  "semi": false,
  "singleQuote": true,
  "tabWidth": 4,
  "trailingComma": "es5",
  "useTabs": false,
  "vueIndentScriptAndStyle": false,
  "filepath": "/home/bo7owers/Documents/websites/vite-apps/vue-portfolio/src/components/ExternalLink.vue",
  "parser": "vue"
}
["INFO" - 8:50:39 p.m.] Formatting completed in 16ms.
["INFO" - 8:51:20 p.m.] Formatting file:///home/bo7owers/Documents/websites/vite-apps/vue-portfolio/src/components/ExternalLink.vue
["INFO" - 8:51:20 p.m.] Using ignore file (if present) at /home/bo7owers/Documents/websites/vite-apps/vue-portfolio/.prettierignore
["INFO" - 8:51:20 p.m.] File Info:
{
  "ignored": false,
  "inferredParser": "vue"
}
["INFO" - 8:51:20 p.m.] No local configuration (i.e. .prettierrc or .editorconfig) detected, falling back to VS Code configuration
["INFO" - 8:51:20 p.m.] Prettier Options:
{
  "arrowParens": "always",
  "bracketSpacing": true,
  "endOfLine": "lf",
  "htmlWhitespaceSensitivity": "css",
  "insertPragma": false,
  "singleAttributePerLine": false,
  "bracketSameLine": false,
  "jsxBracketSameLine": false,
  "jsxSingleQuote": true,
  "printWidth": 80,
  "proseWrap": "preserve",
  "quoteProps": "as-needed",
  "requirePragma": false,
  "semi": false,
  "singleQuote": true,
  "tabWidth": 4,
  "trailingComma": "es5",
  "useTabs": false,
  "vueIndentScriptAndStyle": false,
  "filepath": "/home/bo7owers/Documents/websites/vite-apps/vue-portfolio/src/components/ExternalLink.vue",
  "parser": "vue"
}
["INFO" - 8:51:20 p.m.] Formatting completed in 25ms.
["INFO" - 8:51:29 p.m.] Formatting file:///home/bo7owers/Documents/websites/vite-apps/vue-portfolio/src/components/ExternalLink.vue
["INFO" - 8:51:29 p.m.] Using ignore file (if present) at /home/bo7owers/Documents/websites/vite-apps/vue-portfolio/.prettierignore
["INFO" - 8:51:29 p.m.] File Info:
{
  "ignored": false,
  "inferredParser": "vue"
}
["INFO" - 8:51:29 p.m.] No local configuration (i.e. .prettierrc or .editorconfig) detected, falling back to VS Code configuration
["INFO" - 8:51:29 p.m.] Prettier Options:
{
  "arrowParens": "always",
  "bracketSpacing": true,
  "endOfLine": "lf",
  "htmlWhitespaceSensitivity": "css",
  "insertPragma": false,
  "singleAttributePerLine": false,
  "bracketSameLine": false,
  "jsxBracketSameLine": false,
  "jsxSingleQuote": true,
  "printWidth": 80,
  "proseWrap": "preserve",
  "quoteProps": "as-needed",
  "requirePragma": false,
  "semi": false,
  "singleQuote": true,
  "tabWidth": 4,
  "trailingComma": "es5",
  "useTabs": false,
  "vueIndentScriptAndStyle": false,
  "filepath": "/home/bo7owers/Documents/websites/vite-apps/vue-portfolio/src/components/ExternalLink.vue",
  "parser": "vue"
}
["INFO" - 8:51:29 p.m.] Formatting completed in 22ms.
["INFO" - 8:51:40 p.m.] Formatting file:///home/bo7owers/Documents/websites/vite-apps/vue-portfolio/src/components/ExternalLink.vue
["INFO" - 8:51:40 p.m.] Using ignore file (if present) at /home/bo7owers/Documents/websites/vite-apps/vue-portfolio/.prettierignore
["INFO" - 8:51:40 p.m.] File Info:
{
  "ignored": false,
  "inferredParser": "vue"
}
["INFO" - 8:51:40 p.m.] No local configuration (i.e. .prettierrc or .editorconfig) detected, falling back to VS Code configuration
["INFO" - 8:51:40 p.m.] Prettier Options:
{
  "arrowParens": "always",
  "bracketSpacing": true,
  "endOfLine": "lf",
  "htmlWhitespaceSensitivity": "css",
  "insertPragma": false,
  "singleAttributePerLine": false,
  "bracketSameLine": false,
  "jsxBracketSameLine": false,
  "jsxSingleQuote": true,
  "printWidth": 80,
  "proseWrap": "preserve",
  "quoteProps": "as-needed",
  "requirePragma": false,
  "semi": false,
  "singleQuote": true,
  "tabWidth": 4,
  "trailingComma": "es5",
  "useTabs": false,
  "vueIndentScriptAndStyle": false,
  "filepath": "/home/bo7owers/Documents/websites/vite-apps/vue-portfolio/src/components/ExternalLink.vue",
  "parser": "vue"
}
["INFO" - 8:51:41 p.m.] Formatting completed in 14ms.
["INFO" - 8:51:54 p.m.] Formatting file:///home/bo7owers/Documents/websites/vite-apps/vue-portfolio/src/components/ExternalLink.vue
["INFO" - 8:51:54 p.m.] Using ignore file (if present) at /home/bo7owers/Documents/websites/vite-apps/vue-portfolio/.prettierignore
["INFO" - 8:51:54 p.m.] File Info:
{
  "ignored": false,
  "inferredParser": "vue"
}
["INFO" - 8:51:54 p.m.] No local configuration (i.e. .prettierrc or .editorconfig) detected, falling back to VS Code configuration
["INFO" - 8:51:54 p.m.] Prettier Options:
{
  "arrowParens": "always",
  "bracketSpacing": true,
  "endOfLine": "lf",
  "htmlWhitespaceSensitivity": "css",
  "insertPragma": false,
  "singleAttributePerLine": false,
  "bracketSameLine": false,
  "jsxBracketSameLine": false,
  "jsxSingleQuote": true,
  "printWidth": 80,
  "proseWrap": "preserve",
  "quoteProps": "as-needed",
  "requirePragma": false,
  "semi": false,
  "singleQuote": true,
  "tabWidth": 4,
  "trailingComma": "es5",
  "useTabs": false,
  "vueIndentScriptAndStyle": false,
  "filepath": "/home/bo7owers/Documents/websites/vite-apps/vue-portfolio/src/components/ExternalLink.vue",
  "parser": "vue"
}
["INFO" - 8:51:54 p.m.] Formatting completed in 20ms.
["INFO" - 8:52:03 p.m.] Formatting file:///home/bo7owers/Documents/websites/vite-apps/vue-portfolio/src/components/ExternalLink.vue
["INFO" - 8:52:03 p.m.] Using ignore file (if present) at /home/bo7owers/Documents/websites/vite-apps/vue-portfolio/.prettierignore
["INFO" - 8:52:03 p.m.] File Info:
{
  "ignored": false,
  "inferredParser": "vue"
}
["INFO" - 8:52:03 p.m.] No local configuration (i.e. .prettierrc or .editorconfig) detected, falling back to VS Code configuration
["INFO" - 8:52:03 p.m.] Prettier Options:
{
  "arrowParens": "always",
  "bracketSpacing": true,
  "endOfLine": "lf",
  "htmlWhitespaceSensitivity": "css",
  "insertPragma": false,
  "singleAttributePerLine": false,
  "bracketSameLine": false,
  "jsxBracketSameLine": false,
  "jsxSingleQuote": true,
  "printWidth": 80,
  "proseWrap": "preserve",
  "quoteProps": "as-needed",
  "requirePragma": false,
  "semi": false,
  "singleQuote": true,
  "tabWidth": 4,
  "trailingComma": "es5",
  "useTabs": false,
  "vueIndentScriptAndStyle": false,
  "filepath": "/home/bo7owers/Documents/websites/vite-apps/vue-portfolio/src/components/ExternalLink.vue",
  "parser": "vue"
}
["INFO" - 8:52:03 p.m.] Formatting completed in 16ms.
["INFO" - 8:52:28 p.m.] Formatting file:///home/bo7owers/Documents/websites/vite-apps/vue-portfolio/src/components/ExternalLink.vue
["INFO" - 8:52:28 p.m.] Using ignore file (if present) at /home/bo7owers/Documents/websites/vite-apps/vue-portfolio/.prettierignore
["INFO" - 8:52:28 p.m.] File Info:
{
  "ignored": false,
  "inferredParser": "vue"
}
["INFO" - 8:52:28 p.m.] No local configuration (i.e. .prettierrc or .editorconfig) detected, falling back to VS Code configuration
["INFO" - 8:52:28 p.m.] Prettier Options:
{
  "arrowParens": "always",
  "bracketSpacing": true,
  "endOfLine": "lf",
  "htmlWhitespaceSensitivity": "css",
  "insertPragma": false,
  "singleAttributePerLine": false,
  "bracketSameLine": false,
  "jsxBracketSameLine": false,
  "jsxSingleQuote": true,
  "printWidth": 80,
  "proseWrap": "preserve",
  "quoteProps": "as-needed",
  "requirePragma": false,
  "semi": false,
  "singleQuote": true,
  "tabWidth": 4,
  "trailingComma": "es5",
  "useTabs": false,
  "vueIndentScriptAndStyle": false,
  "filepath": "/home/bo7owers/Documents/websites/vite-apps/vue-portfolio/src/components/ExternalLink.vue",
  "parser": "vue"
}
["INFO" - 8:52:28 p.m.] Formatting completed in 11ms.
["INFO" - 8:52:32 p.m.] Formatting file:///home/bo7owers/Documents/websites/vite-apps/vue-portfolio/src/components/ExternalLink.vue
["INFO" - 8:52:32 p.m.] Using ignore file (if present) at /home/bo7owers/Documents/websites/vite-apps/vue-portfolio/.prettierignore
["INFO" - 8:52:32 p.m.] File Info:
{
  "ignored": false,
  "inferredParser": "vue"
}
["INFO" - 8:52:32 p.m.] No local configuration (i.e. .prettierrc or .editorconfig) detected, falling back to VS Code configuration
["INFO" - 8:52:32 p.m.] Prettier Options:
{
  "arrowParens": "always",
  "bracketSpacing": true,
  "endOfLine": "lf",
  "htmlWhitespaceSensitivity": "css",
  "insertPragma": false,
  "singleAttributePerLine": false,
  "bracketSameLine": false,
  "jsxBracketSameLine": false,
  "jsxSingleQuote": true,
  "printWidth": 80,
  "proseWrap": "preserve",
  "quoteProps": "as-needed",
  "requirePragma": false,
  "semi": false,
  "singleQuote": true,
  "tabWidth": 4,
  "trailingComma": "es5",
  "useTabs": false,
  "vueIndentScriptAndStyle": false,
  "filepath": "/home/bo7owers/Documents/websites/vite-apps/vue-portfolio/src/components/ExternalLink.vue",
  "parser": "vue"
}
["INFO" - 8:52:32 p.m.] Formatting completed in 14ms.
["INFO" - 8:52:37 p.m.] Formatting file:///home/bo7owers/Documents/websites/vite-apps/vue-portfolio/src/components/ExternalLink.vue
["INFO" - 8:52:37 p.m.] Using ignore file (if present) at /home/bo7owers/Documents/websites/vite-apps/vue-portfolio/.prettierignore
["INFO" - 8:52:37 p.m.] File Info:
{
  "ignored": false,
  "inferredParser": "vue"
}
["INFO" - 8:52:37 p.m.] No local configuration (i.e. .prettierrc or .editorconfig) detected, falling back to VS Code configuration
["INFO" - 8:52:37 p.m.] Prettier Options:
{
  "arrowParens": "always",
  "bracketSpacing": true,
  "endOfLine": "lf",
  "htmlWhitespaceSensitivity": "css",
  "insertPragma": false,
  "singleAttributePerLine": false,
  "bracketSameLine": false,
  "jsxBracketSameLine": false,
  "jsxSingleQuote": true,
  "printWidth": 80,
  "proseWrap": "preserve",
  "quoteProps": "as-needed",
  "requirePragma": false,
  "semi": false,
  "singleQuote": true,
  "tabWidth": 4,
  "trailingComma": "es5",
  "useTabs": false,
  "vueIndentScriptAndStyle": false,
  "filepath": "/home/bo7owers/Documents/websites/vite-apps/vue-portfolio/src/components/ExternalLink.vue",
  "parser": "vue"
}
["INFO" - 8:52:37 p.m.] Formatting completed in 15ms.
["INFO" - 9:02:36 p.m.] Formatting file:///home/bo7owers/Documents/websites/vite-apps/vue-portfolio/src/components/Navigation.vue
["INFO" - 9:02:36 p.m.] Using ignore file (if present) at /home/bo7owers/Documents/websites/vite-apps/vue-portfolio/.prettierignore
["INFO" - 9:02:36 p.m.] File Info:
{
  "ignored": false,
  "inferredParser": "vue"
}
["INFO" - 9:02:36 p.m.] No local configuration (i.e. .prettierrc or .editorconfig) detected, falling back to VS Code configuration
["INFO" - 9:02:36 p.m.] Prettier Options:
{
  "arrowParens": "always",
  "bracketSpacing": true,
  "endOfLine": "lf",
  "htmlWhitespaceSensitivity": "css",
  "insertPragma": false,
  "singleAttributePerLine": false,
  "bracketSameLine": false,
  "jsxBracketSameLine": false,
  "jsxSingleQuote": true,
  "printWidth": 80,
  "proseWrap": "preserve",
  "quoteProps": "as-needed",
  "requirePragma": false,
  "semi": false,
  "singleQuote": true,
  "tabWidth": 4,
  "trailingComma": "es5",
  "useTabs": false,
  "vueIndentScriptAndStyle": false,
  "filepath": "/home/bo7owers/Documents/websites/vite-apps/vue-portfolio/src/components/Navigation.vue",
  "parser": "vue"
}
["INFO" - 9:02:36 p.m.] Formatting completed in 105ms.
["INFO" - 9:02:45 p.m.] Formatting file:///home/bo7owers/Documents/websites/vite-apps/vue-portfolio/src/components/Navigation.vue
["INFO" - 9:02:45 p.m.] Using ignore file (if present) at /home/bo7owers/Documents/websites/vite-apps/vue-portfolio/.prettierignore
["INFO" - 9:02:45 p.m.] File Info:
{
  "ignored": false,
  "inferredParser": "vue"
}
["INFO" - 9:02:45 p.m.] No local configuration (i.e. .prettierrc or .editorconfig) detected, falling back to VS Code configuration
["INFO" - 9:02:45 p.m.] Prettier Options:
{
  "arrowParens": "always",
  "bracketSpacing": true,
  "endOfLine": "lf",
  "htmlWhitespaceSensitivity": "css",
  "insertPragma": false,
  "singleAttributePerLine": false,
  "bracketSameLine": false,
  "jsxBracketSameLine": false,
  "jsxSingleQuote": true,
  "printWidth": 80,
  "proseWrap": "preserve",
  "quoteProps": "as-needed",
  "requirePragma": false,
  "semi": false,
  "singleQuote": true,
  "tabWidth": 4,
  "trailingComma": "es5",
  "useTabs": false,
  "vueIndentScriptAndStyle": false,
  "filepath": "/home/bo7owers/Documents/websites/vite-apps/vue-portfolio/src/components/Navigation.vue",
  "parser": "vue"
}
["INFO" - 9:02:45 p.m.] Formatting completed in 50ms.
["INFO" - 9:03:08 p.m.] Formatting file:///home/bo7owers/Documents/websites/vite-apps/vue-portfolio/src/components/Navigation.vue
["INFO" - 9:03:08 p.m.] Using ignore file (if present) at /home/bo7owers/Documents/websites/vite-apps/vue-portfolio/.prettierignore
["INFO" - 9:03:08 p.m.] File Info:
{
  "ignored": false,
  "inferredParser": "vue"
}
["INFO" - 9:03:08 p.m.] No local configuration (i.e. .prettierrc or .editorconfig) detected, falling back to VS Code configuration
["INFO" - 9:03:08 p.m.] Prettier Options:
{
  "arrowParens": "always",
  "bracketSpacing": true,
  "endOfLine": "lf",
  "htmlWhitespaceSensitivity": "css",
  "insertPragma": false,
  "singleAttributePerLine": false,
  "bracketSameLine": false,
  "jsxBracketSameLine": false,
  "jsxSingleQuote": true,
  "printWidth": 80,
  "proseWrap": "preserve",
  "quoteProps": "as-needed",
  "requirePragma": false,
  "semi": false,
  "singleQuote": true,
  "tabWidth": 4,
  "trailingComma": "es5",
  "useTabs": false,
  "vueIndentScriptAndStyle": false,
  "filepath": "/home/bo7owers/Documents/websites/vite-apps/vue-portfolio/src/components/Navigation.vue",
  "parser": "vue"
}
["INFO" - 9:03:08 p.m.] Formatting completed in 92ms.
["INFO" - 9:03:46 p.m.] Formatting file:///home/bo7owers/Documents/websites/vite-apps/vue-portfolio/src/components/Navigation.vue
["INFO" - 9:03:46 p.m.] Using ignore file (if present) at /home/bo7owers/Documents/websites/vite-apps/vue-portfolio/.prettierignore
["INFO" - 9:03:46 p.m.] File Info:
{
  "ignored": false,
  "inferredParser": "vue"
}
["INFO" - 9:03:46 p.m.] No local configuration (i.e. .prettierrc or .editorconfig) detected, falling back to VS Code configuration
["INFO" - 9:03:46 p.m.] Prettier Options:
{
  "arrowParens": "always",
  "bracketSpacing": true,
  "endOfLine": "lf",
  "htmlWhitespaceSensitivity": "css",
  "insertPragma": false,
  "singleAttributePerLine": false,
  "bracketSameLine": false,
  "jsxBracketSameLine": false,
  "jsxSingleQuote": true,
  "printWidth": 80,
  "proseWrap": "preserve",
  "quoteProps": "as-needed",
  "requirePragma": false,
  "semi": false,
  "singleQuote": true,
  "tabWidth": 4,
  "trailingComma": "es5",
  "useTabs": false,
  "vueIndentScriptAndStyle": false,
  "filepath": "/home/bo7owers/Documents/websites/vite-apps/vue-portfolio/src/components/Navigation.vue",
  "parser": "vue"
}
["INFO" - 9:03:46 p.m.] Formatting completed in 68ms.
["INFO" - 9:03:50 p.m.] Formatting file:///home/bo7owers/Documents/websites/vite-apps/vue-portfolio/src/components/Navigation.vue
["INFO" - 9:03:50 p.m.] Using ignore file (if present) at /home/bo7owers/Documents/websites/vite-apps/vue-portfolio/.prettierignore
["INFO" - 9:03:50 p.m.] File Info:
{
  "ignored": false,
  "inferredParser": "vue"
}
["INFO" - 9:03:50 p.m.] No local configuration (i.e. .prettierrc or .editorconfig) detected, falling back to VS Code configuration
["INFO" - 9:03:50 p.m.] Prettier Options:
{
  "arrowParens": "always",
  "bracketSpacing": true,
  "endOfLine": "lf",
  "htmlWhitespaceSensitivity": "css",
  "insertPragma": false,
  "singleAttributePerLine": false,
  "bracketSameLine": false,
  "jsxBracketSameLine": false,
  "jsxSingleQuote": true,
  "printWidth": 80,
  "proseWrap": "preserve",
  "quoteProps": "as-needed",
  "requirePragma": false,
  "semi": false,
  "singleQuote": true,
  "tabWidth": 4,
  "trailingComma": "es5",
  "useTabs": false,
  "vueIndentScriptAndStyle": false,
  "filepath": "/home/bo7owers/Documents/websites/vite-apps/vue-portfolio/src/components/Navigation.vue",
  "parser": "vue"
}
["INFO" - 9:03:50 p.m.] Formatting completed in 62ms.
["INFO" - 9:04:06 p.m.] Formatting file:///home/bo7owers/Documents/websites/vite-apps/vue-portfolio/src/components/Navigation.vue
["INFO" - 9:04:06 p.m.] Using ignore file (if present) at /home/bo7owers/Documents/websites/vite-apps/vue-portfolio/.prettierignore
["INFO" - 9:04:06 p.m.] File Info:
{
  "ignored": false,
  "inferredParser": "vue"
}
["INFO" - 9:04:06 p.m.] No local configuration (i.e. .prettierrc or .editorconfig) detected, falling back to VS Code configuration
["INFO" - 9:04:06 p.m.] Prettier Options:
{
  "arrowParens": "always",
  "bracketSpacing": true,
  "endOfLine": "lf",
  "htmlWhitespaceSensitivity": "css",
  "insertPragma": false,
  "singleAttributePerLine": false,
  "bracketSameLine": false,
  "jsxBracketSameLine": false,
  "jsxSingleQuote": true,
  "printWidth": 80,
  "proseWrap": "preserve",
  "quoteProps": "as-needed",
  "requirePragma": false,
  "semi": false,
  "singleQuote": true,
  "tabWidth": 4,
  "trailingComma": "es5",
  "useTabs": false,
  "vueIndentScriptAndStyle": false,
  "filepath": "/home/bo7owers/Documents/websites/vite-apps/vue-portfolio/src/components/Navigation.vue",
  "parser": "vue"
}
["INFO" - 9:04:06 p.m.] Formatting completed in 49ms.
["INFO" - 9:04:19 p.m.] Formatting file:///home/bo7owers/Documents/websites/vite-apps/vue-portfolio/src/components/Navigation.vue
["INFO" - 9:04:19 p.m.] Using ignore file (if present) at /home/bo7owers/Documents/websites/vite-apps/vue-portfolio/.prettierignore
["INFO" - 9:04:19 p.m.] File Info:
{
  "ignored": false,
  "inferredParser": "vue"
}
["INFO" - 9:04:19 p.m.] No local configuration (i.e. .prettierrc or .editorconfig) detected, falling back to VS Code configuration
["INFO" - 9:04:19 p.m.] Prettier Options:
{
  "arrowParens": "always",
  "bracketSpacing": true,
  "endOfLine": "lf",
  "htmlWhitespaceSensitivity": "css",
  "insertPragma": false,
  "singleAttributePerLine": false,
  "bracketSameLine": false,
  "jsxBracketSameLine": false,
  "jsxSingleQuote": true,
  "printWidth": 80,
  "proseWrap": "preserve",
  "quoteProps": "as-needed",
  "requirePragma": false,
  "semi": false,
  "singleQuote": true,
  "tabWidth": 4,
  "trailingComma": "es5",
  "useTabs": false,
  "vueIndentScriptAndStyle": false,
  "filepath": "/home/bo7owers/Documents/websites/vite-apps/vue-portfolio/src/components/Navigation.vue",
  "parser": "vue"
}
["INFO" - 9:04:19 p.m.] Formatting completed in 46ms.
["INFO" - 9:17:10 p.m.] Formatting file:///home/bo7owers/Documents/websites/vite-apps/vue-portfolio/src/components/Nav/LangItem.vue
["INFO" - 9:17:10 p.m.] Using ignore file (if present) at /home/bo7owers/Documents/websites/vite-apps/vue-portfolio/.prettierignore
["INFO" - 9:17:10 p.m.] File Info:
{
  "ignored": false,
  "inferredParser": "vue"
}
["INFO" - 9:17:10 p.m.] No local configuration (i.e. .prettierrc or .editorconfig) detected, falling back to VS Code configuration
["INFO" - 9:17:10 p.m.] Prettier Options:
{
  "arrowParens": "always",
  "bracketSpacing": true,
  "endOfLine": "lf",
  "htmlWhitespaceSensitivity": "css",
  "insertPragma": false,
  "singleAttributePerLine": false,
  "bracketSameLine": false,
  "jsxBracketSameLine": false,
  "jsxSingleQuote": true,
  "printWidth": 80,
  "proseWrap": "preserve",
  "quoteProps": "as-needed",
  "requirePragma": false,
  "semi": false,
  "singleQuote": true,
  "tabWidth": 4,
  "trailingComma": "es5",
  "useTabs": false,
  "vueIndentScriptAndStyle": false,
  "filepath": "/home/bo7owers/Documents/websites/vite-apps/vue-portfolio/src/components/Nav/LangItem.vue",
  "parser": "vue"
}
["INFO" - 9:17:10 p.m.] Formatting completed in 8ms.
["INFO" - 9:17:50 p.m.] Formatting file:///home/bo7owers/Documents/websites/vite-apps/vue-portfolio/src/components/Nav/Navigation.vue
["INFO" - 9:17:50 p.m.] Using ignore file (if present) at /home/bo7owers/Documents/websites/vite-apps/vue-portfolio/.prettierignore
["INFO" - 9:17:50 p.m.] File Info:
{
  "ignored": false,
  "inferredParser": "vue"
}
["INFO" - 9:17:50 p.m.] No local configuration (i.e. .prettierrc or .editorconfig) detected, falling back to VS Code configuration
["INFO" - 9:17:50 p.m.] Prettier Options:
{
  "arrowParens": "always",
  "bracketSpacing": true,
  "endOfLine": "lf",
  "htmlWhitespaceSensitivity": "css",
  "insertPragma": false,
  "singleAttributePerLine": false,
  "bracketSameLine": false,
  "jsxBracketSameLine": false,
  "jsxSingleQuote": true,
  "printWidth": 80,
  "proseWrap": "preserve",
  "quoteProps": "as-needed",
  "requirePragma": false,
  "semi": false,
  "singleQuote": true,
  "tabWidth": 4,
  "trailingComma": "es5",
  "useTabs": false,
  "vueIndentScriptAndStyle": false,
  "filepath": "/home/bo7owers/Documents/websites/vite-apps/vue-portfolio/src/components/Nav/Navigation.vue",
  "parser": "vue"
}
["INFO" - 9:17:50 p.m.] Formatting completed in 80ms.
["INFO" - 9:18:03 p.m.] Formatting file:///home/bo7owers/Documents/websites/vite-apps/vue-portfolio/src/components/Nav/Navigation.vue
["INFO" - 9:18:03 p.m.] Using ignore file (if present) at /home/bo7owers/Documents/websites/vite-apps/vue-portfolio/.prettierignore
["INFO" - 9:18:03 p.m.] File Info:
{
  "ignored": false,
  "inferredParser": "vue"
}
["INFO" - 9:18:03 p.m.] No local configuration (i.e. .prettierrc or .editorconfig) detected, falling back to VS Code configuration
["INFO" - 9:18:03 p.m.] Prettier Options:
{
  "arrowParens": "always",
  "bracketSpacing": true,
  "endOfLine": "lf",
  "htmlWhitespaceSensitivity": "css",
  "insertPragma": false,
  "singleAttributePerLine": false,
  "bracketSameLine": false,
  "jsxBracketSameLine": false,
  "jsxSingleQuote": true,
  "printWidth": 80,
  "proseWrap": "preserve",
  "quoteProps": "as-needed",
  "requirePragma": false,
  "semi": false,
  "singleQuote": true,
  "tabWidth": 4,
  "trailingComma": "es5",
  "useTabs": false,
  "vueIndentScriptAndStyle": false,
  "filepath": "/home/bo7owers/Documents/websites/vite-apps/vue-portfolio/src/components/Nav/Navigation.vue",
  "parser": "vue"
}
["INFO" - 9:18:03 p.m.] Formatting completed in 55ms.
["INFO" - 9:22:32 p.m.] Formatting file:///home/bo7owers/Documents/websites/vite-apps/vue-portfolio/src/components/Nav/LangDropdown.vue
["INFO" - 9:22:32 p.m.] Using ignore file (if present) at /home/bo7owers/Documents/websites/vite-apps/vue-portfolio/.prettierignore
["INFO" - 9:22:32 p.m.] File Info:
{
  "ignored": false,
  "inferredParser": "vue"
}
["INFO" - 9:22:32 p.m.] No local configuration (i.e. .prettierrc or .editorconfig) detected, falling back to VS Code configuration
["INFO" - 9:22:32 p.m.] Prettier Options:
{
  "arrowParens": "always",
  "bracketSpacing": true,
  "endOfLine": "lf",
  "htmlWhitespaceSensitivity": "css",
  "insertPragma": false,
  "singleAttributePerLine": false,
  "bracketSameLine": false,
  "jsxBracketSameLine": false,
  "jsxSingleQuote": true,
  "printWidth": 80,
  "proseWrap": "preserve",
  "quoteProps": "as-needed",
  "requirePragma": false,
  "semi": false,
  "singleQuote": true,
  "tabWidth": 4,
  "trailingComma": "es5",
  "useTabs": false,
  "vueIndentScriptAndStyle": false,
  "filepath": "/home/bo7owers/Documents/websites/vite-apps/vue-portfolio/src/components/Nav/LangDropdown.vue",
  "parser": "vue"
}
["INFO" - 9:22:32 p.m.] Formatting completed in 14ms.
["INFO" - 9:22:56 p.m.] Formatting file:///home/bo7owers/Documents/websites/vite-apps/vue-portfolio/src/components/Nav/LangDropdown.vue
["INFO" - 9:22:56 p.m.] Using ignore file (if present) at /home/bo7owers/Documents/websites/vite-apps/vue-portfolio/.prettierignore
["INFO" - 9:22:56 p.m.] File Info:
{
  "ignored": false,
  "inferredParser": "vue"
}
["INFO" - 9:22:56 p.m.] No local configuration (i.e. .prettierrc or .editorconfig) detected, falling back to VS Code configuration
["INFO" - 9:22:56 p.m.] Prettier Options:
{
  "arrowParens": "always",
  "bracketSpacing": true,
  "endOfLine": "lf",
  "htmlWhitespaceSensitivity": "css",
  "insertPragma": false,
  "singleAttributePerLine": false,
  "bracketSameLine": false,
  "jsxBracketSameLine": false,
  "jsxSingleQuote": true,
  "printWidth": 80,
  "proseWrap": "preserve",
  "quoteProps": "as-needed",
  "requirePragma": false,
  "semi": false,
  "singleQuote": true,
  "tabWidth": 4,
  "trailingComma": "es5",
  "useTabs": false,
  "vueIndentScriptAndStyle": false,
  "filepath": "/home/bo7owers/Documents/websites/vite-apps/vue-portfolio/src/components/Nav/LangDropdown.vue",
  "parser": "vue"
}
["INFO" - 9:22:56 p.m.] Formatting completed in 8ms.
["INFO" - 9:23:10 p.m.] Formatting file:///home/bo7owers/Documents/websites/vite-apps/vue-portfolio/src/components/Nav/Navigation.vue
["INFO" - 9:23:10 p.m.] Using ignore file (if present) at /home/bo7owers/Documents/websites/vite-apps/vue-portfolio/.prettierignore
["INFO" - 9:23:10 p.m.] File Info:
{
  "ignored": false,
  "inferredParser": "vue"
}
["INFO" - 9:23:10 p.m.] No local configuration (i.e. .prettierrc or .editorconfig) detected, falling back to VS Code configuration
["INFO" - 9:23:10 p.m.] Prettier Options:
{
  "arrowParens": "always",
  "bracketSpacing": true,
  "endOfLine": "lf",
  "htmlWhitespaceSensitivity": "css",
  "insertPragma": false,
  "singleAttributePerLine": false,
  "bracketSameLine": false,
  "jsxBracketSameLine": false,
  "jsxSingleQuote": true,
  "printWidth": 80,
  "proseWrap": "preserve",
  "quoteProps": "as-needed",
  "requirePragma": false,
  "semi": false,
  "singleQuote": true,
  "tabWidth": 4,
  "trailingComma": "es5",
  "useTabs": false,
  "vueIndentScriptAndStyle": false,
  "filepath": "/home/bo7owers/Documents/websites/vite-apps/vue-portfolio/src/components/Nav/Navigation.vue",
  "parser": "vue"
}
["INFO" - 9:23:10 p.m.] Formatting completed in 65ms.
["INFO" - 9:23:50 p.m.] Formatting file:///home/bo7owers/Documents/websites/vite-apps/vue-portfolio/src/components/Nav/Navigation.vue
["INFO" - 9:23:50 p.m.] Using ignore file (if present) at /home/bo7owers/Documents/websites/vite-apps/vue-portfolio/.prettierignore
["INFO" - 9:23:50 p.m.] File Info:
{
  "ignored": false,
  "inferredParser": "vue"
}
["INFO" - 9:23:50 p.m.] No local configuration (i.e. .prettierrc or .editorconfig) detected, falling back to VS Code configuration
["INFO" - 9:23:50 p.m.] Prettier Options:
{
  "arrowParens": "always",
  "bracketSpacing": true,
  "endOfLine": "lf",
  "htmlWhitespaceSensitivity": "css",
  "insertPragma": false,
  "singleAttributePerLine": false,
  "bracketSameLine": false,
  "jsxBracketSameLine": false,
  "jsxSingleQuote": true,
  "printWidth": 80,
  "proseWrap": "preserve",
  "quoteProps": "as-needed",
  "requirePragma": false,
  "semi": false,
  "singleQuote": true,
  "tabWidth": 4,
  "trailingComma": "es5",
  "useTabs": false,
  "vueIndentScriptAndStyle": false,
  "filepath": "/home/bo7owers/Documents/websites/vite-apps/vue-portfolio/src/components/Nav/Navigation.vue",
  "parser": "vue"
}
["INFO" - 9:23:50 p.m.] Formatting completed in 54ms.
["INFO" - 9:24:15 p.m.] Formatting file:///home/bo7owers/Documents/websites/vite-apps/vue-portfolio/src/components/Nav/LangDropdown.vue
["INFO" - 9:24:15 p.m.] Using ignore file (if present) at /home/bo7owers/Documents/websites/vite-apps/vue-portfolio/.prettierignore
["INFO" - 9:24:15 p.m.] File Info:
{
  "ignored": false,
  "inferredParser": "vue"
}
["INFO" - 9:24:15 p.m.] No local configuration (i.e. .prettierrc or .editorconfig) detected, falling back to VS Code configuration
["INFO" - 9:24:15 p.m.] Prettier Options:
{
  "arrowParens": "always",
  "bracketSpacing": true,
  "endOfLine": "lf",
  "htmlWhitespaceSensitivity": "css",
  "insertPragma": false,
  "singleAttributePerLine": false,
  "bracketSameLine": false,
  "jsxBracketSameLine": false,
  "jsxSingleQuote": true,
  "printWidth": 80,
  "proseWrap": "preserve",
  "quoteProps": "as-needed",
  "requirePragma": false,
  "semi": false,
  "singleQuote": true,
  "tabWidth": 4,
  "trailingComma": "es5",
  "useTabs": false,
  "vueIndentScriptAndStyle": false,
  "filepath": "/home/bo7owers/Documents/websites/vite-apps/vue-portfolio/src/components/Nav/LangDropdown.vue",
  "parser": "vue"
}
["INFO" - 9:24:15 p.m.] Formatting completed in 11ms.
["INFO" - 9:26:19 p.m.] Formatting file:///home/bo7owers/Documents/websites/vite-apps/vue-portfolio/src/components/Nav/LangDropdown.vue
["INFO" - 9:26:19 p.m.] Using ignore file (if present) at /home/bo7owers/Documents/websites/vite-apps/vue-portfolio/.prettierignore
["INFO" - 9:26:19 p.m.] File Info:
{
  "ignored": false,
  "inferredParser": "vue"
}
["INFO" - 9:26:19 p.m.] No local configuration (i.e. .prettierrc or .editorconfig) detected, falling back to VS Code configuration
["INFO" - 9:26:19 p.m.] Prettier Options:
{
  "arrowParens": "always",
  "bracketSpacing": true,
  "endOfLine": "lf",
  "htmlWhitespaceSensitivity": "css",
  "insertPragma": false,
  "singleAttributePerLine": false,
  "bracketSameLine": false,
  "jsxBracketSameLine": false,
  "jsxSingleQuote": true,
  "printWidth": 80,
  "proseWrap": "preserve",
  "quoteProps": "as-needed",
  "requirePragma": false,
  "semi": false,
  "singleQuote": true,
  "tabWidth": 4,
  "trailingComma": "es5",
  "useTabs": false,
  "vueIndentScriptAndStyle": false,
  "filepath": "/home/bo7owers/Documents/websites/vite-apps/vue-portfolio/src/components/Nav/LangDropdown.vue",
  "parser": "vue"
}
["INFO" - 9:26:19 p.m.] Formatting completed in 15ms.
["INFO" - 9:26:32 p.m.] Formatting file:///home/bo7owers/Documents/websites/vite-apps/vue-portfolio/src/components/Nav/LangDropdown.vue
["INFO" - 9:26:32 p.m.] Using ignore file (if present) at /home/bo7owers/Documents/websites/vite-apps/vue-portfolio/.prettierignore
["INFO" - 9:26:32 p.m.] File Info:
{
  "ignored": false,
  "inferredParser": "vue"
}
["INFO" - 9:26:32 p.m.] No local configuration (i.e. .prettierrc or .editorconfig) detected, falling back to VS Code configuration
["INFO" - 9:26:32 p.m.] Prettier Options:
{
  "arrowParens": "always",
  "bracketSpacing": true,
  "endOfLine": "lf",
  "htmlWhitespaceSensitivity": "css",
  "insertPragma": false,
  "singleAttributePerLine": false,
  "bracketSameLine": false,
  "jsxBracketSameLine": false,
  "jsxSingleQuote": true,
  "printWidth": 80,
  "proseWrap": "preserve",
  "quoteProps": "as-needed",
  "requirePragma": false,
  "semi": false,
  "singleQuote": true,
  "tabWidth": 4,
  "trailingComma": "es5",
  "useTabs": false,
  "vueIndentScriptAndStyle": false,
  "filepath": "/home/bo7owers/Documents/websites/vite-apps/vue-portfolio/src/components/Nav/LangDropdown.vue",
  "parser": "vue"
}
["INFO" - 9:26:32 p.m.] Formatting completed in 14ms.
["INFO" - 9:26:45 p.m.] Formatting file:///home/bo7owers/Documents/websites/vite-apps/vue-portfolio/src/components/Nav/LangDropdown.vue
["INFO" - 9:26:45 p.m.] Using ignore file (if present) at /home/bo7owers/Documents/websites/vite-apps/vue-portfolio/.prettierignore
["INFO" - 9:26:45 p.m.] File Info:
{
  "ignored": false,
  "inferredParser": "vue"
}
["INFO" - 9:26:45 p.m.] No local configuration (i.e. .prettierrc or .editorconfig) detected, falling back to VS Code configuration
["INFO" - 9:26:45 p.m.] Prettier Options:
{
  "arrowParens": "always",
  "bracketSpacing": true,
  "endOfLine": "lf",
  "htmlWhitespaceSensitivity": "css",
  "insertPragma": false,
  "singleAttributePerLine": false,
  "bracketSameLine": false,
  "jsxBracketSameLine": false,
  "jsxSingleQuote": true,
  "printWidth": 80,
  "proseWrap": "preserve",
  "quoteProps": "as-needed",
  "requirePragma": false,
  "semi": false,
  "singleQuote": true,
  "tabWidth": 4,
  "trailingComma": "es5",
  "useTabs": false,
  "vueIndentScriptAndStyle": false,
  "filepath": "/home/bo7owers/Documents/websites/vite-apps/vue-portfolio/src/components/Nav/LangDropdown.vue",
  "parser": "vue"
}
["INFO" - 9:26:45 p.m.] Formatting completed in 12ms.
["INFO" - 9:26:50 p.m.] Formatting file:///home/bo7owers/Documents/websites/vite-apps/vue-portfolio/src/components/Nav/LangDropdown.vue
["INFO" - 9:26:50 p.m.] Using ignore file (if present) at /home/bo7owers/Documents/websites/vite-apps/vue-portfolio/.prettierignore
["INFO" - 9:26:50 p.m.] File Info:
{
  "ignored": false,
  "inferredParser": "vue"
}
["INFO" - 9:26:50 p.m.] No local configuration (i.e. .prettierrc or .editorconfig) detected, falling back to VS Code configuration
["INFO" - 9:26:50 p.m.] Prettier Options:
{
  "arrowParens": "always",
  "bracketSpacing": true,
  "endOfLine": "lf",
  "htmlWhitespaceSensitivity": "css",
  "insertPragma": false,
  "singleAttributePerLine": false,
  "bracketSameLine": false,
  "jsxBracketSameLine": false,
  "jsxSingleQuote": true,
  "printWidth": 80,
  "proseWrap": "preserve",
  "quoteProps": "as-needed",
  "requirePragma": false,
  "semi": false,
  "singleQuote": true,
  "tabWidth": 4,
  "trailingComma": "es5",
  "useTabs": false,
  "vueIndentScriptAndStyle": false,
  "filepath": "/home/bo7owers/Documents/websites/vite-apps/vue-portfolio/src/components/Nav/LangDropdown.vue",
  "parser": "vue"
}
["INFO" - 9:26:50 p.m.] Formatting completed in 13ms.
["INFO" - 9:29:51 p.m.] Formatting file:///home/bo7owers/Documents/websites/vite-apps/vue-portfolio/src/components/Nav/LangDropdown.vue
["INFO" - 9:29:51 p.m.] Using ignore file (if present) at /home/bo7owers/Documents/websites/vite-apps/vue-portfolio/.prettierignore
["INFO" - 9:29:51 p.m.] File Info:
{
  "ignored": false,
  "inferredParser": "vue"
}
["INFO" - 9:29:51 p.m.] No local configuration (i.e. .prettierrc or .editorconfig) detected, falling back to VS Code configuration
["INFO" - 9:29:51 p.m.] Prettier Options:
{
  "arrowParens": "always",
  "bracketSpacing": true,
  "endOfLine": "lf",
  "htmlWhitespaceSensitivity": "css",
  "insertPragma": false,
  "singleAttributePerLine": false,
  "bracketSameLine": false,
  "jsxBracketSameLine": false,
  "jsxSingleQuote": true,
  "printWidth": 80,
  "proseWrap": "preserve",
  "quoteProps": "as-needed",
  "requirePragma": false,
  "semi": false,
  "singleQuote": true,
  "tabWidth": 4,
  "trailingComma": "es5",
  "useTabs": false,
  "vueIndentScriptAndStyle": false,
  "filepath": "/home/bo7owers/Documents/websites/vite-apps/vue-portfolio/src/components/Nav/LangDropdown.vue",
  "parser": "vue"
}
["INFO" - 9:29:51 p.m.] Formatting completed in 15ms.
["INFO" - 9:30:37 p.m.] Formatting file:///home/bo7owers/Documents/websites/vite-apps/vue-portfolio/src/components/Nav/LangDropdown.vue
["INFO" - 9:30:37 p.m.] Using ignore file (if present) at /home/bo7owers/Documents/websites/vite-apps/vue-portfolio/.prettierignore
["INFO" - 9:30:37 p.m.] File Info:
{
  "ignored": false,
  "inferredParser": "vue"
}
["INFO" - 9:30:37 p.m.] No local configuration (i.e. .prettierrc or .editorconfig) detected, falling back to VS Code configuration
["INFO" - 9:30:37 p.m.] Prettier Options:
{
  "arrowParens": "always",
  "bracketSpacing": true,
  "endOfLine": "lf",
  "htmlWhitespaceSensitivity": "css",
  "insertPragma": false,
  "singleAttributePerLine": false,
  "bracketSameLine": false,
  "jsxBracketSameLine": false,
  "jsxSingleQuote": true,
  "printWidth": 80,
  "proseWrap": "preserve",
  "quoteProps": "as-needed",
  "requirePragma": false,
  "semi": false,
  "singleQuote": true,
  "tabWidth": 4,
  "trailingComma": "es5",
  "useTabs": false,
  "vueIndentScriptAndStyle": false,
  "filepath": "/home/bo7owers/Documents/websites/vite-apps/vue-portfolio/src/components/Nav/LangDropdown.vue",
  "parser": "vue"
}
["INFO" - 9:30:37 p.m.] Formatting completed in 14ms.
["INFO" - 9:30:56 p.m.] Formatting file:///home/bo7owers/Documents/websites/vite-apps/vue-portfolio/src/components/Nav/LangDropdown.vue
["INFO" - 9:30:56 p.m.] Using ignore file (if present) at /home/bo7owers/Documents/websites/vite-apps/vue-portfolio/.prettierignore
["INFO" - 9:30:56 p.m.] File Info:
{
  "ignored": false,
  "inferredParser": "vue"
}
["INFO" - 9:30:56 p.m.] No local configuration (i.e. .prettierrc or .editorconfig) detected, falling back to VS Code configuration
["INFO" - 9:30:56 p.m.] Prettier Options:
{
  "arrowParens": "always",
  "bracketSpacing": true,
  "endOfLine": "lf",
  "htmlWhitespaceSensitivity": "css",
  "insertPragma": false,
  "singleAttributePerLine": false,
  "bracketSameLine": false,
  "jsxBracketSameLine": false,
  "jsxSingleQuote": true,
  "printWidth": 80,
  "proseWrap": "preserve",
  "quoteProps": "as-needed",
  "requirePragma": false,
  "semi": false,
  "singleQuote": true,
  "tabWidth": 4,
  "trailingComma": "es5",
  "useTabs": false,
  "vueIndentScriptAndStyle": false,
  "filepath": "/home/bo7owers/Documents/websites/vite-apps/vue-portfolio/src/components/Nav/LangDropdown.vue",
  "parser": "vue"
}
["INFO" - 9:30:56 p.m.] Formatting completed in 13ms.
["INFO" - 9:31:00 p.m.] Formatting file:///home/bo7owers/Documents/websites/vite-apps/vue-portfolio/src/components/Nav/LangDropdown.vue
["INFO" - 9:31:00 p.m.] Using ignore file (if present) at /home/bo7owers/Documents/websites/vite-apps/vue-portfolio/.prettierignore
["INFO" - 9:31:00 p.m.] File Info:
{
  "ignored": false,
  "inferredParser": "vue"
}
["INFO" - 9:31:00 p.m.] No local configuration (i.e. .prettierrc or .editorconfig) detected, falling back to VS Code configuration
["INFO" - 9:31:00 p.m.] Prettier Options:
{
  "arrowParens": "always",
  "bracketSpacing": true,
  "endOfLine": "lf",
  "htmlWhitespaceSensitivity": "css",
  "insertPragma": false,
  "singleAttributePerLine": false,
  "bracketSameLine": false,
  "jsxBracketSameLine": false,
  "jsxSingleQuote": true,
  "printWidth": 80,
  "proseWrap": "preserve",
  "quoteProps": "as-needed",
  "requirePragma": false,
  "semi": false,
  "singleQuote": true,
  "tabWidth": 4,
  "trailingComma": "es5",
  "useTabs": false,
  "vueIndentScriptAndStyle": false,
  "filepath": "/home/bo7owers/Documents/websites/vite-apps/vue-portfolio/src/components/Nav/LangDropdown.vue",
  "parser": "vue"
}
["INFO" - 9:31:00 p.m.] Formatting completed in 14ms.
["INFO" - 9:31:06 p.m.] Formatting file:///home/bo7owers/Documents/websites/vite-apps/vue-portfolio/src/components/Nav/LangDropdown.vue
["INFO" - 9:31:06 p.m.] Using ignore file (if present) at /home/bo7owers/Documents/websites/vite-apps/vue-portfolio/.prettierignore
["INFO" - 9:31:06 p.m.] File Info:
{
  "ignored": false,
  "inferredParser": "vue"
}
["INFO" - 9:31:06 p.m.] No local configuration (i.e. .prettierrc or .editorconfig) detected, falling back to VS Code configuration
["INFO" - 9:31:06 p.m.] Prettier Options:
{
  "arrowParens": "always",
  "bracketSpacing": true,
  "endOfLine": "lf",
  "htmlWhitespaceSensitivity": "css",
  "insertPragma": false,
  "singleAttributePerLine": false,
  "bracketSameLine": false,
  "jsxBracketSameLine": false,
  "jsxSingleQuote": true,
  "printWidth": 80,
  "proseWrap": "preserve",
  "quoteProps": "as-needed",
  "requirePragma": false,
  "semi": false,
  "singleQuote": true,
  "tabWidth": 4,
  "trailingComma": "es5",
  "useTabs": false,
  "vueIndentScriptAndStyle": false,
  "filepath": "/home/bo7owers/Documents/websites/vite-apps/vue-portfolio/src/components/Nav/LangDropdown.vue",
  "parser": "vue"
}
["INFO" - 9:31:06 p.m.] Formatting completed in 11ms.
["INFO" - 9:31:11 p.m.] Formatting file:///home/bo7owers/Documents/websites/vite-apps/vue-portfolio/src/components/Nav/LangDropdown.vue
["INFO" - 9:31:11 p.m.] Using ignore file (if present) at /home/bo7owers/Documents/websites/vite-apps/vue-portfolio/.prettierignore
["INFO" - 9:31:11 p.m.] File Info:
{
  "ignored": false,
  "inferredParser": "vue"
}
["INFO" - 9:31:11 p.m.] No local configuration (i.e. .prettierrc or .editorconfig) detected, falling back to VS Code configuration
["INFO" - 9:31:11 p.m.] Prettier Options:
{
  "arrowParens": "always",
  "bracketSpacing": true,
  "endOfLine": "lf",
  "htmlWhitespaceSensitivity": "css",
  "insertPragma": false,
  "singleAttributePerLine": false,
  "bracketSameLine": false,
  "jsxBracketSameLine": false,
  "jsxSingleQuote": true,
  "printWidth": 80,
  "proseWrap": "preserve",
  "quoteProps": "as-needed",
  "requirePragma": false,
  "semi": false,
  "singleQuote": true,
  "tabWidth": 4,
  "trailingComma": "es5",
  "useTabs": false,
  "vueIndentScriptAndStyle": false,
  "filepath": "/home/bo7owers/Documents/websites/vite-apps/vue-portfolio/src/components/Nav/LangDropdown.vue",
  "parser": "vue"
}
["INFO" - 9:31:11 p.m.] Formatting completed in 14ms.
["INFO" - 9:31:14 p.m.] Formatting file:///home/bo7owers/Documents/websites/vite-apps/vue-portfolio/src/components/Nav/LangDropdown.vue
["INFO" - 9:31:14 p.m.] Using ignore file (if present) at /home/bo7owers/Documents/websites/vite-apps/vue-portfolio/.prettierignore
["INFO" - 9:31:14 p.m.] File Info:
{
  "ignored": false,
  "inferredParser": "vue"
}
["INFO" - 9:31:14 p.m.] No local configuration (i.e. .prettierrc or .editorconfig) detected, falling back to VS Code configuration
["INFO" - 9:31:14 p.m.] Prettier Options:
{
  "arrowParens": "always",
  "bracketSpacing": true,
  "endOfLine": "lf",
  "htmlWhitespaceSensitivity": "css",
  "insertPragma": false,
  "singleAttributePerLine": false,
  "bracketSameLine": false,
  "jsxBracketSameLine": false,
  "jsxSingleQuote": true,
  "printWidth": 80,
  "proseWrap": "preserve",
  "quoteProps": "as-needed",
  "requirePragma": false,
  "semi": false,
  "singleQuote": true,
  "tabWidth": 4,
  "trailingComma": "es5",
  "useTabs": false,
  "vueIndentScriptAndStyle": false,
  "filepath": "/home/bo7owers/Documents/websites/vite-apps/vue-portfolio/src/components/Nav/LangDropdown.vue",
  "parser": "vue"
}
["INFO" - 9:31:14 p.m.] Formatting completed in 12ms.
["INFO" - 9:31:20 p.m.] Formatting file:///home/bo7owers/Documents/websites/vite-apps/vue-portfolio/src/components/Nav/LangDropdown.vue
["INFO" - 9:31:20 p.m.] Using ignore file (if present) at /home/bo7owers/Documents/websites/vite-apps/vue-portfolio/.prettierignore
["INFO" - 9:31:21 p.m.] File Info:
{
  "ignored": false,
  "inferredParser": "vue"
}
["INFO" - 9:31:21 p.m.] No local configuration (i.e. .prettierrc or .editorconfig) detected, falling back to VS Code configuration
["INFO" - 9:31:21 p.m.] Prettier Options:
{
  "arrowParens": "always",
  "bracketSpacing": true,
  "endOfLine": "lf",
  "htmlWhitespaceSensitivity": "css",
  "insertPragma": false,
  "singleAttributePerLine": false,
  "bracketSameLine": false,
  "jsxBracketSameLine": false,
  "jsxSingleQuote": true,
  "printWidth": 80,
  "proseWrap": "preserve",
  "quoteProps": "as-needed",
  "requirePragma": false,
  "semi": false,
  "singleQuote": true,
  "tabWidth": 4,
  "trailingComma": "es5",
  "useTabs": false,
  "vueIndentScriptAndStyle": false,
  "filepath": "/home/bo7owers/Documents/websites/vite-apps/vue-portfolio/src/components/Nav/LangDropdown.vue",
  "parser": "vue"
}
["INFO" - 9:31:21 p.m.] Formatting completed in 12ms.
["INFO" - 9:31:24 p.m.] Formatting file:///home/bo7owers/Documents/websites/vite-apps/vue-portfolio/src/components/Nav/LangDropdown.vue
["INFO" - 9:31:24 p.m.] Using ignore file (if present) at /home/bo7owers/Documents/websites/vite-apps/vue-portfolio/.prettierignore
["INFO" - 9:31:24 p.m.] File Info:
{
  "ignored": false,
  "inferredParser": "vue"
}
["INFO" - 9:31:24 p.m.] No local configuration (i.e. .prettierrc or .editorconfig) detected, falling back to VS Code configuration
["INFO" - 9:31:24 p.m.] Prettier Options:
{
  "arrowParens": "always",
  "bracketSpacing": true,
  "endOfLine": "lf",
  "htmlWhitespaceSensitivity": "css",
  "insertPragma": false,
  "singleAttributePerLine": false,
  "bracketSameLine": false,
  "jsxBracketSameLine": false,
  "jsxSingleQuote": true,
  "printWidth": 80,
  "proseWrap": "preserve",
  "quoteProps": "as-needed",
  "requirePragma": false,
  "semi": false,
  "singleQuote": true,
  "tabWidth": 4,
  "trailingComma": "es5",
  "useTabs": false,
  "vueIndentScriptAndStyle": false,
  "filepath": "/home/bo7owers/Documents/websites/vite-apps/vue-portfolio/src/components/Nav/LangDropdown.vue",
  "parser": "vue"
}
["INFO" - 9:31:24 p.m.] Formatting completed in 11ms.
["INFO" - 9:31:38 p.m.] Formatting file:///home/bo7owers/Documents/websites/vite-apps/vue-portfolio/src/components/Nav/LangDropdown.vue
["INFO" - 9:31:38 p.m.] Using ignore file (if present) at /home/bo7owers/Documents/websites/vite-apps/vue-portfolio/.prettierignore
["INFO" - 9:31:38 p.m.] File Info:
{
  "ignored": false,
  "inferredParser": "vue"
}
["INFO" - 9:31:38 p.m.] No local configuration (i.e. .prettierrc or .editorconfig) detected, falling back to VS Code configuration
["INFO" - 9:31:38 p.m.] Prettier Options:
{
  "arrowParens": "always",
  "bracketSpacing": true,
  "endOfLine": "lf",
  "htmlWhitespaceSensitivity": "css",
  "insertPragma": false,
  "singleAttributePerLine": false,
  "bracketSameLine": false,
  "jsxBracketSameLine": false,
  "jsxSingleQuote": true,
  "printWidth": 80,
  "proseWrap": "preserve",
  "quoteProps": "as-needed",
  "requirePragma": false,
  "semi": false,
  "singleQuote": true,
  "tabWidth": 4,
  "trailingComma": "es5",
  "useTabs": false,
  "vueIndentScriptAndStyle": false,
  "filepath": "/home/bo7owers/Documents/websites/vite-apps/vue-portfolio/src/components/Nav/LangDropdown.vue",
  "parser": "vue"
}
["INFO" - 9:31:38 p.m.] Formatting completed in 13ms.
["INFO" - 9:32:38 p.m.] Formatting file:///home/bo7owers/Documents/websites/vite-apps/vue-portfolio/src/components/Nav/LangDropdown.vue
["INFO" - 9:32:38 p.m.] Using ignore file (if present) at /home/bo7owers/Documents/websites/vite-apps/vue-portfolio/.prettierignore
["INFO" - 9:32:38 p.m.] File Info:
{
  "ignored": false,
  "inferredParser": "vue"
}
["INFO" - 9:32:38 p.m.] No local configuration (i.e. .prettierrc or .editorconfig) detected, falling back to VS Code configuration
["INFO" - 9:32:38 p.m.] Prettier Options:
{
  "arrowParens": "always",
  "bracketSpacing": true,
  "endOfLine": "lf",
  "htmlWhitespaceSensitivity": "css",
  "insertPragma": false,
  "singleAttributePerLine": false,
  "bracketSameLine": false,
  "jsxBracketSameLine": false,
  "jsxSingleQuote": true,
  "printWidth": 80,
  "proseWrap": "preserve",
  "quoteProps": "as-needed",
  "requirePragma": false,
  "semi": false,
  "singleQuote": true,
  "tabWidth": 4,
  "trailingComma": "es5",
  "useTabs": false,
  "vueIndentScriptAndStyle": false,
  "filepath": "/home/bo7owers/Documents/websites/vite-apps/vue-portfolio/src/components/Nav/LangDropdown.vue",
  "parser": "vue"
}
["INFO" - 9:32:38 p.m.] Formatting completed in 14ms.
["INFO" - 9:34:37 p.m.] Formatting file:///home/bo7owers/Documents/websites/vite-apps/vue-portfolio/src/components/Nav/Navigation.vue
["INFO" - 9:34:37 p.m.] Using ignore file (if present) at /home/bo7owers/Documents/websites/vite-apps/vue-portfolio/.prettierignore
["INFO" - 9:34:37 p.m.] File Info:
{
  "ignored": false,
  "inferredParser": "vue"
}
["INFO" - 9:34:37 p.m.] No local configuration (i.e. .prettierrc or .editorconfig) detected, falling back to VS Code configuration
["INFO" - 9:34:37 p.m.] Prettier Options:
{
  "arrowParens": "always",
  "bracketSpacing": true,
  "endOfLine": "lf",
  "htmlWhitespaceSensitivity": "css",
  "insertPragma": false,
  "singleAttributePerLine": false,
  "bracketSameLine": false,
  "jsxBracketSameLine": false,
  "jsxSingleQuote": true,
  "printWidth": 80,
  "proseWrap": "preserve",
  "quoteProps": "as-needed",
  "requirePragma": false,
  "semi": false,
  "singleQuote": true,
  "tabWidth": 4,
  "trailingComma": "es5",
  "useTabs": false,
  "vueIndentScriptAndStyle": false,
  "filepath": "/home/bo7owers/Documents/websites/vite-apps/vue-portfolio/src/components/Nav/Navigation.vue",
  "parser": "vue"
}
["INFO" - 9:34:37 p.m.] Formatting completed in 60ms.
["INFO" - 9:34:48 p.m.] Formatting file:///home/bo7owers/Documents/websites/vite-apps/vue-portfolio/src/components/Nav/LangDropdown.vue
["INFO" - 9:34:48 p.m.] Using ignore file (if present) at /home/bo7owers/Documents/websites/vite-apps/vue-portfolio/.prettierignore
["INFO" - 9:34:48 p.m.] File Info:
{
  "ignored": false,
  "inferredParser": "vue"
}
["INFO" - 9:34:48 p.m.] No local configuration (i.e. .prettierrc or .editorconfig) detected, falling back to VS Code configuration
["INFO" - 9:34:48 p.m.] Prettier Options:
{
  "arrowParens": "always",
  "bracketSpacing": true,
  "endOfLine": "lf",
  "htmlWhitespaceSensitivity": "css",
  "insertPragma": false,
  "singleAttributePerLine": false,
  "bracketSameLine": false,
  "jsxBracketSameLine": false,
  "jsxSingleQuote": true,
  "printWidth": 80,
  "proseWrap": "preserve",
  "quoteProps": "as-needed",
  "requirePragma": false,
  "semi": false,
  "singleQuote": true,
  "tabWidth": 4,
  "trailingComma": "es5",
  "useTabs": false,
  "vueIndentScriptAndStyle": false,
  "filepath": "/home/bo7owers/Documents/websites/vite-apps/vue-portfolio/src/components/Nav/LangDropdown.vue",
  "parser": "vue"
}
["INFO" - 9:34:48 p.m.] Formatting completed in 16ms.
["INFO" - 9:35:13 p.m.] Formatting file:///home/bo7owers/Documents/websites/vite-apps/vue-portfolio/src/components/Nav/Navigation.vue
["INFO" - 9:35:13 p.m.] Using ignore file (if present) at /home/bo7owers/Documents/websites/vite-apps/vue-portfolio/.prettierignore
["INFO" - 9:35:13 p.m.] File Info:
{
  "ignored": false,
  "inferredParser": "vue"
}
["INFO" - 9:35:13 p.m.] No local configuration (i.e. .prettierrc or .editorconfig) detected, falling back to VS Code configuration
["INFO" - 9:35:13 p.m.] Prettier Options:
{
  "arrowParens": "always",
  "bracketSpacing": true,
  "endOfLine": "lf",
  "htmlWhitespaceSensitivity": "css",
  "insertPragma": false,
  "singleAttributePerLine": false,
  "bracketSameLine": false,
  "jsxBracketSameLine": false,
  "jsxSingleQuote": true,
  "printWidth": 80,
  "proseWrap": "preserve",
  "quoteProps": "as-needed",
  "requirePragma": false,
  "semi": false,
  "singleQuote": true,
  "tabWidth": 4,
  "trailingComma": "es5",
  "useTabs": false,
  "vueIndentScriptAndStyle": false,
  "filepath": "/home/bo7owers/Documents/websites/vite-apps/vue-portfolio/src/components/Nav/Navigation.vue",
  "parser": "vue"
}
["INFO" - 9:35:13 p.m.] Formatting completed in 69ms.
["INFO" - 9:35:28 p.m.] Formatting file:///home/bo7owers/Documents/websites/vite-apps/vue-portfolio/src/components/Nav/Navigation.vue
["INFO" - 9:35:28 p.m.] Using ignore file (if present) at /home/bo7owers/Documents/websites/vite-apps/vue-portfolio/.prettierignore
["INFO" - 9:35:28 p.m.] File Info:
{
  "ignored": false,
  "inferredParser": "vue"
}
["INFO" - 9:35:28 p.m.] No local configuration (i.e. .prettierrc or .editorconfig) detected, falling back to VS Code configuration
["INFO" - 9:35:28 p.m.] Prettier Options:
{
  "arrowParens": "always",
  "bracketSpacing": true,
  "endOfLine": "lf",
  "htmlWhitespaceSensitivity": "css",
  "insertPragma": false,
  "singleAttributePerLine": false,
  "bracketSameLine": false,
  "jsxBracketSameLine": false,
  "jsxSingleQuote": true,
  "printWidth": 80,
  "proseWrap": "preserve",
  "quoteProps": "as-needed",
  "requirePragma": false,
  "semi": false,
  "singleQuote": true,
  "tabWidth": 4,
  "trailingComma": "es5",
  "useTabs": false,
  "vueIndentScriptAndStyle": false,
  "filepath": "/home/bo7owers/Documents/websites/vite-apps/vue-portfolio/src/components/Nav/Navigation.vue",
  "parser": "vue"
}
["INFO" - 9:35:29 p.m.] Formatting completed in 51ms.
["INFO" - 9:35:49 p.m.] Formatting file:///home/bo7owers/Documents/websites/vite-apps/vue-portfolio/src/components/Nav/Navigation.vue
["INFO" - 9:35:49 p.m.] Using ignore file (if present) at /home/bo7owers/Documents/websites/vite-apps/vue-portfolio/.prettierignore
["INFO" - 9:35:49 p.m.] File Info:
{
  "ignored": false,
  "inferredParser": "vue"
}
["INFO" - 9:35:49 p.m.] No local configuration (i.e. .prettierrc or .editorconfig) detected, falling back to VS Code configuration
["INFO" - 9:35:49 p.m.] Prettier Options:
{
  "arrowParens": "always",
  "bracketSpacing": true,
  "endOfLine": "lf",
  "htmlWhitespaceSensitivity": "css",
  "insertPragma": false,
  "singleAttributePerLine": false,
  "bracketSameLine": false,
  "jsxBracketSameLine": false,
  "jsxSingleQuote": true,
  "printWidth": 80,
  "proseWrap": "preserve",
  "quoteProps": "as-needed",
  "requirePragma": false,
  "semi": false,
  "singleQuote": true,
  "tabWidth": 4,
  "trailingComma": "es5",
  "useTabs": false,
  "vueIndentScriptAndStyle": false,
  "filepath": "/home/bo7owers/Documents/websites/vite-apps/vue-portfolio/src/components/Nav/Navigation.vue",
  "parser": "vue"
}
["INFO" - 9:35:49 p.m.] Formatting completed in 48ms.
["INFO" - 9:36:56 p.m.] Formatting file:///home/bo7owers/Documents/websites/vite-apps/vue-portfolio/src/components/Nav/LangDropdown.vue
["INFO" - 9:36:56 p.m.] Using ignore file (if present) at /home/bo7owers/Documents/websites/vite-apps/vue-portfolio/.prettierignore
["INFO" - 9:36:56 p.m.] File Info:
{
  "ignored": false,
  "inferredParser": "vue"
}
["INFO" - 9:36:56 p.m.] No local configuration (i.e. .prettierrc or .editorconfig) detected, falling back to VS Code configuration
["INFO" - 9:36:56 p.m.] Prettier Options:
{
  "arrowParens": "always",
  "bracketSpacing": true,
  "endOfLine": "lf",
  "htmlWhitespaceSensitivity": "css",
  "insertPragma": false,
  "singleAttributePerLine": false,
  "bracketSameLine": false,
  "jsxBracketSameLine": false,
  "jsxSingleQuote": true,
  "printWidth": 80,
  "proseWrap": "preserve",
  "quoteProps": "as-needed",
  "requirePragma": false,
  "semi": false,
  "singleQuote": true,
  "tabWidth": 4,
  "trailingComma": "es5",
  "useTabs": false,
  "vueIndentScriptAndStyle": false,
  "filepath": "/home/bo7owers/Documents/websites/vite-apps/vue-portfolio/src/components/Nav/LangDropdown.vue",
  "parser": "vue"
}
["INFO" - 9:36:56 p.m.] Formatting completed in 14ms.
["INFO" - 9:37:20 p.m.] Formatting file:///home/bo7owers/Documents/websites/vite-apps/vue-portfolio/src/components/Nav/LangDropdown.vue
["INFO" - 9:37:20 p.m.] Using ignore file (if present) at /home/bo7owers/Documents/websites/vite-apps/vue-portfolio/.prettierignore
["INFO" - 9:37:20 p.m.] File Info:
{
  "ignored": false,
  "inferredParser": "vue"
}
["INFO" - 9:37:20 p.m.] No local configuration (i.e. .prettierrc or .editorconfig) detected, falling back to VS Code configuration
["INFO" - 9:37:20 p.m.] Prettier Options:
{
  "arrowParens": "always",
  "bracketSpacing": true,
  "endOfLine": "lf",
  "htmlWhitespaceSensitivity": "css",
  "insertPragma": false,
  "singleAttributePerLine": false,
  "bracketSameLine": false,
  "jsxBracketSameLine": false,
  "jsxSingleQuote": true,
  "printWidth": 80,
  "proseWrap": "preserve",
  "quoteProps": "as-needed",
  "requirePragma": false,
  "semi": false,
  "singleQuote": true,
  "tabWidth": 4,
  "trailingComma": "es5",
  "useTabs": false,
  "vueIndentScriptAndStyle": false,
  "filepath": "/home/bo7owers/Documents/websites/vite-apps/vue-portfolio/src/components/Nav/LangDropdown.vue",
  "parser": "vue"
}
["INFO" - 9:37:20 p.m.] Formatting completed in 14ms.
["INFO" - 9:37:49 p.m.] Formatting file:///home/bo7owers/Documents/websites/vite-apps/vue-portfolio/src/components/Nav/LangDropdown.vue
["INFO" - 9:37:49 p.m.] Using ignore file (if present) at /home/bo7owers/Documents/websites/vite-apps/vue-portfolio/.prettierignore
["INFO" - 9:37:49 p.m.] File Info:
{
  "ignored": false,
  "inferredParser": "vue"
}
["INFO" - 9:37:49 p.m.] No local configuration (i.e. .prettierrc or .editorconfig) detected, falling back to VS Code configuration
["INFO" - 9:37:49 p.m.] Prettier Options:
{
  "arrowParens": "always",
  "bracketSpacing": true,
  "endOfLine": "lf",
  "htmlWhitespaceSensitivity": "css",
  "insertPragma": false,
  "singleAttributePerLine": false,
  "bracketSameLine": false,
  "jsxBracketSameLine": false,
  "jsxSingleQuote": true,
  "printWidth": 80,
  "proseWrap": "preserve",
  "quoteProps": "as-needed",
  "requirePragma": false,
  "semi": false,
  "singleQuote": true,
  "tabWidth": 4,
  "trailingComma": "es5",
  "useTabs": false,
  "vueIndentScriptAndStyle": false,
  "filepath": "/home/bo7owers/Documents/websites/vite-apps/vue-portfolio/src/components/Nav/LangDropdown.vue",
  "parser": "vue"
}
["INFO" - 9:37:49 p.m.] Formatting completed in 12ms.
["INFO" - 9:38:31 p.m.] Formatting file:///home/bo7owers/Documents/websites/vite-apps/vue-portfolio/src/components/Nav/LangDropdown.vue
["INFO" - 9:38:31 p.m.] Using ignore file (if present) at /home/bo7owers/Documents/websites/vite-apps/vue-portfolio/.prettierignore
["INFO" - 9:38:31 p.m.] File Info:
{
  "ignored": false,
  "inferredParser": "vue"
}
["INFO" - 9:38:31 p.m.] No local configuration (i.e. .prettierrc or .editorconfig) detected, falling back to VS Code configuration
["INFO" - 9:38:31 p.m.] Prettier Options:
{
  "arrowParens": "always",
  "bracketSpacing": true,
  "endOfLine": "lf",
  "htmlWhitespaceSensitivity": "css",
  "insertPragma": false,
  "singleAttributePerLine": false,
  "bracketSameLine": false,
  "jsxBracketSameLine": false,
  "jsxSingleQuote": true,
  "printWidth": 80,
  "proseWrap": "preserve",
  "quoteProps": "as-needed",
  "requirePragma": false,
  "semi": false,
  "singleQuote": true,
  "tabWidth": 4,
  "trailingComma": "es5",
  "useTabs": false,
  "vueIndentScriptAndStyle": false,
  "filepath": "/home/bo7owers/Documents/websites/vite-apps/vue-portfolio/src/components/Nav/LangDropdown.vue",
  "parser": "vue"
}
["INFO" - 9:38:31 p.m.] Formatting completed in 12ms.
["INFO" - 9:38:50 p.m.] Formatting file:///home/bo7owers/Documents/websites/vite-apps/vue-portfolio/src/components/Nav/LangDropdown.vue
["INFO" - 9:38:50 p.m.] Using ignore file (if present) at /home/bo7owers/Documents/websites/vite-apps/vue-portfolio/.prettierignore
["INFO" - 9:38:50 p.m.] File Info:
{
  "ignored": false,
  "inferredParser": "vue"
}
["INFO" - 9:38:50 p.m.] No local configuration (i.e. .prettierrc or .editorconfig) detected, falling back to VS Code configuration
["INFO" - 9:38:50 p.m.] Prettier Options:
{
  "arrowParens": "always",
  "bracketSpacing": true,
  "endOfLine": "lf",
  "htmlWhitespaceSensitivity": "css",
  "insertPragma": false,
  "singleAttributePerLine": false,
  "bracketSameLine": false,
  "jsxBracketSameLine": false,
  "jsxSingleQuote": true,
  "printWidth": 80,
  "proseWrap": "preserve",
  "quoteProps": "as-needed",
  "requirePragma": false,
  "semi": false,
  "singleQuote": true,
  "tabWidth": 4,
  "trailingComma": "es5",
  "useTabs": false,
  "vueIndentScriptAndStyle": false,
  "filepath": "/home/bo7owers/Documents/websites/vite-apps/vue-portfolio/src/components/Nav/LangDropdown.vue",
  "parser": "vue"
}
["INFO" - 9:38:50 p.m.] Formatting completed in 16ms.
["INFO" - 9:38:56 p.m.] Formatting file:///home/bo7owers/Documents/websites/vite-apps/vue-portfolio/src/components/Nav/LangDropdown.vue
["INFO" - 9:38:56 p.m.] Using ignore file (if present) at /home/bo7owers/Documents/websites/vite-apps/vue-portfolio/.prettierignore
["INFO" - 9:38:56 p.m.] File Info:
{
  "ignored": false,
  "inferredParser": "vue"
}
["INFO" - 9:38:56 p.m.] No local configuration (i.e. .prettierrc or .editorconfig) detected, falling back to VS Code configuration
["INFO" - 9:38:56 p.m.] Prettier Options:
{
  "arrowParens": "always",
  "bracketSpacing": true,
  "endOfLine": "lf",
  "htmlWhitespaceSensitivity": "css",
  "insertPragma": false,
  "singleAttributePerLine": false,
  "bracketSameLine": false,
  "jsxBracketSameLine": false,
  "jsxSingleQuote": true,
  "printWidth": 80,
  "proseWrap": "preserve",
  "quoteProps": "as-needed",
  "requirePragma": false,
  "semi": false,
  "singleQuote": true,
  "tabWidth": 4,
  "trailingComma": "es5",
  "useTabs": false,
  "vueIndentScriptAndStyle": false,
  "filepath": "/home/bo7owers/Documents/websites/vite-apps/vue-portfolio/src/components/Nav/LangDropdown.vue",
  "parser": "vue"
}
["INFO" - 9:38:56 p.m.] Formatting completed in 13ms.
["INFO" - 9:39:11 p.m.] Formatting file:///home/bo7owers/Documents/websites/vite-apps/vue-portfolio/src/components/Nav/LangDropdown.vue
["INFO" - 9:39:11 p.m.] Using ignore file (if present) at /home/bo7owers/Documents/websites/vite-apps/vue-portfolio/.prettierignore
["INFO" - 9:39:11 p.m.] File Info:
{
  "ignored": false,
  "inferredParser": "vue"
}
["INFO" - 9:39:11 p.m.] No local configuration (i.e. .prettierrc or .editorconfig) detected, falling back to VS Code configuration
["INFO" - 9:39:11 p.m.] Prettier Options:
{
  "arrowParens": "always",
  "bracketSpacing": true,
  "endOfLine": "lf",
  "htmlWhitespaceSensitivity": "css",
  "insertPragma": false,
  "singleAttributePerLine": false,
  "bracketSameLine": false,
  "jsxBracketSameLine": false,
  "jsxSingleQuote": true,
  "printWidth": 80,
  "proseWrap": "preserve",
  "quoteProps": "as-needed",
  "requirePragma": false,
  "semi": false,
  "singleQuote": true,
  "tabWidth": 4,
  "trailingComma": "es5",
  "useTabs": false,
  "vueIndentScriptAndStyle": false,
  "filepath": "/home/bo7owers/Documents/websites/vite-apps/vue-portfolio/src/components/Nav/LangDropdown.vue",
  "parser": "vue"
}
["INFO" - 9:39:11 p.m.] Formatting completed in 13ms.
["INFO" - 9:39:21 p.m.] Formatting file:///home/bo7owers/Documents/websites/vite-apps/vue-portfolio/src/components/Nav/LangDropdown.vue
["INFO" - 9:39:21 p.m.] Using ignore file (if present) at /home/bo7owers/Documents/websites/vite-apps/vue-portfolio/.prettierignore
["INFO" - 9:39:21 p.m.] File Info:
{
  "ignored": false,
  "inferredParser": "vue"
}
["INFO" - 9:39:21 p.m.] No local configuration (i.e. .prettierrc or .editorconfig) detected, falling back to VS Code configuration
["INFO" - 9:39:21 p.m.] Prettier Options:
{
  "arrowParens": "always",
  "bracketSpacing": true,
  "endOfLine": "lf",
  "htmlWhitespaceSensitivity": "css",
  "insertPragma": false,
  "singleAttributePerLine": false,
  "bracketSameLine": false,
  "jsxBracketSameLine": false,
  "jsxSingleQuote": true,
  "printWidth": 80,
  "proseWrap": "preserve",
  "quoteProps": "as-needed",
  "requirePragma": false,
  "semi": false,
  "singleQuote": true,
  "tabWidth": 4,
  "trailingComma": "es5",
  "useTabs": false,
  "vueIndentScriptAndStyle": false,
  "filepath": "/home/bo7owers/Documents/websites/vite-apps/vue-portfolio/src/components/Nav/LangDropdown.vue",
  "parser": "vue"
}
["INFO" - 9:39:21 p.m.] Formatting completed in 12ms.
["INFO" - 9:39:29 p.m.] Formatting file:///home/bo7owers/Documents/websites/vite-apps/vue-portfolio/src/components/Nav/LangDropdown.vue
["INFO" - 9:39:29 p.m.] Using ignore file (if present) at /home/bo7owers/Documents/websites/vite-apps/vue-portfolio/.prettierignore
["INFO" - 9:39:29 p.m.] File Info:
{
  "ignored": false,
  "inferredParser": "vue"
}
["INFO" - 9:39:29 p.m.] No local configuration (i.e. .prettierrc or .editorconfig) detected, falling back to VS Code configuration
["INFO" - 9:39:29 p.m.] Prettier Options:
{
  "arrowParens": "always",
  "bracketSpacing": true,
  "endOfLine": "lf",
  "htmlWhitespaceSensitivity": "css",
  "insertPragma": false,
  "singleAttributePerLine": false,
  "bracketSameLine": false,
  "jsxBracketSameLine": false,
  "jsxSingleQuote": true,
  "printWidth": 80,
  "proseWrap": "preserve",
  "quoteProps": "as-needed",
  "requirePragma": false,
  "semi": false,
  "singleQuote": true,
  "tabWidth": 4,
  "trailingComma": "es5",
  "useTabs": false,
  "vueIndentScriptAndStyle": false,
  "filepath": "/home/bo7owers/Documents/websites/vite-apps/vue-portfolio/src/components/Nav/LangDropdown.vue",
  "parser": "vue"
}
["INFO" - 9:39:29 p.m.] Formatting completed in 9ms.
["INFO" - 9:39:35 p.m.] Formatting file:///home/bo7owers/Documents/websites/vite-apps/vue-portfolio/src/components/Nav/LangDropdown.vue
["INFO" - 9:39:35 p.m.] Using ignore file (if present) at /home/bo7owers/Documents/websites/vite-apps/vue-portfolio/.prettierignore
["INFO" - 9:39:35 p.m.] File Info:
{
  "ignored": false,
  "inferredParser": "vue"
}
["INFO" - 9:39:35 p.m.] No local configuration (i.e. .prettierrc or .editorconfig) detected, falling back to VS Code configuration
["INFO" - 9:39:35 p.m.] Prettier Options:
{
  "arrowParens": "always",
  "bracketSpacing": true,
  "endOfLine": "lf",
  "htmlWhitespaceSensitivity": "css",
  "insertPragma": false,
  "singleAttributePerLine": false,
  "bracketSameLine": false,
  "jsxBracketSameLine": false,
  "jsxSingleQuote": true,
  "printWidth": 80,
  "proseWrap": "preserve",
  "quoteProps": "as-needed",
  "requirePragma": false,
  "semi": false,
  "singleQuote": true,
  "tabWidth": 4,
  "trailingComma": "es5",
  "useTabs": false,
  "vueIndentScriptAndStyle": false,
  "filepath": "/home/bo7owers/Documents/websites/vite-apps/vue-portfolio/src/components/Nav/LangDropdown.vue",
  "parser": "vue"
}
["INFO" - 9:39:35 p.m.] Formatting completed in 16ms.
["INFO" - 9:39:45 p.m.] Formatting file:///home/bo7owers/Documents/websites/vite-apps/vue-portfolio/src/components/Nav/LangDropdown.vue
["INFO" - 9:39:45 p.m.] Using ignore file (if present) at /home/bo7owers/Documents/websites/vite-apps/vue-portfolio/.prettierignore
["INFO" - 9:39:45 p.m.] File Info:
{
  "ignored": false,
  "inferredParser": "vue"
}
["INFO" - 9:39:45 p.m.] No local configuration (i.e. .prettierrc or .editorconfig) detected, falling back to VS Code configuration
["INFO" - 9:39:45 p.m.] Prettier Options:
{
  "arrowParens": "always",
  "bracketSpacing": true,
  "endOfLine": "lf",
  "htmlWhitespaceSensitivity": "css",
  "insertPragma": false,
  "singleAttributePerLine": false,
  "bracketSameLine": false,
  "jsxBracketSameLine": false,
  "jsxSingleQuote": true,
  "printWidth": 80,
  "proseWrap": "preserve",
  "quoteProps": "as-needed",
  "requirePragma": false,
  "semi": false,
  "singleQuote": true,
  "tabWidth": 4,
  "trailingComma": "es5",
  "useTabs": false,
  "vueIndentScriptAndStyle": false,
  "filepath": "/home/bo7owers/Documents/websites/vite-apps/vue-portfolio/src/components/Nav/LangDropdown.vue",
  "parser": "vue"
}
["INFO" - 9:39:45 p.m.] Formatting completed in 15ms.
["INFO" - 9:40:10 p.m.] Formatting file:///home/bo7owers/Documents/websites/vite-apps/vue-portfolio/src/components/Nav/LangDropdown.vue
["INFO" - 9:40:10 p.m.] Using ignore file (if present) at /home/bo7owers/Documents/websites/vite-apps/vue-portfolio/.prettierignore
["INFO" - 9:40:10 p.m.] File Info:
{
  "ignored": false,
  "inferredParser": "vue"
}
["INFO" - 9:40:10 p.m.] No local configuration (i.e. .prettierrc or .editorconfig) detected, falling back to VS Code configuration
["INFO" - 9:40:10 p.m.] Prettier Options:
{
  "arrowParens": "always",
  "bracketSpacing": true,
  "endOfLine": "lf",
  "htmlWhitespaceSensitivity": "css",
  "insertPragma": false,
  "singleAttributePerLine": false,
  "bracketSameLine": false,
  "jsxBracketSameLine": false,
  "jsxSingleQuote": true,
  "printWidth": 80,
  "proseWrap": "preserve",
  "quoteProps": "as-needed",
  "requirePragma": false,
  "semi": false,
  "singleQuote": true,
  "tabWidth": 4,
  "trailingComma": "es5",
  "useTabs": false,
  "vueIndentScriptAndStyle": false,
  "filepath": "/home/bo7owers/Documents/websites/vite-apps/vue-portfolio/src/components/Nav/LangDropdown.vue",
  "parser": "vue"
}
["INFO" - 9:40:10 p.m.] Formatting completed in 15ms.
["INFO" - 9:40:19 p.m.] Formatting file:///home/bo7owers/Documents/websites/vite-apps/vue-portfolio/src/components/Nav/LangDropdown.vue
["INFO" - 9:40:19 p.m.] Using ignore file (if present) at /home/bo7owers/Documents/websites/vite-apps/vue-portfolio/.prettierignore
["INFO" - 9:40:19 p.m.] File Info:
{
  "ignored": false,
  "inferredParser": "vue"
}
["INFO" - 9:40:19 p.m.] No local configuration (i.e. .prettierrc or .editorconfig) detected, falling back to VS Code configuration
["INFO" - 9:40:19 p.m.] Prettier Options:
{
  "arrowParens": "always",
  "bracketSpacing": true,
  "endOfLine": "lf",
  "htmlWhitespaceSensitivity": "css",
  "insertPragma": false,
  "singleAttributePerLine": false,
  "bracketSameLine": false,
  "jsxBracketSameLine": false,
  "jsxSingleQuote": true,
  "printWidth": 80,
  "proseWrap": "preserve",
  "quoteProps": "as-needed",
  "requirePragma": false,
  "semi": false,
  "singleQuote": true,
  "tabWidth": 4,
  "trailingComma": "es5",
  "useTabs": false,
  "vueIndentScriptAndStyle": false,
  "filepath": "/home/bo7owers/Documents/websites/vite-apps/vue-portfolio/src/components/Nav/LangDropdown.vue",
  "parser": "vue"
}
["INFO" - 9:40:19 p.m.] Formatting completed in 14ms.
["INFO" - 9:40:22 p.m.] Formatting file:///home/bo7owers/Documents/websites/vite-apps/vue-portfolio/src/components/Nav/LangDropdown.vue
["INFO" - 9:40:22 p.m.] Using ignore file (if present) at /home/bo7owers/Documents/websites/vite-apps/vue-portfolio/.prettierignore
["INFO" - 9:40:22 p.m.] File Info:
{
  "ignored": false,
  "inferredParser": "vue"
}
["INFO" - 9:40:22 p.m.] No local configuration (i.e. .prettierrc or .editorconfig) detected, falling back to VS Code configuration
["INFO" - 9:40:22 p.m.] Prettier Options:
{
  "arrowParens": "always",
  "bracketSpacing": true,
  "endOfLine": "lf",
  "htmlWhitespaceSensitivity": "css",
  "insertPragma": false,
  "singleAttributePerLine": false,
  "bracketSameLine": false,
  "jsxBracketSameLine": false,
  "jsxSingleQuote": true,
  "printWidth": 80,
  "proseWrap": "preserve",
  "quoteProps": "as-needed",
  "requirePragma": false,
  "semi": false,
  "singleQuote": true,
  "tabWidth": 4,
  "trailingComma": "es5",
  "useTabs": false,
  "vueIndentScriptAndStyle": false,
  "filepath": "/home/bo7owers/Documents/websites/vite-apps/vue-portfolio/src/components/Nav/LangDropdown.vue",
  "parser": "vue"
}
["INFO" - 9:40:22 p.m.] Formatting completed in 14ms.
