2023-01-28 18:16:31.228 [info] Extension host with pid 28242 started
2023-01-28 18:16:31.228 [info] Skipping acquiring lock for /home/bo7owers/.config/VSCodium/User/workspaceStorage/a97002f6030ad8138c6c800dacf80554.
2023-01-28 18:16:31.337 [info] ExtensionService#_doActivateExtension Vue.volar, startup: false, activationEvent: 'onLanguage:plaintext'
2023-01-28 18:16:31.337 [info] ExtensionService#_doActivateExtension antfu.iconify, startup: false, activationEvent: 'onLanguage:vue'
2023-01-28 18:16:31.337 [info] ExtensionService#_doActivateExtension vscode.npm, startup: false, activationEvent: 'onLanguage:vue', root cause: esbenp.prettier-vscode
2023-01-28 18:16:31.338 [info] ExtensionService#_doActivateExtension lokalise.i18n-ally, startup: false, activationEvent: 'onLanguage:vue'
2023-01-28 18:16:31.338 [info] ExtensionService#_doActivateExtension vscode.git-base, startup: true, activationEvent: '*', root cause: vscode.git
2023-01-28 18:16:31.338 [info] ExtensionService#_doActivateExtension KnisterPeter.vscode-github, startup: true, activationEvent: '*'
2023-01-28 18:16:31.338 [info] ExtensionService#_doActivateExtension yandeu.five-server, startup: true, activationEvent: '*'
2023-01-28 18:16:31.991 [info] ExtensionService#_doActivateExtension vscode.git, startup: true, activationEvent: '*'
2023-01-28 18:16:31.991 [info] ExtensionService#_doActivateExtension vscode.github, startup: true, activationEvent: '*'
2023-01-28 18:16:32.182 [info] Eager extensions activated
2023-01-28 18:16:32.207 [info] ExtensionService#_doActivateExtension esbenp.prettier-vscode, startup: false, activationEvent: 'onLanguage:vue'
2023-01-28 18:16:32.208 [info] ExtensionService#_doActivateExtension vscode.debug-auto-launch, startup: false, activationEvent: 'onStartupFinished'
2023-01-28 18:16:32.208 [info] ExtensionService#_doActivateExtension vscode.emmet, startup: false, activationEvent: 'onStartupFinished'
2023-01-28 18:16:32.208 [info] ExtensionService#_doActivateExtension vscode.merge-conflict, startup: false, activationEvent: 'onStartupFinished'
2023-01-28 18:16:32.208 [info] ExtensionService#_doActivateExtension bradlc.vscode-tailwindcss, startup: false, activationEvent: 'onStartupFinished'
2023-01-28 18:16:32.208 [info] ExtensionService#_doActivateExtension eamodio.gitlens, startup: false, activationEvent: 'onStartupFinished'
2023-01-28 18:16:32.208 [info] ExtensionService#_doActivateExtension vscode.github-authentication, startup: false, activationEvent: 'onStartupFinished', root cause: GitHub.vscode-pull-request-github
2023-01-28 18:16:32.208 [info] ExtensionService#_doActivateExtension PKief.material-icon-theme, startup: false, activationEvent: 'onStartupFinished'
2023-01-28 18:16:32.208 [info] ExtensionService#_doActivateExtension voorjaar.windicss-intellisense, startup: false, activationEvent: 'onStartupFinished'
2023-01-28 18:16:32.542 [info] ExtensionService#_doActivateExtension GitHub.vscode-pull-request-github, startup: false, activationEvent: 'onStartupFinished'
2023-01-28 18:16:40.155 [info] Extension host terminating: received terminate message from renderer
2023-01-28 18:16:40.181 [warning] {"name":"Canceled"}
2023-01-28 18:16:40.183 [info] Extension host with pid 28242 exiting with code 0
