2023-01-29 17:14:12.001 [info] Log level: Info
2023-01-29 17:14:12.001 [info] Validating found git in: "git"
2023-01-29 17:14:12.001 [info] Using git "" from "git"
2023-01-29 17:14:12.001 [info] > git rev-parse --show-toplevel [12ms]
2023-01-29 17:14:12.006 [info] > git rev-parse --git-dir --git-common-dir [13ms]
2023-01-29 17:14:12.013 [info] Open repository: /home/bo7owers/Documents/websites/vite-apps/vue-portfolio
2023-01-29 17:14:12.060 [info] > git config --get commit.template [37ms]
2023-01-29 17:14:12.060 [info] > git rev-parse --show-toplevel [42ms]
2023-01-29 17:14:12.089 [info] > git rev-parse --show-toplevel [26ms]
2023-01-29 17:14:12.102 [info] > git for-each-ref --format=%(refname)%00%(upstream:short)%00%(objectname)%00%(upstream:track)%00%(upstream:remotename)%00%(upstream:remoteref) refs/heads/52-language-dropdown refs/remotes/52-language-dropdown [20ms]
2023-01-29 17:14:12.117 [info] > git status -z -uall [11ms]
2023-01-29 17:14:12.117 [info] > git rev-parse --show-toplevel [25ms]
2023-01-29 17:14:12.298 [info] > git for-each-ref --sort -committerdate --format %(refname) %(objectname) %(*objectname) [188ms]
2023-01-29 17:14:12.313 [info] > git rev-parse --show-toplevel [191ms]
2023-01-29 17:14:12.371 [info] > git config --get commit.template [65ms]
2023-01-29 17:14:12.382 [info] > git rev-parse --show-toplevel [65ms]
2023-01-29 17:14:12.388 [info] > git for-each-ref --format=%(refname)%00%(upstream:short)%00%(objectname)%00%(upstream:track)%00%(upstream:remotename)%00%(upstream:remoteref) refs/heads/52-language-dropdown refs/remotes/52-language-dropdown [2ms]
2023-01-29 17:14:12.396 [info] > git status -z -uall [4ms]
2023-01-29 17:14:12.400 [info] > git for-each-ref --sort -committerdate --format %(refname) %(objectname) %(*objectname) [4ms]
2023-01-29 17:14:12.604 [info] > git fetch [591ms]
2023-01-29 17:14:12.610 [info] > git check-ignore -v -z --stdin [12ms]
2023-01-29 17:14:12.622 [info] > git config --get commit.template [11ms]
2023-01-29 17:14:12.642 [info] > git for-each-ref --format=%(refname)%00%(upstream:short)%00%(objectname)%00%(upstream:track)%00%(upstream:remotename)%00%(upstream:remoteref) refs/heads/52-language-dropdown refs/remotes/52-language-dropdown [6ms]
2023-01-29 17:14:12.650 [info] > git status -z -uall [4ms]
2023-01-29 17:14:12.654 [info] > git for-each-ref --sort -committerdate --format %(refname) %(objectname) %(*objectname) [4ms]
2023-01-29 17:14:12.686 [info] > git config --local branch.52-language-dropdown.github-pr-owner-number [3ms]
2023-01-29 17:14:12.974 [info] > git show --textconv :src/components/Nav/LangDropdown.vue [5ms]
2023-01-29 17:14:12.974 [info] > git ls-files --stage -- /home/bo7owers/Documents/websites/vite-apps/vue-portfolio/src/components/Nav/LangDropdown.vue [1ms]
2023-01-29 17:14:12.978 [info] > git cat-file -s 0f04ac8e7a4b4151089b0b24407defacc3c8ff7e [0ms]
2023-01-29 17:14:13.709 [info] > git ls-files --stage -- /home/bo7owers/Documents/websites/vite-apps/vue-portfolio/src/components/Nav/LangDropdown.vue [1ms]
2023-01-29 17:14:13.714 [info] > git cat-file -s 0f04ac8e7a4b4151089b0b24407defacc3c8ff7e [1ms]
2023-01-29 17:14:13.754 [info] > git show --textconv :src/components/Nav/LangDropdown.vue [0ms]
2023-01-29 17:14:56.899 [info] > git config --get commit.template [5ms]
2023-01-29 17:14:56.899 [info] > git for-each-ref --format=%(refname)%00%(upstream:short)%00%(objectname)%00%(upstream:track)%00%(upstream:remotename)%00%(upstream:remoteref) refs/heads/52-language-dropdown refs/remotes/52-language-dropdown [1ms]
2023-01-29 17:14:56.907 [info] > git status -z -uall [3ms]
2023-01-29 17:14:56.908 [info] > git for-each-ref --sort -committerdate --format %(refname) %(objectname) %(*objectname) [1ms]
2023-01-29 17:15:33.947 [info] > git config --get commit.template [0ms]
2023-01-29 17:15:33.951 [info] > git for-each-ref --format=%(refname)%00%(upstream:short)%00%(objectname)%00%(upstream:track)%00%(upstream:remotename)%00%(upstream:remoteref) refs/heads/52-language-dropdown refs/remotes/52-language-dropdown [0ms]
2023-01-29 17:15:33.958 [info] > git status -z -uall [3ms]
2023-01-29 17:15:33.959 [info] > git for-each-ref --sort -committerdate --format %(refname) %(objectname) %(*objectname) [0ms]
2023-01-29 17:15:39.410 [info] > git config --get commit.template [4ms]
2023-01-29 17:15:39.410 [info] > git for-each-ref --format=%(refname)%00%(upstream:short)%00%(objectname)%00%(upstream:track)%00%(upstream:remotename)%00%(upstream:remoteref) refs/heads/52-language-dropdown refs/remotes/52-language-dropdown [1ms]
2023-01-29 17:15:39.416 [info] > git status -z -uall [3ms]
2023-01-29 17:15:39.417 [info] > git for-each-ref --sort -committerdate --format %(refname) %(objectname) %(*objectname) [1ms]
2023-01-29 17:16:04.961 [info] > git config --get commit.template [0ms]
2023-01-29 17:16:04.966 [info] > git for-each-ref --format=%(refname)%00%(upstream:short)%00%(objectname)%00%(upstream:track)%00%(upstream:remotename)%00%(upstream:remoteref) refs/heads/52-language-dropdown refs/remotes/52-language-dropdown [1ms]
2023-01-29 17:16:04.972 [info] > git status -z -uall [3ms]
2023-01-29 17:16:04.973 [info] > git for-each-ref --sort -committerdate --format %(refname) %(objectname) %(*objectname) [1ms]
2023-01-29 17:16:04.984 [info] > git ls-files --stage -- /home/bo7owers/Documents/websites/vite-apps/vue-portfolio/src/components/Nav/LangDropdown.vue [0ms]
2023-01-29 17:16:04.988 [info] > git cat-file -s 0f04ac8e7a4b4151089b0b24407defacc3c8ff7e [1ms]
2023-01-29 17:16:04.994 [info] > git show --textconv :src/components/Nav/LangDropdown.vue [0ms]
2023-01-29 17:16:23.641 [info] > git config --get commit.template [5ms]
2023-01-29 17:16:23.641 [info] > git for-each-ref --format=%(refname)%00%(upstream:short)%00%(objectname)%00%(upstream:track)%00%(upstream:remotename)%00%(upstream:remoteref) refs/heads/52-language-dropdown refs/remotes/52-language-dropdown [0ms]
2023-01-29 17:16:23.648 [info] > git status -z -uall [3ms]
2023-01-29 17:16:23.649 [info] > git for-each-ref --sort -committerdate --format %(refname) %(objectname) %(*objectname) [1ms]
2023-01-29 17:16:32.084 [info] > git config --get commit.template [4ms]
2023-01-29 17:16:32.084 [info] > git for-each-ref --format=%(refname)%00%(upstream:short)%00%(objectname)%00%(upstream:track)%00%(upstream:remotename)%00%(upstream:remoteref) refs/heads/52-language-dropdown refs/remotes/52-language-dropdown [0ms]
2023-01-29 17:16:32.097 [info] > git status -z -uall [9ms]
2023-01-29 17:16:32.097 [info] > git for-each-ref --sort -committerdate --format %(refname) %(objectname) %(*objectname) [7ms]
2023-01-29 17:17:08.242 [info] > git config --get commit.template [5ms]
2023-01-29 17:17:08.242 [info] > git for-each-ref --format=%(refname)%00%(upstream:short)%00%(objectname)%00%(upstream:track)%00%(upstream:remotename)%00%(upstream:remoteref) refs/heads/52-language-dropdown refs/remotes/52-language-dropdown [0ms]
2023-01-29 17:17:08.249 [info] > git status -z -uall [3ms]
2023-01-29 17:17:08.249 [info] > git for-each-ref --sort -committerdate --format %(refname) %(objectname) %(*objectname) [1ms]
2023-01-29 17:17:13.215 [info] > git fetch [555ms]
2023-01-29 17:17:13.223 [info] > git config --get commit.template [3ms]
2023-01-29 17:17:13.224 [info] > git for-each-ref --format=%(refname)%00%(upstream:short)%00%(objectname)%00%(upstream:track)%00%(upstream:remotename)%00%(upstream:remoteref) refs/heads/52-language-dropdown refs/remotes/52-language-dropdown [1ms]
2023-01-29 17:17:13.231 [info] > git status -z -uall [4ms]
2023-01-29 17:17:13.231 [info] > git for-each-ref --sort -committerdate --format %(refname) %(objectname) %(*objectname) [1ms]
2023-01-29 17:17:14.309 [info] > git ls-files --stage -- /home/bo7owers/Documents/websites/vite-apps/vue-portfolio/src/components/Nav/LangDropdown.vue [1ms]
2023-01-29 17:17:14.313 [info] > git cat-file -s 0f04ac8e7a4b4151089b0b24407defacc3c8ff7e [1ms]
2023-01-29 17:17:14.319 [info] > git show --textconv :src/components/Nav/LangDropdown.vue [0ms]
2023-01-29 17:17:19.309 [info] > git config --get commit.template [4ms]
2023-01-29 17:17:19.309 [info] > git for-each-ref --format=%(refname)%00%(upstream:short)%00%(objectname)%00%(upstream:track)%00%(upstream:remotename)%00%(upstream:remoteref) refs/heads/52-language-dropdown refs/remotes/52-language-dropdown [0ms]
2023-01-29 17:17:19.320 [info] > git status -z -uall [7ms]
2023-01-29 17:17:19.320 [info] > git for-each-ref --sort -committerdate --format %(refname) %(objectname) %(*objectname) [4ms]
2023-01-29 17:19:08.391 [info] > git config --get commit.template [6ms]
2023-01-29 17:19:08.394 [info] > git ls-files --stage -- /home/bo7owers/Documents/websites/vite-apps/vue-portfolio/src/components/Nav/LangDropdown.vue [4ms]
2023-01-29 17:19:08.398 [info] > git for-each-ref --format=%(refname)%00%(upstream:short)%00%(objectname)%00%(upstream:track)%00%(upstream:remotename)%00%(upstream:remoteref) refs/heads/52-language-dropdown refs/remotes/52-language-dropdown [4ms]
2023-01-29 17:19:08.404 [info] > git status -z -uall [3ms]
2023-01-29 17:19:08.405 [info] > git cat-file -s 04f5fdffa9a764d2eb6b3297764e55bc0f34e8d8 [8ms]
2023-01-29 17:19:08.405 [info] > git for-each-ref --sort -committerdate --format %(refname) %(objectname) %(*objectname) [1ms]
2023-01-29 17:19:08.456 [info] > git show --textconv :src/components/Nav/LangDropdown.vue [4ms]
2023-01-29 17:19:08.457 [info] > git config --local branch.52-language-dropdown.github-pr-owner-number [0ms]
