2023-01-27 21:07:58.698 [info] Added views:workbench.panel.markers.view in workbench.panel.markers
2023-01-27 21:07:58.698 [info] Added views:workbench.panel.output in workbench.panel.output
2023-01-27 21:07:58.698 [info] Added views:terminal in terminal
2023-01-27 21:07:58.698 [info] Added views:outline in workbench.view.explorer
2023-01-27 21:07:58.698 [info] Added views:workbench.scm in workbench.view.scm
2023-01-27 21:07:58.698 [info] Added views:workbench.view.search in workbench.view.search
2023-01-27 21:07:58.698 [info] Added views:timeline in workbench.view.explorer
2023-01-27 21:07:58.698 [info] Added views:workbench.explorer.fileView in workbench.view.explorer
2023-01-27 21:07:58.763 [info] Added views:workbench.debug.welcome in workbench.view.debug
2023-01-27 21:07:59.214 [info] Added views:gitlens.views.home in workbench.view.extension.gitlens
2023-01-27 21:07:59.215 [info] Added views:gitlens.views.commits,gitlens.views.commitDetails,gitlens.views.fileHistory,gitlens.views.branches,gitlens.views.remotes,gitlens.views.stashes,gitlens.views.tags,gitlens.views.searchAndCompare in workbench.view.scm
2023-01-27 21:07:59.216 [info] Added views:pr:github,issues:github in workbench.view.extension.github-pull-requests
2023-01-27 21:07:59.451 [info] Added views:workbench.panel.repl.view in workbench.panel.repl
2023-01-27 21:08:00.114 [info] Added views:i18n-ally-locales-sidebar-file,i18n-ally-locales-progress,i18n-ally-locales-tree,i18n-ally-locales-usage,i18n-ally-help-feedback in workbench.view.extension.i18n-ally
2023-01-27 21:08:00.115 [info] Added views:i18n-ally-locales-file-explorer in workbench.view.explorer
2023-01-27 21:08:00.314 [info] Added views:workbench.panel.comments in workbench.panel.comments
2023-01-27 21:08:00.708 [info] Added views:gitlens.views.timeline in workbench.view.extension.gitlensPanel
2023-01-27 21:08:00.709 [info] Added views:gitlens.views.worktrees in workbench.view.scm
2023-01-27 21:08:01.027 [info] Removed views:issues:github,pr:github from workbench.view.extension.github-pull-requests
2023-01-27 21:08:01.028 [info] Added views:github:login in workbench.view.extension.github-pull-requests
2023-01-27 21:08:01.049 [info] Added views:github:activePullRequest:welcome in workbench.view.extension.github-pull-request
2023-01-27 21:08:01.049 [info] Removed views:github:activePullRequest:welcome from workbench.view.extension.github-pull-request
2023-01-27 21:08:01.064 [info] Added views:vueComponentPreview in workbench.view.explorer
