[Trace 00:34:54.226] VsCodeClientWorkspace: TextDocument.onDidOpen: file:///home/bo7owers/Documents/websites/vite-apps/vue-portfolio/README.md
[Trace 00:34:54.227] VsCodeClientWorkspace: TextDocument.onDidChanceContent: file:///home/bo7owers/Documents/websites/vite-apps/vue-portfolio/README.md
[Trace 00:34:54.227] Server: connection.languages.diagnostics.on: file:///home/bo7owers/Documents/websites/vite-apps/vue-portfolio/README.md
[Debug 00:34:54.245] LinkProvider: compute - file:///home/bo7owers/Documents/websites/vite-apps/vue-portfolio/README.md
[Trace 00:34:54.346] Server: connection.languages.diagnostics.on: file:///home/bo7owers/Documents/websites/vite-apps/vue-portfolio/README.md
[Debug 00:34:54.475] MdFoldingProvider: provideFoldingRanges — file:///home/bo7owers/Documents/websites/vite-apps/vue-portfolio/README.md 1
[Debug 00:34:54.475] TableOfContentsProvider: create - file:///home/bo7owers/Documents/websites/vite-apps/vue-portfolio/README.md
[Trace 00:34:54.899] DocumentSymbolProvider: provideDocumentSymbols — file:///home/bo7owers/Documents/websites/vite-apps/vue-portfolio/README.md 1
[Debug 00:34:54.987] MdFoldingProvider: provideFoldingRanges — file:///home/bo7owers/Documents/websites/vite-apps/vue-portfolio/README.md 1
[Trace 00:34:58.583] VsCodeClientWorkspace: TextDocument.onDidChanceContent: file:///home/bo7owers/Documents/websites/vite-apps/vue-portfolio/README.md
[Trace 00:34:58.583] Server: connection.languages.diagnostics.on: file:///home/bo7owers/Documents/websites/vite-apps/vue-portfolio/README.md
[Debug 00:34:58.764] MdFoldingProvider: provideFoldingRanges — file:///home/bo7owers/Documents/websites/vite-apps/vue-portfolio/README.md 2
[Debug 00:34:58.765] TableOfContentsProvider: create - file:///home/bo7owers/Documents/websites/vite-apps/vue-portfolio/README.md
[Debug 00:34:58.823] LinkProvider: compute - file:///home/bo7owers/Documents/websites/vite-apps/vue-portfolio/README.md
[Trace 00:34:58.825] DocumentSymbolProvider: provideDocumentSymbols — file:///home/bo7owers/Documents/websites/vite-apps/vue-portfolio/README.md 2
[Trace 00:34:59.104] VsCodeClientWorkspace: TextDocument.onDidChanceContent: file:///home/bo7owers/Documents/websites/vite-apps/vue-portfolio/README.md
[Trace 00:34:59.104] Server: connection.languages.diagnostics.on: file:///home/bo7owers/Documents/websites/vite-apps/vue-portfolio/README.md
[Debug 00:34:59.303] MdFoldingProvider: provideFoldingRanges — file:///home/bo7owers/Documents/websites/vite-apps/vue-portfolio/README.md 3
[Debug 00:34:59.303] TableOfContentsProvider: create - file:///home/bo7owers/Documents/websites/vite-apps/vue-portfolio/README.md
[Debug 00:34:59.369] LinkProvider: compute - file:///home/bo7owers/Documents/websites/vite-apps/vue-portfolio/README.md
[Trace 00:34:59.370] DocumentSymbolProvider: provideDocumentSymbols — file:///home/bo7owers/Documents/websites/vite-apps/vue-portfolio/README.md 3
[Trace 00:35:00.195] VsCodeClientWorkspace: TextDocument.onDidChanceContent: file:///home/bo7owers/Documents/websites/vite-apps/vue-portfolio/README.md
[Trace 00:35:00.195] Server: connection.languages.diagnostics.on: file:///home/bo7owers/Documents/websites/vite-apps/vue-portfolio/README.md
[Debug 00:35:00.391] MdFoldingProvider: provideFoldingRanges — file:///home/bo7owers/Documents/websites/vite-apps/vue-portfolio/README.md 4
[Debug 00:35:00.391] TableOfContentsProvider: create - file:///home/bo7owers/Documents/websites/vite-apps/vue-portfolio/README.md
[Debug 00:35:00.443] LinkProvider: compute - file:///home/bo7owers/Documents/websites/vite-apps/vue-portfolio/README.md
[Trace 00:35:00.444] DocumentSymbolProvider: provideDocumentSymbols — file:///home/bo7owers/Documents/websites/vite-apps/vue-portfolio/README.md 4
[Trace 00:35:00.687] VsCodeClientWorkspace: TextDocument.onDidChanceContent: file:///home/bo7owers/Documents/websites/vite-apps/vue-portfolio/README.md
[Trace 00:35:00.687] Server: connection.languages.diagnostics.on: file:///home/bo7owers/Documents/websites/vite-apps/vue-portfolio/README.md
[Debug 00:35:00.884] MdFoldingProvider: provideFoldingRanges — file:///home/bo7owers/Documents/websites/vite-apps/vue-portfolio/README.md 5
[Debug 00:35:00.884] TableOfContentsProvider: create - file:///home/bo7owers/Documents/websites/vite-apps/vue-portfolio/README.md
[Trace 00:35:00.937] DocumentSymbolProvider: provideDocumentSymbols — file:///home/bo7owers/Documents/websites/vite-apps/vue-portfolio/README.md 5
[Debug 00:35:00.937] LinkProvider: compute - file:///home/bo7owers/Documents/websites/vite-apps/vue-portfolio/README.md
[Trace 00:35:01.183] VsCodeClientWorkspace: TextDocument.onDidChanceContent: file:///home/bo7owers/Documents/websites/vite-apps/vue-portfolio/README.md
[Trace 00:35:01.183] Server: connection.languages.diagnostics.on: file:///home/bo7owers/Documents/websites/vite-apps/vue-portfolio/README.md
[Debug 00:35:01.378] MdFoldingProvider: provideFoldingRanges — file:///home/bo7owers/Documents/websites/vite-apps/vue-portfolio/README.md 6
[Debug 00:35:01.378] TableOfContentsProvider: create - file:///home/bo7owers/Documents/websites/vite-apps/vue-portfolio/README.md
[Debug 00:35:01.431] LinkProvider: compute - file:///home/bo7owers/Documents/websites/vite-apps/vue-portfolio/README.md
[Trace 00:35:01.432] DocumentSymbolProvider: provideDocumentSymbols — file:///home/bo7owers/Documents/websites/vite-apps/vue-portfolio/README.md 6
[Trace 00:35:02.473] VsCodeClientWorkspace: TextDocument.onDidChanceContent: file:///home/bo7owers/Documents/websites/vite-apps/vue-portfolio/README.md
[Trace 00:35:02.474] Server: connection.languages.diagnostics.on: file:///home/bo7owers/Documents/websites/vite-apps/vue-portfolio/README.md
[Debug 00:35:02.668] MdFoldingProvider: provideFoldingRanges — file:///home/bo7owers/Documents/websites/vite-apps/vue-portfolio/README.md 7
[Debug 00:35:02.668] TableOfContentsProvider: create - file:///home/bo7owers/Documents/websites/vite-apps/vue-portfolio/README.md
[Debug 00:35:02.719] LinkProvider: compute - file:///home/bo7owers/Documents/websites/vite-apps/vue-portfolio/README.md
[Trace 00:35:02.721] DocumentSymbolProvider: provideDocumentSymbols — file:///home/bo7owers/Documents/websites/vite-apps/vue-portfolio/README.md 7
[Trace 00:35:03.174] VsCodeClientWorkspace: TextDocument.onDidChanceContent: file:///home/bo7owers/Documents/websites/vite-apps/vue-portfolio/README.md
[Trace 00:35:03.174] Server: connection.languages.diagnostics.on: file:///home/bo7owers/Documents/websites/vite-apps/vue-portfolio/README.md
[Debug 00:35:03.369] MdFoldingProvider: provideFoldingRanges — file:///home/bo7owers/Documents/websites/vite-apps/vue-portfolio/README.md 8
[Debug 00:35:03.369] TableOfContentsProvider: create - file:///home/bo7owers/Documents/websites/vite-apps/vue-portfolio/README.md
[Debug 00:35:03.420] LinkProvider: compute - file:///home/bo7owers/Documents/websites/vite-apps/vue-portfolio/README.md
[Trace 00:35:03.422] DocumentSymbolProvider: provideDocumentSymbols — file:///home/bo7owers/Documents/websites/vite-apps/vue-portfolio/README.md 8
[Trace 00:35:03.785] VsCodeClientWorkspace: TextDocument.onDidChanceContent: file:///home/bo7owers/Documents/websites/vite-apps/vue-portfolio/README.md
[Trace 00:35:03.785] Server: connection.languages.diagnostics.on: file:///home/bo7owers/Documents/websites/vite-apps/vue-portfolio/README.md
[Debug 00:35:03.980] MdFoldingProvider: provideFoldingRanges — file:///home/bo7owers/Documents/websites/vite-apps/vue-portfolio/README.md 9
[Debug 00:35:03.980] TableOfContentsProvider: create - file:///home/bo7owers/Documents/websites/vite-apps/vue-portfolio/README.md
[Debug 00:35:04.032] LinkProvider: compute - file:///home/bo7owers/Documents/websites/vite-apps/vue-portfolio/README.md
[Trace 00:35:04.033] DocumentSymbolProvider: provideDocumentSymbols — file:///home/bo7owers/Documents/websites/vite-apps/vue-portfolio/README.md 9
[Trace 00:35:06.129] VsCodeClientWorkspace: TextDocument.onDidChanceContent: file:///home/bo7owers/Documents/websites/vite-apps/vue-portfolio/README.md
[Trace 00:35:06.129] Server: connection.languages.diagnostics.on: file:///home/bo7owers/Documents/websites/vite-apps/vue-portfolio/README.md
[Debug 00:35:06.324] MdFoldingProvider: provideFoldingRanges — file:///home/bo7owers/Documents/websites/vite-apps/vue-portfolio/README.md 10
[Debug 00:35:06.324] TableOfContentsProvider: create - file:///home/bo7owers/Documents/websites/vite-apps/vue-portfolio/README.md
[Debug 00:35:06.375] LinkProvider: compute - file:///home/bo7owers/Documents/websites/vite-apps/vue-portfolio/README.md
[Trace 00:35:06.377] DocumentSymbolProvider: provideDocumentSymbols — file:///home/bo7owers/Documents/websites/vite-apps/vue-portfolio/README.md 10
[Trace 00:35:06.402] VsCodeClientWorkspace: TextDocument.onDidChanceContent: file:///home/bo7owers/Documents/websites/vite-apps/vue-portfolio/README.md
[Trace 00:35:06.402] Server: connection.languages.diagnostics.on: file:///home/bo7owers/Documents/websites/vite-apps/vue-portfolio/README.md
[Debug 00:35:06.597] MdFoldingProvider: provideFoldingRanges — file:///home/bo7owers/Documents/websites/vite-apps/vue-portfolio/README.md 11
[Debug 00:35:06.597] TableOfContentsProvider: create - file:///home/bo7owers/Documents/websites/vite-apps/vue-portfolio/README.md
[Trace 00:35:06.650] DocumentSymbolProvider: provideDocumentSymbols — file:///home/bo7owers/Documents/websites/vite-apps/vue-portfolio/README.md 11
[Debug 00:35:06.650] LinkProvider: compute - file:///home/bo7owers/Documents/websites/vite-apps/vue-portfolio/README.md
[Trace 00:35:06.703] VsCodeClientWorkspace: TextDocument.onDidChanceContent: file:///home/bo7owers/Documents/websites/vite-apps/vue-portfolio/README.md
[Trace 00:35:06.703] Server: connection.languages.diagnostics.on: file:///home/bo7owers/Documents/websites/vite-apps/vue-portfolio/README.md
[Debug 00:35:06.899] MdFoldingProvider: provideFoldingRanges — file:///home/bo7owers/Documents/websites/vite-apps/vue-portfolio/README.md 12
[Debug 00:35:06.899] TableOfContentsProvider: create - file:///home/bo7owers/Documents/websites/vite-apps/vue-portfolio/README.md
[Debug 00:35:06.951] LinkProvider: compute - file:///home/bo7owers/Documents/websites/vite-apps/vue-portfolio/README.md
[Trace 00:35:06.953] DocumentSymbolProvider: provideDocumentSymbols — file:///home/bo7owers/Documents/websites/vite-apps/vue-portfolio/README.md 12
[Trace 00:35:07.048] VsCodeClientWorkspace: TextDocument.onDidChanceContent: file:///home/bo7owers/Documents/websites/vite-apps/vue-portfolio/README.md
[Trace 00:35:07.048] Server: connection.languages.diagnostics.on: file:///home/bo7owers/Documents/websites/vite-apps/vue-portfolio/README.md
[Debug 00:35:07.242] MdFoldingProvider: provideFoldingRanges — file:///home/bo7owers/Documents/websites/vite-apps/vue-portfolio/README.md 13
[Debug 00:35:07.242] TableOfContentsProvider: create - file:///home/bo7owers/Documents/websites/vite-apps/vue-portfolio/README.md
[Trace 00:35:07.303] DocumentSymbolProvider: provideDocumentSymbols — file:///home/bo7owers/Documents/websites/vite-apps/vue-portfolio/README.md 13
[Debug 00:35:07.303] LinkProvider: compute - file:///home/bo7owers/Documents/websites/vite-apps/vue-portfolio/README.md
[Trace 00:37:05.063] Server: connection.languages.diagnostics.on: file:///home/bo7owers/Documents/websites/vite-apps/vue-portfolio/README.md
[Trace 00:38:08.553] Server: connection.languages.diagnostics.on: file:///home/bo7owers/Documents/websites/vite-apps/vue-portfolio/README.md
[Debug 00:38:08.721] MdFoldingProvider: provideFoldingRanges — file:///home/bo7owers/Documents/websites/vite-apps/vue-portfolio/README.md 13
[Trace 00:38:24.509] Server: connection.languages.diagnostics.on: file:///home/bo7owers/Documents/websites/vite-apps/vue-portfolio/README.md
[Trace 00:38:53.863] Server: connection.languages.diagnostics.on: file:///home/bo7owers/Documents/websites/vite-apps/vue-portfolio/README.md
[Debug 00:38:54.037] MdFoldingProvider: provideFoldingRanges — file:///home/bo7owers/Documents/websites/vite-apps/vue-portfolio/README.md 13
[Trace 00:38:55.273] VsCodeClientWorkspace: TextDocument.onDidClose: file:///home/bo7owers/Documents/websites/vite-apps/vue-portfolio/README.md
[Trace 00:38:55.273] VsCodeClientWorkspace: deleteDocument: file:///home/bo7owers/Documents/websites/vite-apps/vue-portfolio/README.md
