["INFO" - 7:34:54 p.m.] Extension Name: esbenp.prettier-vscode.
["INFO" - 7:34:54 p.m.] Extension Version: 9.10.3.
["INFO" - 7:39:50 p.m.] Formatting file:///home/bo7owers/Documents/websites/vite-apps/vue-portfolio/src/components/Navigation.vue
["INFO" - 7:39:50 p.m.] Using ignore file (if present) at /home/bo7owers/Documents/websites/vite-apps/vue-portfolio/.prettierignore
["INFO" - 7:39:50 p.m.] File Info:
{
  "ignored": false,
  "inferredParser": "vue"
}
["INFO" - 7:39:50 p.m.] No local configuration (i.e. .prettierrc or .editorconfig) detected, falling back to VS Code configuration
["INFO" - 7:39:50 p.m.] Prettier Options:
{
  "arrowParens": "always",
  "bracketSpacing": true,
  "endOfLine": "lf",
  "htmlWhitespaceSensitivity": "css",
  "insertPragma": false,
  "singleAttributePerLine": false,
  "bracketSameLine": false,
  "jsxBracketSameLine": false,
  "jsxSingleQuote": true,
  "printWidth": 80,
  "proseWrap": "preserve",
  "quoteProps": "as-needed",
  "requirePragma": false,
  "semi": false,
  "singleQuote": true,
  "tabWidth": 4,
  "trailingComma": "es5",
  "useTabs": false,
  "vueIndentScriptAndStyle": false,
  "filepath": "/home/bo7owers/Documents/websites/vite-apps/vue-portfolio/src/components/Navigation.vue",
  "parser": "vue"
}
["INFO" - 7:39:50 p.m.] Formatting completed in 162ms.
["INFO" - 7:40:24 p.m.] Formatting file:///home/bo7owers/Documents/websites/vite-apps/vue-portfolio/src/composables/pages.ts
["INFO" - 7:40:24 p.m.] Using ignore file (if present) at /home/bo7owers/Documents/websites/vite-apps/vue-portfolio/.prettierignore
["INFO" - 7:40:24 p.m.] File Info:
{
  "ignored": false,
  "inferredParser": "typescript"
}
["INFO" - 7:40:24 p.m.] No local configuration (i.e. .prettierrc or .editorconfig) detected, falling back to VS Code configuration
["INFO" - 7:40:24 p.m.] Prettier Options:
{
  "arrowParens": "always",
  "bracketSpacing": true,
  "endOfLine": "lf",
  "htmlWhitespaceSensitivity": "css",
  "insertPragma": false,
  "singleAttributePerLine": false,
  "bracketSameLine": false,
  "jsxBracketSameLine": false,
  "jsxSingleQuote": true,
  "printWidth": 80,
  "proseWrap": "preserve",
  "quoteProps": "as-needed",
  "requirePragma": false,
  "semi": false,
  "singleQuote": true,
  "tabWidth": 4,
  "trailingComma": "es5",
  "useTabs": false,
  "vueIndentScriptAndStyle": false,
  "filepath": "/home/bo7owers/Documents/websites/vite-apps/vue-portfolio/src/composables/pages.ts",
  "parser": "typescript"
}
["INFO" - 7:40:24 p.m.] Formatting completed in 130ms.
["INFO" - 7:41:07 p.m.] Formatting file:///home/bo7owers/Documents/websites/vite-apps/vue-portfolio/src/composables/pages.ts
["INFO" - 7:41:07 p.m.] Using ignore file (if present) at /home/bo7owers/Documents/websites/vite-apps/vue-portfolio/.prettierignore
["INFO" - 7:41:07 p.m.] File Info:
{
  "ignored": false,
  "inferredParser": "typescript"
}
["INFO" - 7:41:07 p.m.] No local configuration (i.e. .prettierrc or .editorconfig) detected, falling back to VS Code configuration
["INFO" - 7:41:07 p.m.] Prettier Options:
{
  "arrowParens": "always",
  "bracketSpacing": true,
  "endOfLine": "lf",
  "htmlWhitespaceSensitivity": "css",
  "insertPragma": false,
  "singleAttributePerLine": false,
  "bracketSameLine": false,
  "jsxBracketSameLine": false,
  "jsxSingleQuote": true,
  "printWidth": 80,
  "proseWrap": "preserve",
  "quoteProps": "as-needed",
  "requirePragma": false,
  "semi": false,
  "singleQuote": true,
  "tabWidth": 4,
  "trailingComma": "es5",
  "useTabs": false,
  "vueIndentScriptAndStyle": false,
  "filepath": "/home/bo7owers/Documents/websites/vite-apps/vue-portfolio/src/composables/pages.ts",
  "parser": "typescript"
}
["INFO" - 7:41:07 p.m.] Formatting completed in 12ms.
["INFO" - 7:42:10 p.m.] Formatting file:///home/bo7owers/Documents/websites/vite-apps/vue-portfolio/src/composables/pages.ts
["INFO" - 7:42:10 p.m.] Using ignore file (if present) at /home/bo7owers/Documents/websites/vite-apps/vue-portfolio/.prettierignore
["INFO" - 7:42:10 p.m.] File Info:
{
  "ignored": false,
  "inferredParser": "typescript"
}
["INFO" - 7:42:10 p.m.] No local configuration (i.e. .prettierrc or .editorconfig) detected, falling back to VS Code configuration
["INFO" - 7:42:10 p.m.] Prettier Options:
{
  "arrowParens": "always",
  "bracketSpacing": true,
  "endOfLine": "lf",
  "htmlWhitespaceSensitivity": "css",
  "insertPragma": false,
  "singleAttributePerLine": false,
  "bracketSameLine": false,
  "jsxBracketSameLine": false,
  "jsxSingleQuote": true,
  "printWidth": 80,
  "proseWrap": "preserve",
  "quoteProps": "as-needed",
  "requirePragma": false,
  "semi": false,
  "singleQuote": true,
  "tabWidth": 4,
  "trailingComma": "es5",
  "useTabs": false,
  "vueIndentScriptAndStyle": false,
  "filepath": "/home/bo7owers/Documents/websites/vite-apps/vue-portfolio/src/composables/pages.ts",
  "parser": "typescript"
}
["INFO" - 7:42:10 p.m.] Formatting completed in 9ms.
["INFO" - 7:42:14 p.m.] Formatting file:///home/bo7owers/Documents/websites/vite-apps/vue-portfolio/src/composables/pages.ts
["INFO" - 7:42:14 p.m.] Using ignore file (if present) at /home/bo7owers/Documents/websites/vite-apps/vue-portfolio/.prettierignore
["INFO" - 7:42:14 p.m.] File Info:
{
  "ignored": false,
  "inferredParser": "typescript"
}
["INFO" - 7:42:14 p.m.] No local configuration (i.e. .prettierrc or .editorconfig) detected, falling back to VS Code configuration
["INFO" - 7:42:14 p.m.] Prettier Options:
{
  "arrowParens": "always",
  "bracketSpacing": true,
  "endOfLine": "lf",
  "htmlWhitespaceSensitivity": "css",
  "insertPragma": false,
  "singleAttributePerLine": false,
  "bracketSameLine": false,
  "jsxBracketSameLine": false,
  "jsxSingleQuote": true,
  "printWidth": 80,
  "proseWrap": "preserve",
  "quoteProps": "as-needed",
  "requirePragma": false,
  "semi": false,
  "singleQuote": true,
  "tabWidth": 4,
  "trailingComma": "es5",
  "useTabs": false,
  "vueIndentScriptAndStyle": false,
  "filepath": "/home/bo7owers/Documents/websites/vite-apps/vue-portfolio/src/composables/pages.ts",
  "parser": "typescript"
}
["INFO" - 7:42:14 p.m.] Formatting completed in 9ms.
["INFO" - 7:44:15 p.m.] Formatting file:///home/bo7owers/Documents/websites/vite-apps/vue-portfolio/src/components/Navigation.vue
["INFO" - 7:44:15 p.m.] Using ignore file (if present) at /home/bo7owers/Documents/websites/vite-apps/vue-portfolio/.prettierignore
["INFO" - 7:44:15 p.m.] File Info:
{
  "ignored": false,
  "inferredParser": "vue"
}
["INFO" - 7:44:15 p.m.] No local configuration (i.e. .prettierrc or .editorconfig) detected, falling back to VS Code configuration
["INFO" - 7:44:15 p.m.] Prettier Options:
{
  "arrowParens": "always",
  "bracketSpacing": true,
  "endOfLine": "lf",
  "htmlWhitespaceSensitivity": "css",
  "insertPragma": false,
  "singleAttributePerLine": false,
  "bracketSameLine": false,
  "jsxBracketSameLine": false,
  "jsxSingleQuote": true,
  "printWidth": 80,
  "proseWrap": "preserve",
  "quoteProps": "as-needed",
  "requirePragma": false,
  "semi": false,
  "singleQuote": true,
  "tabWidth": 4,
  "trailingComma": "es5",
  "useTabs": false,
  "vueIndentScriptAndStyle": false,
  "filepath": "/home/bo7owers/Documents/websites/vite-apps/vue-portfolio/src/components/Navigation.vue",
  "parser": "vue"
}
["INFO" - 7:44:15 p.m.] Formatting completed in 64ms.
["INFO" - 7:44:51 p.m.] Formatting file:///home/bo7owers/Documents/websites/vite-apps/vue-portfolio/src/components/Navigation.vue
["INFO" - 7:44:51 p.m.] Using ignore file (if present) at /home/bo7owers/Documents/websites/vite-apps/vue-portfolio/.prettierignore
["INFO" - 7:44:51 p.m.] File Info:
{
  "ignored": false,
  "inferredParser": "vue"
}
["INFO" - 7:44:51 p.m.] No local configuration (i.e. .prettierrc or .editorconfig) detected, falling back to VS Code configuration
["INFO" - 7:44:51 p.m.] Prettier Options:
{
  "arrowParens": "always",
  "bracketSpacing": true,
  "endOfLine": "lf",
  "htmlWhitespaceSensitivity": "css",
  "insertPragma": false,
  "singleAttributePerLine": false,
  "bracketSameLine": false,
  "jsxBracketSameLine": false,
  "jsxSingleQuote": true,
  "printWidth": 80,
  "proseWrap": "preserve",
  "quoteProps": "as-needed",
  "requirePragma": false,
  "semi": false,
  "singleQuote": true,
  "tabWidth": 4,
  "trailingComma": "es5",
  "useTabs": false,
  "vueIndentScriptAndStyle": false,
  "filepath": "/home/bo7owers/Documents/websites/vite-apps/vue-portfolio/src/components/Navigation.vue",
  "parser": "vue"
}
["INFO" - 7:44:51 p.m.] Formatting completed in 63ms.
["INFO" - 7:45:55 p.m.] Formatting file:///home/bo7owers/Documents/websites/vite-apps/vue-portfolio/src/components/Navigation.vue
["INFO" - 7:45:55 p.m.] Using ignore file (if present) at /home/bo7owers/Documents/websites/vite-apps/vue-portfolio/.prettierignore
["INFO" - 7:45:55 p.m.] File Info:
{
  "ignored": false,
  "inferredParser": "vue"
}
["INFO" - 7:45:55 p.m.] No local configuration (i.e. .prettierrc or .editorconfig) detected, falling back to VS Code configuration
["INFO" - 7:45:55 p.m.] Prettier Options:
{
  "arrowParens": "always",
  "bracketSpacing": true,
  "endOfLine": "lf",
  "htmlWhitespaceSensitivity": "css",
  "insertPragma": false,
  "singleAttributePerLine": false,
  "bracketSameLine": false,
  "jsxBracketSameLine": false,
  "jsxSingleQuote": true,
  "printWidth": 80,
  "proseWrap": "preserve",
  "quoteProps": "as-needed",
  "requirePragma": false,
  "semi": false,
  "singleQuote": true,
  "tabWidth": 4,
  "trailingComma": "es5",
  "useTabs": false,
  "vueIndentScriptAndStyle": false,
  "filepath": "/home/bo7owers/Documents/websites/vite-apps/vue-portfolio/src/components/Navigation.vue",
  "parser": "vue"
}
["INFO" - 7:45:55 p.m.] Formatting completed in 54ms.
["INFO" - 7:46:04 p.m.] Formatting file:///home/bo7owers/Documents/websites/vite-apps/vue-portfolio/src/components/Navigation.vue
["INFO" - 7:46:04 p.m.] Using ignore file (if present) at /home/bo7owers/Documents/websites/vite-apps/vue-portfolio/.prettierignore
["INFO" - 7:46:04 p.m.] File Info:
{
  "ignored": false,
  "inferredParser": "vue"
}
["INFO" - 7:46:04 p.m.] No local configuration (i.e. .prettierrc or .editorconfig) detected, falling back to VS Code configuration
["INFO" - 7:46:04 p.m.] Prettier Options:
{
  "arrowParens": "always",
  "bracketSpacing": true,
  "endOfLine": "lf",
  "htmlWhitespaceSensitivity": "css",
  "insertPragma": false,
  "singleAttributePerLine": false,
  "bracketSameLine": false,
  "jsxBracketSameLine": false,
  "jsxSingleQuote": true,
  "printWidth": 80,
  "proseWrap": "preserve",
  "quoteProps": "as-needed",
  "requirePragma": false,
  "semi": false,
  "singleQuote": true,
  "tabWidth": 4,
  "trailingComma": "es5",
  "useTabs": false,
  "vueIndentScriptAndStyle": false,
  "filepath": "/home/bo7owers/Documents/websites/vite-apps/vue-portfolio/src/components/Navigation.vue",
  "parser": "vue"
}
["INFO" - 7:46:05 p.m.] Formatting completed in 50ms.
["INFO" - 7:46:32 p.m.] Formatting file:///home/bo7owers/Documents/websites/vite-apps/vue-portfolio/src/components/Navigation.vue
["INFO" - 7:46:32 p.m.] Using ignore file (if present) at /home/bo7owers/Documents/websites/vite-apps/vue-portfolio/.prettierignore
["INFO" - 7:46:32 p.m.] File Info:
{
  "ignored": false,
  "inferredParser": "vue"
}
["INFO" - 7:46:32 p.m.] No local configuration (i.e. .prettierrc or .editorconfig) detected, falling back to VS Code configuration
["INFO" - 7:46:32 p.m.] Prettier Options:
{
  "arrowParens": "always",
  "bracketSpacing": true,
  "endOfLine": "lf",
  "htmlWhitespaceSensitivity": "css",
  "insertPragma": false,
  "singleAttributePerLine": false,
  "bracketSameLine": false,
  "jsxBracketSameLine": false,
  "jsxSingleQuote": true,
  "printWidth": 80,
  "proseWrap": "preserve",
  "quoteProps": "as-needed",
  "requirePragma": false,
  "semi": false,
  "singleQuote": true,
  "tabWidth": 4,
  "trailingComma": "es5",
  "useTabs": false,
  "vueIndentScriptAndStyle": false,
  "filepath": "/home/bo7owers/Documents/websites/vite-apps/vue-portfolio/src/components/Navigation.vue",
  "parser": "vue"
}
["INFO" - 7:46:32 p.m.] Formatting completed in 61ms.
["INFO" - 7:46:42 p.m.] Formatting file:///home/bo7owers/Documents/websites/vite-apps/vue-portfolio/src/components/Navigation.vue
["INFO" - 7:46:42 p.m.] Using ignore file (if present) at /home/bo7owers/Documents/websites/vite-apps/vue-portfolio/.prettierignore
["INFO" - 7:46:42 p.m.] File Info:
{
  "ignored": false,
  "inferredParser": "vue"
}
["INFO" - 7:46:42 p.m.] No local configuration (i.e. .prettierrc or .editorconfig) detected, falling back to VS Code configuration
["INFO" - 7:46:42 p.m.] Prettier Options:
{
  "arrowParens": "always",
  "bracketSpacing": true,
  "endOfLine": "lf",
  "htmlWhitespaceSensitivity": "css",
  "insertPragma": false,
  "singleAttributePerLine": false,
  "bracketSameLine": false,
  "jsxBracketSameLine": false,
  "jsxSingleQuote": true,
  "printWidth": 80,
  "proseWrap": "preserve",
  "quoteProps": "as-needed",
  "requirePragma": false,
  "semi": false,
  "singleQuote": true,
  "tabWidth": 4,
  "trailingComma": "es5",
  "useTabs": false,
  "vueIndentScriptAndStyle": false,
  "filepath": "/home/bo7owers/Documents/websites/vite-apps/vue-portfolio/src/components/Navigation.vue",
  "parser": "vue"
}
["INFO" - 7:46:42 p.m.] Formatting completed in 63ms.
["INFO" - 7:47:43 p.m.] Formatting file:///home/bo7owers/Documents/websites/vite-apps/vue-portfolio/src/components/Navigation.vue
["INFO" - 7:47:43 p.m.] Using ignore file (if present) at /home/bo7owers/Documents/websites/vite-apps/vue-portfolio/.prettierignore
["INFO" - 7:47:43 p.m.] File Info:
{
  "ignored": false,
  "inferredParser": "vue"
}
["INFO" - 7:47:43 p.m.] No local configuration (i.e. .prettierrc or .editorconfig) detected, falling back to VS Code configuration
["INFO" - 7:47:43 p.m.] Prettier Options:
{
  "arrowParens": "always",
  "bracketSpacing": true,
  "endOfLine": "lf",
  "htmlWhitespaceSensitivity": "css",
  "insertPragma": false,
  "singleAttributePerLine": false,
  "bracketSameLine": false,
  "jsxBracketSameLine": false,
  "jsxSingleQuote": true,
  "printWidth": 80,
  "proseWrap": "preserve",
  "quoteProps": "as-needed",
  "requirePragma": false,
  "semi": false,
  "singleQuote": true,
  "tabWidth": 4,
  "trailingComma": "es5",
  "useTabs": false,
  "vueIndentScriptAndStyle": false,
  "filepath": "/home/bo7owers/Documents/websites/vite-apps/vue-portfolio/src/components/Navigation.vue",
  "parser": "vue"
}
["INFO" - 7:47:43 p.m.] Formatting completed in 44ms.
["INFO" - 7:48:11 p.m.] Formatting file:///home/bo7owers/Documents/websites/vite-apps/vue-portfolio/src/components/Navigation.vue
["INFO" - 7:48:11 p.m.] Using ignore file (if present) at /home/bo7owers/Documents/websites/vite-apps/vue-portfolio/.prettierignore
["INFO" - 7:48:11 p.m.] File Info:
{
  "ignored": false,
  "inferredParser": "vue"
}
["INFO" - 7:48:11 p.m.] No local configuration (i.e. .prettierrc or .editorconfig) detected, falling back to VS Code configuration
["INFO" - 7:48:11 p.m.] Prettier Options:
{
  "arrowParens": "always",
  "bracketSpacing": true,
  "endOfLine": "lf",
  "htmlWhitespaceSensitivity": "css",
  "insertPragma": false,
  "singleAttributePerLine": false,
  "bracketSameLine": false,
  "jsxBracketSameLine": false,
  "jsxSingleQuote": true,
  "printWidth": 80,
  "proseWrap": "preserve",
  "quoteProps": "as-needed",
  "requirePragma": false,
  "semi": false,
  "singleQuote": true,
  "tabWidth": 4,
  "trailingComma": "es5",
  "useTabs": false,
  "vueIndentScriptAndStyle": false,
  "filepath": "/home/bo7owers/Documents/websites/vite-apps/vue-portfolio/src/components/Navigation.vue",
  "parser": "vue"
}
["INFO" - 7:48:11 p.m.] Formatting completed in 54ms.
