2023-01-27 21:07:59.395 [info] Extension host with pid 26494 started
2023-01-27 21:07:59.395 [info] Skipping acquiring lock for /home/bo7owers/.config/VSCodium/User/workspaceStorage/a97002f6030ad8138c6c800dacf80554.
2023-01-27 21:07:59.454 [info] ExtensionService#_doActivateExtension Vue.volar, startup: false, activationEvent: 'onLanguage:plaintext'
2023-01-27 21:07:59.454 [info] ExtensionService#_doActivateExtension antfu.iconify, startup: false, activationEvent: 'onLanguage:vue'
2023-01-27 21:07:59.454 [info] ExtensionService#_doActivateExtension vscode.npm, startup: false, activationEvent: 'onLanguage:vue', root cause: esbenp.prettier-vscode
2023-01-27 21:07:59.454 [info] ExtensionService#_doActivateExtension lokalise.i18n-ally, startup: false, activationEvent: 'onLanguage:vue'
2023-01-27 21:07:59.455 [info] ExtensionService#_doActivateExtension vscode.git-base, startup: true, activationEvent: '*', root cause: vscode.git
2023-01-27 21:07:59.455 [info] ExtensionService#_doActivateExtension KnisterPeter.vscode-github, startup: true, activationEvent: '*'
2023-01-27 21:07:59.455 [info] ExtensionService#_doActivateExtension yandeu.five-server, startup: true, activationEvent: '*'
2023-01-27 21:08:00.138 [info] ExtensionService#_doActivateExtension vscode.git, startup: true, activationEvent: '*'
2023-01-27 21:08:00.138 [info] ExtensionService#_doActivateExtension vscode.github, startup: true, activationEvent: '*'
2023-01-27 21:08:00.355 [info] Eager extensions activated
2023-01-27 21:08:00.382 [info] ExtensionService#_doActivateExtension esbenp.prettier-vscode, startup: false, activationEvent: 'onLanguage:vue'
2023-01-27 21:08:00.383 [info] ExtensionService#_doActivateExtension vscode.debug-auto-launch, startup: false, activationEvent: 'onStartupFinished'
2023-01-27 21:08:00.383 [info] ExtensionService#_doActivateExtension vscode.emmet, startup: false, activationEvent: 'onStartupFinished'
2023-01-27 21:08:00.383 [info] ExtensionService#_doActivateExtension vscode.merge-conflict, startup: false, activationEvent: 'onStartupFinished'
2023-01-27 21:08:00.383 [info] ExtensionService#_doActivateExtension bradlc.vscode-tailwindcss, startup: false, activationEvent: 'onStartupFinished'
2023-01-27 21:08:00.383 [info] ExtensionService#_doActivateExtension eamodio.gitlens, startup: false, activationEvent: 'onStartupFinished'
2023-01-27 21:08:00.383 [info] ExtensionService#_doActivateExtension vscode.github-authentication, startup: false, activationEvent: 'onStartupFinished', root cause: GitHub.vscode-pull-request-github
2023-01-27 21:08:00.383 [info] ExtensionService#_doActivateExtension PKief.material-icon-theme, startup: false, activationEvent: 'onStartupFinished'
2023-01-27 21:08:00.383 [info] ExtensionService#_doActivateExtension voorjaar.windicss-intellisense, startup: false, activationEvent: 'onStartupFinished'
2023-01-27 21:08:00.741 [info] ExtensionService#_doActivateExtension GitHub.vscode-pull-request-github, startup: false, activationEvent: 'onStartupFinished'
2023-01-27 21:08:03.041 [info] Extension host terminating: received terminate message from renderer
2023-01-27 21:08:03.063 [warning] {"name":"Canceled"}
2023-01-27 21:08:03.064 [info] Extension host with pid 26494 exiting with code 0
