2023-01-27 21:08:00.248 [info] Log level: Info
2023-01-27 21:08:00.248 [info] Validating found git in: "git"
2023-01-27 21:08:00.248 [info] Using git "" from "git"
2023-01-27 21:08:00.248 [info] > git rev-parse --show-toplevel [12ms]
2023-01-27 21:08:00.260 [info] > git rev-parse --git-dir --git-common-dir [16ms]
2023-01-27 21:08:00.268 [info] Open repository: /home/bo7owers/Documents/websites/vite-apps/vue-portfolio
2023-01-27 21:08:00.289 [info] > git config --get commit.template [12ms]
2023-01-27 21:08:00.290 [info] > git rev-parse --show-toplevel [16ms]
2023-01-27 21:08:00.321 [info] > git rev-parse --show-toplevel [28ms]
2023-01-27 21:08:00.336 [info] > git for-each-ref --format=%(refname)%00%(upstream:short)%00%(objectname)%00%(upstream:track)%00%(upstream:remotename)%00%(upstream:remoteref) refs/heads/52-language-dropdown refs/remotes/52-language-dropdown [21ms]
2023-01-27 21:08:00.350 [info] > git status -z -uall [10ms]
2023-01-27 21:08:00.350 [info] > git rev-parse --show-toplevel [25ms]
2023-01-27 21:08:00.362 [info] > git for-each-ref --sort -committerdate --format %(refname) %(objectname) %(*objectname) [18ms]
2023-01-27 21:08:00.377 [info] > git rev-parse --show-toplevel [24ms]
2023-01-27 21:08:00.605 [info] > git rev-parse --show-toplevel [223ms]
2023-01-27 21:08:00.605 [info] > git config --get commit.template [234ms]
2023-01-27 21:08:00.613 [info] > git fetch [345ms]
2023-01-27 21:08:00.613 [info] Missing or invalid credentials.
Skip silent fetch commands
git@github.com: Permission denied (publickey).
fatal: Could not read from remote repository.

Please make sure you have the correct access rights
and the repository exists.
2023-01-27 21:08:00.699 [info] > git show --textconv :src/components/Nav/LangDropdown.vue [6ms]
2023-01-27 21:08:00.700 [info] > git for-each-ref --format=%(refname)%00%(upstream:short)%00%(objectname)%00%(upstream:track)%00%(upstream:remotename)%00%(upstream:remoteref) refs/heads/52-language-dropdown refs/remotes/52-language-dropdown [19ms]
2023-01-27 21:08:00.721 [info] > git status -z -uall [17ms]
2023-01-27 21:08:00.722 [info] > git for-each-ref --sort -committerdate --format %(refname) %(objectname) %(*objectname) [14ms]
2023-01-27 21:08:00.723 [info] > git ls-files --stage -- /home/bo7owers/Documents/websites/vite-apps/vue-portfolio/src/components/Nav/LangDropdown.vue [25ms]
2023-01-27 21:08:00.802 [info] > git cat-file -s 0f04ac8e7a4b4151089b0b24407defacc3c8ff7e [73ms]
2023-01-27 21:08:00.816 [info] > git check-ignore -v -z --stdin [8ms]
2023-01-27 21:08:01.025 [info] > git config --local branch.52-language-dropdown.github-pr-owner-number [1ms]
2023-01-27 21:08:01.442 [info] > git ls-files --stage -- /home/bo7owers/Documents/websites/vite-apps/vue-portfolio/src/components/Nav/LangDropdown.vue [1ms]
2023-01-27 21:08:01.447 [info] > git cat-file -s 0f04ac8e7a4b4151089b0b24407defacc3c8ff7e [0ms]
2023-01-27 21:08:01.455 [info] > git show --textconv :src/components/Nav/LangDropdown.vue [1ms]
