2023-01-24 19:34:53.991 [warning] [mainThreadStorage] large extension state detected (extensionId: antfu.iconify, global: true): 14554.1396484375kb. Consider to use 'storageUri' or 'globalStorageUri' to store this data on disk instead.
2023-01-24 19:34:55.875 [info] [perf] Render performance baseline is 29ms
2023-01-24 19:47:13.040 [error] Cannot read properties of undefined (reading 'auto'): TypeError: Cannot read properties of undefined (reading 'auto')
    at la.E (vscode-file://vscode-app/snap/codium/289/usr/share/codium/resources/app/out/vs/workbench/workbench.desktop.main.js:769:14914)
    at la.A (vscode-file://vscode-app/snap/codium/289/usr/share/codium/resources/app/out/vs/workbench/workbench.desktop.main.js:769:11261)
    at vscode-file://vscode-app/snap/codium/289/usr/share/codium/resources/app/out/vs/workbench/workbench.desktop.main.js:769:8577
    at u.invoke (vscode-file://vscode-app/snap/codium/289/usr/share/codium/resources/app/out/vs/workbench/workbench.desktop.main.js:85:145)
    at f.deliver (vscode-file://vscode-app/snap/codium/289/usr/share/codium/resources/app/out/vs/workbench/workbench.desktop.main.js:85:2029)
    at d.fire (vscode-file://vscode-app/snap/codium/289/usr/share/codium/resources/app/out/vs/workbench/workbench.desktop.main.js:85:1667)
    at vscode-file://vscode-app/snap/codium/289/usr/share/codium/resources/app/out/vs/workbench/workbench.desktop.main.js:731:15571
    at u.invoke (vscode-file://vscode-app/snap/codium/289/usr/share/codium/resources/app/out/vs/workbench/workbench.desktop.main.js:85:145)
    at s.deliver (vscode-file://vscode-app/snap/codium/289/usr/share/codium/resources/app/out/vs/workbench/workbench.desktop.main.js:85:2029)
    at d.fire (vscode-file://vscode-app/snap/codium/289/usr/share/codium/resources/app/out/vs/workbench/workbench.desktop.main.js:85:1667)
    at L.n (vscode-file://vscode-app/snap/codium/289/usr/share/codium/resources/app/out/vs/workbench/workbench.desktop.main.js:590:54325)
    at L.endEmitViewEvents (vscode-file://vscode-app/snap/codium/289/usr/share/codium/resources/app/out/vs/workbench/workbench.desktop.main.js:590:54826)
    at v.M (vscode-file://vscode-app/snap/codium/289/usr/share/codium/resources/app/out/vs/workbench/workbench.desktop.main.js:729:4221)
    at v.L (vscode-file://vscode-app/snap/codium/289/usr/share/codium/resources/app/out/vs/workbench/workbench.desktop.main.js:729:2888)
    at v.executeEdits (vscode-file://vscode-app/snap/codium/289/usr/share/codium/resources/app/out/vs/workbench/workbench.desktop.main.js:729:2918)
    at rn.executeEdits (vscode-file://vscode-app/snap/codium/289/usr/share/codium/resources/app/out/vs/workbench/workbench.desktop.main.js:731:9052)
    at ki.insert (vscode-file://vscode-app/snap/codium/289/usr/share/codium/resources/app/out/vs/workbench/workbench.desktop.main.js:768:78801)
    at Nn.p (vscode-file://vscode-app/snap/codium/289/usr/share/codium/resources/app/out/vs/workbench/workbench.desktop.main.js:768:82604)
    at Nn.insert (vscode-file://vscode-app/snap/codium/289/usr/share/codium/resources/app/out/vs/workbench/workbench.desktop.main.js:768:82076)
    at i.insertSnippet (vscode-file://vscode-app/snap/codium/289/usr/share/codium/resources/app/out/vs/workbench/workbench.desktop.main.js:1688:13318)
    at ec.$tryInsertSnippet (vscode-file://vscode-app/snap/codium/289/usr/share/codium/resources/app/out/vs/workbench/workbench.desktop.main.js:2460:14102)
    at v.N (vscode-file://vscode-app/snap/codium/289/usr/share/codium/resources/app/out/vs/workbench/workbench.desktop.main.js:1696:10803)
    at v.M (vscode-file://vscode-app/snap/codium/289/usr/share/codium/resources/app/out/vs/workbench/workbench.desktop.main.js:1696:10521)
    at v.H (vscode-file://vscode-app/snap/codium/289/usr/share/codium/resources/app/out/vs/workbench/workbench.desktop.main.js:1696:9614)
    at v.G (vscode-file://vscode-app/snap/codium/289/usr/share/codium/resources/app/out/vs/workbench/workbench.desktop.main.js:1696:8595)
    at vscode-file://vscode-app/snap/codium/289/usr/share/codium/resources/app/out/vs/workbench/workbench.desktop.main.js:1696:7383
    at u.invoke (vscode-file://vscode-app/snap/codium/289/usr/share/codium/resources/app/out/vs/workbench/workbench.desktop.main.js:85:145)
    at s.deliver (vscode-file://vscode-app/snap/codium/289/usr/share/codium/resources/app/out/vs/workbench/workbench.desktop.main.js:85:2029)
    at d.fire (vscode-file://vscode-app/snap/codium/289/usr/share/codium/resources/app/out/vs/workbench/workbench.desktop.main.js:85:1667)
    at o.fire (vscode-file://vscode-app/snap/codium/289/usr/share/codium/resources/app/out/vs/workbench/workbench.desktop.main.js:550:14605)
    at p.y (vscode-file://vscode-app/snap/codium/289/usr/share/codium/resources/app/out/vs/workbench/workbench.desktop.main.js:550:17615)
    at vscode-file://vscode-app/snap/codium/289/usr/share/codium/resources/app/out/vs/workbench/workbench.desktop.main.js:550:16086
    at u.invoke (vscode-file://vscode-app/snap/codium/289/usr/share/codium/resources/app/out/vs/workbench/workbench.desktop.main.js:85:145)
    at s.deliver (vscode-file://vscode-app/snap/codium/289/usr/share/codium/resources/app/out/vs/workbench/workbench.desktop.main.js:85:2029)
    at d.fire (vscode-file://vscode-app/snap/codium/289/usr/share/codium/resources/app/out/vs/workbench/workbench.desktop.main.js:85:1667)
    at d.acceptChunk (vscode-file://vscode-app/snap/codium/289/usr/share/codium/resources/app/out/vs/workbench/workbench.desktop.main.js:550:12336)
    at vscode-file://vscode-app/snap/codium/289/usr/share/codium/resources/app/out/vs/workbench/workbench.desktop.main.js:550:11623
    at Socket.k (vscode-file://vscode-app/snap/codium/289/usr/share/codium/resources/app/out/vs/workbench/workbench.desktop.main.js:550:20084)
    at Socket.emit (node:events:526:28)
    at addChunk (node:internal/streams/readable:315:12)
    at readableAddChunk (node:internal/streams/readable:289:9)
    at Readable.push (node:internal/streams/readable:228:10)
    at Pipe.onStreamRead (node:internal/stream_base_commons:190:23)
2023-01-24 19:47:16.821 [error] Cannot read properties of undefined (reading 'auto'): TypeError: Cannot read properties of undefined (reading 'auto')
    at la.E (vscode-file://vscode-app/snap/codium/289/usr/share/codium/resources/app/out/vs/workbench/workbench.desktop.main.js:769:14914)
    at la.A (vscode-file://vscode-app/snap/codium/289/usr/share/codium/resources/app/out/vs/workbench/workbench.desktop.main.js:769:11261)
    at vscode-file://vscode-app/snap/codium/289/usr/share/codium/resources/app/out/vs/workbench/workbench.desktop.main.js:769:8577
    at u.invoke (vscode-file://vscode-app/snap/codium/289/usr/share/codium/resources/app/out/vs/workbench/workbench.desktop.main.js:85:145)
    at f.deliver (vscode-file://vscode-app/snap/codium/289/usr/share/codium/resources/app/out/vs/workbench/workbench.desktop.main.js:85:2029)
    at d.fire (vscode-file://vscode-app/snap/codium/289/usr/share/codium/resources/app/out/vs/workbench/workbench.desktop.main.js:85:1667)
    at vscode-file://vscode-app/snap/codium/289/usr/share/codium/resources/app/out/vs/workbench/workbench.desktop.main.js:731:15571
    at u.invoke (vscode-file://vscode-app/snap/codium/289/usr/share/codium/resources/app/out/vs/workbench/workbench.desktop.main.js:85:145)
    at s.deliver (vscode-file://vscode-app/snap/codium/289/usr/share/codium/resources/app/out/vs/workbench/workbench.desktop.main.js:85:2029)
    at d.fire (vscode-file://vscode-app/snap/codium/289/usr/share/codium/resources/app/out/vs/workbench/workbench.desktop.main.js:85:1667)
    at L.n (vscode-file://vscode-app/snap/codium/289/usr/share/codium/resources/app/out/vs/workbench/workbench.desktop.main.js:590:54325)
    at L.endEmitViewEvents (vscode-file://vscode-app/snap/codium/289/usr/share/codium/resources/app/out/vs/workbench/workbench.desktop.main.js:590:54826)
    at v.M (vscode-file://vscode-app/snap/codium/289/usr/share/codium/resources/app/out/vs/workbench/workbench.desktop.main.js:729:4221)
    at v.L (vscode-file://vscode-app/snap/codium/289/usr/share/codium/resources/app/out/vs/workbench/workbench.desktop.main.js:729:2888)
    at v.executeEdits (vscode-file://vscode-app/snap/codium/289/usr/share/codium/resources/app/out/vs/workbench/workbench.desktop.main.js:729:2918)
    at rn.executeEdits (vscode-file://vscode-app/snap/codium/289/usr/share/codium/resources/app/out/vs/workbench/workbench.desktop.main.js:731:9052)
    at ki.insert (vscode-file://vscode-app/snap/codium/289/usr/share/codium/resources/app/out/vs/workbench/workbench.desktop.main.js:768:78801)
    at Nn.p (vscode-file://vscode-app/snap/codium/289/usr/share/codium/resources/app/out/vs/workbench/workbench.desktop.main.js:768:82604)
    at Nn.insert (vscode-file://vscode-app/snap/codium/289/usr/share/codium/resources/app/out/vs/workbench/workbench.desktop.main.js:768:82076)
    at i.insertSnippet (vscode-file://vscode-app/snap/codium/289/usr/share/codium/resources/app/out/vs/workbench/workbench.desktop.main.js:1688:13318)
    at ec.$tryInsertSnippet (vscode-file://vscode-app/snap/codium/289/usr/share/codium/resources/app/out/vs/workbench/workbench.desktop.main.js:2460:14102)
    at v.N (vscode-file://vscode-app/snap/codium/289/usr/share/codium/resources/app/out/vs/workbench/workbench.desktop.main.js:1696:10803)
    at v.M (vscode-file://vscode-app/snap/codium/289/usr/share/codium/resources/app/out/vs/workbench/workbench.desktop.main.js:1696:10521)
    at v.H (vscode-file://vscode-app/snap/codium/289/usr/share/codium/resources/app/out/vs/workbench/workbench.desktop.main.js:1696:9614)
    at v.G (vscode-file://vscode-app/snap/codium/289/usr/share/codium/resources/app/out/vs/workbench/workbench.desktop.main.js:1696:8595)
    at vscode-file://vscode-app/snap/codium/289/usr/share/codium/resources/app/out/vs/workbench/workbench.desktop.main.js:1696:7383
    at u.invoke (vscode-file://vscode-app/snap/codium/289/usr/share/codium/resources/app/out/vs/workbench/workbench.desktop.main.js:85:145)
    at s.deliver (vscode-file://vscode-app/snap/codium/289/usr/share/codium/resources/app/out/vs/workbench/workbench.desktop.main.js:85:2029)
    at d.fire (vscode-file://vscode-app/snap/codium/289/usr/share/codium/resources/app/out/vs/workbench/workbench.desktop.main.js:85:1667)
    at o.fire (vscode-file://vscode-app/snap/codium/289/usr/share/codium/resources/app/out/vs/workbench/workbench.desktop.main.js:550:14605)
    at p.y (vscode-file://vscode-app/snap/codium/289/usr/share/codium/resources/app/out/vs/workbench/workbench.desktop.main.js:550:17615)
    at vscode-file://vscode-app/snap/codium/289/usr/share/codium/resources/app/out/vs/workbench/workbench.desktop.main.js:550:16086
    at u.invoke (vscode-file://vscode-app/snap/codium/289/usr/share/codium/resources/app/out/vs/workbench/workbench.desktop.main.js:85:145)
    at s.deliver (vscode-file://vscode-app/snap/codium/289/usr/share/codium/resources/app/out/vs/workbench/workbench.desktop.main.js:85:2029)
    at d.fire (vscode-file://vscode-app/snap/codium/289/usr/share/codium/resources/app/out/vs/workbench/workbench.desktop.main.js:85:1667)
    at d.acceptChunk (vscode-file://vscode-app/snap/codium/289/usr/share/codium/resources/app/out/vs/workbench/workbench.desktop.main.js:550:12336)
    at vscode-file://vscode-app/snap/codium/289/usr/share/codium/resources/app/out/vs/workbench/workbench.desktop.main.js:550:11623
    at Socket.k (vscode-file://vscode-app/snap/codium/289/usr/share/codium/resources/app/out/vs/workbench/workbench.desktop.main.js:550:20084)
    at Socket.emit (node:events:526:28)
    at addChunk (node:internal/streams/readable:315:12)
    at readableAddChunk (node:internal/streams/readable:289:9)
    at Readable.push (node:internal/streams/readable:228:10)
    at Pipe.onStreamRead (node:internal/stream_base_commons:190:23)
2023-01-24 19:47:27.283 [error] Cannot read properties of undefined (reading 'auto'): TypeError: Cannot read properties of undefined (reading 'auto')
    at la.E (vscode-file://vscode-app/snap/codium/289/usr/share/codium/resources/app/out/vs/workbench/workbench.desktop.main.js:769:14914)
    at la.A (vscode-file://vscode-app/snap/codium/289/usr/share/codium/resources/app/out/vs/workbench/workbench.desktop.main.js:769:11261)
    at vscode-file://vscode-app/snap/codium/289/usr/share/codium/resources/app/out/vs/workbench/workbench.desktop.main.js:769:8577
    at u.invoke (vscode-file://vscode-app/snap/codium/289/usr/share/codium/resources/app/out/vs/workbench/workbench.desktop.main.js:85:145)
    at f.deliver (vscode-file://vscode-app/snap/codium/289/usr/share/codium/resources/app/out/vs/workbench/workbench.desktop.main.js:85:2029)
    at d.fire (vscode-file://vscode-app/snap/codium/289/usr/share/codium/resources/app/out/vs/workbench/workbench.desktop.main.js:85:1667)
    at vscode-file://vscode-app/snap/codium/289/usr/share/codium/resources/app/out/vs/workbench/workbench.desktop.main.js:731:15571
    at u.invoke (vscode-file://vscode-app/snap/codium/289/usr/share/codium/resources/app/out/vs/workbench/workbench.desktop.main.js:85:145)
    at s.deliver (vscode-file://vscode-app/snap/codium/289/usr/share/codium/resources/app/out/vs/workbench/workbench.desktop.main.js:85:2029)
    at d.fire (vscode-file://vscode-app/snap/codium/289/usr/share/codium/resources/app/out/vs/workbench/workbench.desktop.main.js:85:1667)
    at L.n (vscode-file://vscode-app/snap/codium/289/usr/share/codium/resources/app/out/vs/workbench/workbench.desktop.main.js:590:54325)
    at L.endEmitViewEvents (vscode-file://vscode-app/snap/codium/289/usr/share/codium/resources/app/out/vs/workbench/workbench.desktop.main.js:590:54826)
    at v.M (vscode-file://vscode-app/snap/codium/289/usr/share/codium/resources/app/out/vs/workbench/workbench.desktop.main.js:729:4221)
    at v.L (vscode-file://vscode-app/snap/codium/289/usr/share/codium/resources/app/out/vs/workbench/workbench.desktop.main.js:729:2888)
    at v.executeEdits (vscode-file://vscode-app/snap/codium/289/usr/share/codium/resources/app/out/vs/workbench/workbench.desktop.main.js:729:2918)
    at rn.executeEdits (vscode-file://vscode-app/snap/codium/289/usr/share/codium/resources/app/out/vs/workbench/workbench.desktop.main.js:731:9052)
    at ki.insert (vscode-file://vscode-app/snap/codium/289/usr/share/codium/resources/app/out/vs/workbench/workbench.desktop.main.js:768:78801)
    at Nn.p (vscode-file://vscode-app/snap/codium/289/usr/share/codium/resources/app/out/vs/workbench/workbench.desktop.main.js:768:82604)
    at Nn.insert (vscode-file://vscode-app/snap/codium/289/usr/share/codium/resources/app/out/vs/workbench/workbench.desktop.main.js:768:82076)
    at i.insertSnippet (vscode-file://vscode-app/snap/codium/289/usr/share/codium/resources/app/out/vs/workbench/workbench.desktop.main.js:1688:13318)
    at ec.$tryInsertSnippet (vscode-file://vscode-app/snap/codium/289/usr/share/codium/resources/app/out/vs/workbench/workbench.desktop.main.js:2460:14102)
    at v.N (vscode-file://vscode-app/snap/codium/289/usr/share/codium/resources/app/out/vs/workbench/workbench.desktop.main.js:1696:10803)
    at v.M (vscode-file://vscode-app/snap/codium/289/usr/share/codium/resources/app/out/vs/workbench/workbench.desktop.main.js:1696:10521)
    at v.H (vscode-file://vscode-app/snap/codium/289/usr/share/codium/resources/app/out/vs/workbench/workbench.desktop.main.js:1696:9614)
    at v.G (vscode-file://vscode-app/snap/codium/289/usr/share/codium/resources/app/out/vs/workbench/workbench.desktop.main.js:1696:8595)
    at vscode-file://vscode-app/snap/codium/289/usr/share/codium/resources/app/out/vs/workbench/workbench.desktop.main.js:1696:7383
    at u.invoke (vscode-file://vscode-app/snap/codium/289/usr/share/codium/resources/app/out/vs/workbench/workbench.desktop.main.js:85:145)
    at s.deliver (vscode-file://vscode-app/snap/codium/289/usr/share/codium/resources/app/out/vs/workbench/workbench.desktop.main.js:85:2029)
    at d.fire (vscode-file://vscode-app/snap/codium/289/usr/share/codium/resources/app/out/vs/workbench/workbench.desktop.main.js:85:1667)
    at o.fire (vscode-file://vscode-app/snap/codium/289/usr/share/codium/resources/app/out/vs/workbench/workbench.desktop.main.js:550:14605)
    at p.y (vscode-file://vscode-app/snap/codium/289/usr/share/codium/resources/app/out/vs/workbench/workbench.desktop.main.js:550:17615)
    at vscode-file://vscode-app/snap/codium/289/usr/share/codium/resources/app/out/vs/workbench/workbench.desktop.main.js:550:16086
    at u.invoke (vscode-file://vscode-app/snap/codium/289/usr/share/codium/resources/app/out/vs/workbench/workbench.desktop.main.js:85:145)
    at s.deliver (vscode-file://vscode-app/snap/codium/289/usr/share/codium/resources/app/out/vs/workbench/workbench.desktop.main.js:85:2029)
    at d.fire (vscode-file://vscode-app/snap/codium/289/usr/share/codium/resources/app/out/vs/workbench/workbench.desktop.main.js:85:1667)
    at d.acceptChunk (vscode-file://vscode-app/snap/codium/289/usr/share/codium/resources/app/out/vs/workbench/workbench.desktop.main.js:550:12336)
    at vscode-file://vscode-app/snap/codium/289/usr/share/codium/resources/app/out/vs/workbench/workbench.desktop.main.js:550:11623
    at Socket.k (vscode-file://vscode-app/snap/codium/289/usr/share/codium/resources/app/out/vs/workbench/workbench.desktop.main.js:550:20084)
    at Socket.emit (node:events:526:28)
    at addChunk (node:internal/streams/readable:315:12)
    at readableAddChunk (node:internal/streams/readable:289:9)
    at Readable.push (node:internal/streams/readable:228:10)
    at Pipe.onStreamRead (node:internal/stream_base_commons:190:23)
2023-01-24 19:47:37.294 [error] Cannot read properties of undefined (reading 'auto'): TypeError: Cannot read properties of undefined (reading 'auto')
    at la.E (vscode-file://vscode-app/snap/codium/289/usr/share/codium/resources/app/out/vs/workbench/workbench.desktop.main.js:769:14914)
    at la.A (vscode-file://vscode-app/snap/codium/289/usr/share/codium/resources/app/out/vs/workbench/workbench.desktop.main.js:769:11261)
    at vscode-file://vscode-app/snap/codium/289/usr/share/codium/resources/app/out/vs/workbench/workbench.desktop.main.js:769:8577
    at u.invoke (vscode-file://vscode-app/snap/codium/289/usr/share/codium/resources/app/out/vs/workbench/workbench.desktop.main.js:85:145)
    at f.deliver (vscode-file://vscode-app/snap/codium/289/usr/share/codium/resources/app/out/vs/workbench/workbench.desktop.main.js:85:2029)
    at d.fire (vscode-file://vscode-app/snap/codium/289/usr/share/codium/resources/app/out/vs/workbench/workbench.desktop.main.js:85:1667)
    at vscode-file://vscode-app/snap/codium/289/usr/share/codium/resources/app/out/vs/workbench/workbench.desktop.main.js:731:15571
    at u.invoke (vscode-file://vscode-app/snap/codium/289/usr/share/codium/resources/app/out/vs/workbench/workbench.desktop.main.js:85:145)
    at s.deliver (vscode-file://vscode-app/snap/codium/289/usr/share/codium/resources/app/out/vs/workbench/workbench.desktop.main.js:85:2029)
    at d.fire (vscode-file://vscode-app/snap/codium/289/usr/share/codium/resources/app/out/vs/workbench/workbench.desktop.main.js:85:1667)
    at L.n (vscode-file://vscode-app/snap/codium/289/usr/share/codium/resources/app/out/vs/workbench/workbench.desktop.main.js:590:54325)
    at L.endEmitViewEvents (vscode-file://vscode-app/snap/codium/289/usr/share/codium/resources/app/out/vs/workbench/workbench.desktop.main.js:590:54826)
    at v.M (vscode-file://vscode-app/snap/codium/289/usr/share/codium/resources/app/out/vs/workbench/workbench.desktop.main.js:729:4221)
    at v.L (vscode-file://vscode-app/snap/codium/289/usr/share/codium/resources/app/out/vs/workbench/workbench.desktop.main.js:729:2888)
    at v.executeEdits (vscode-file://vscode-app/snap/codium/289/usr/share/codium/resources/app/out/vs/workbench/workbench.desktop.main.js:729:2918)
    at rn.executeEdits (vscode-file://vscode-app/snap/codium/289/usr/share/codium/resources/app/out/vs/workbench/workbench.desktop.main.js:731:9052)
    at ki.insert (vscode-file://vscode-app/snap/codium/289/usr/share/codium/resources/app/out/vs/workbench/workbench.desktop.main.js:768:78801)
    at Nn.p (vscode-file://vscode-app/snap/codium/289/usr/share/codium/resources/app/out/vs/workbench/workbench.desktop.main.js:768:82604)
    at Nn.insert (vscode-file://vscode-app/snap/codium/289/usr/share/codium/resources/app/out/vs/workbench/workbench.desktop.main.js:768:82076)
    at i.insertSnippet (vscode-file://vscode-app/snap/codium/289/usr/share/codium/resources/app/out/vs/workbench/workbench.desktop.main.js:1688:13318)
    at ec.$tryInsertSnippet (vscode-file://vscode-app/snap/codium/289/usr/share/codium/resources/app/out/vs/workbench/workbench.desktop.main.js:2460:14102)
    at v.N (vscode-file://vscode-app/snap/codium/289/usr/share/codium/resources/app/out/vs/workbench/workbench.desktop.main.js:1696:10803)
    at v.M (vscode-file://vscode-app/snap/codium/289/usr/share/codium/resources/app/out/vs/workbench/workbench.desktop.main.js:1696:10521)
    at v.H (vscode-file://vscode-app/snap/codium/289/usr/share/codium/resources/app/out/vs/workbench/workbench.desktop.main.js:1696:9614)
    at v.G (vscode-file://vscode-app/snap/codium/289/usr/share/codium/resources/app/out/vs/workbench/workbench.desktop.main.js:1696:8595)
    at vscode-file://vscode-app/snap/codium/289/usr/share/codium/resources/app/out/vs/workbench/workbench.desktop.main.js:1696:7383
    at u.invoke (vscode-file://vscode-app/snap/codium/289/usr/share/codium/resources/app/out/vs/workbench/workbench.desktop.main.js:85:145)
    at s.deliver (vscode-file://vscode-app/snap/codium/289/usr/share/codium/resources/app/out/vs/workbench/workbench.desktop.main.js:85:2029)
    at d.fire (vscode-file://vscode-app/snap/codium/289/usr/share/codium/resources/app/out/vs/workbench/workbench.desktop.main.js:85:1667)
    at o.fire (vscode-file://vscode-app/snap/codium/289/usr/share/codium/resources/app/out/vs/workbench/workbench.desktop.main.js:550:14605)
    at p.y (vscode-file://vscode-app/snap/codium/289/usr/share/codium/resources/app/out/vs/workbench/workbench.desktop.main.js:550:17615)
    at vscode-file://vscode-app/snap/codium/289/usr/share/codium/resources/app/out/vs/workbench/workbench.desktop.main.js:550:16086
    at u.invoke (vscode-file://vscode-app/snap/codium/289/usr/share/codium/resources/app/out/vs/workbench/workbench.desktop.main.js:85:145)
    at s.deliver (vscode-file://vscode-app/snap/codium/289/usr/share/codium/resources/app/out/vs/workbench/workbench.desktop.main.js:85:2029)
    at d.fire (vscode-file://vscode-app/snap/codium/289/usr/share/codium/resources/app/out/vs/workbench/workbench.desktop.main.js:85:1667)
    at d.acceptChunk (vscode-file://vscode-app/snap/codium/289/usr/share/codium/resources/app/out/vs/workbench/workbench.desktop.main.js:550:12336)
    at vscode-file://vscode-app/snap/codium/289/usr/share/codium/resources/app/out/vs/workbench/workbench.desktop.main.js:550:11623
    at Socket.k (vscode-file://vscode-app/snap/codium/289/usr/share/codium/resources/app/out/vs/workbench/workbench.desktop.main.js:550:20084)
    at Socket.emit (node:events:526:28)
    at addChunk (node:internal/streams/readable:315:12)
    at readableAddChunk (node:internal/streams/readable:289:9)
    at Readable.push (node:internal/streams/readable:228:10)
    at Pipe.onStreamRead (node:internal/stream_base_commons:190:23)
2023-01-24 19:48:52.237 [warning] [Vue.volar]: Cannot register 'typescript.tsdk'. This property is already registered.
2023-01-24 19:48:52.994 [warning] [mainThreadStorage] large extension state detected (extensionId: antfu.iconify, global: true): 14554.1396484375kb. Consider to use 'storageUri' or 'globalStorageUri' to store this data on disk instead.
2023-01-24 19:48:54.971 [info] [perf] Render performance baseline is 27ms
2023-01-24 20:14:26.896 [error] [Extension Host] SyntaxError: Unexpected token } in JSON at position 133
	at JSON.parse (<anonymous>)
	at JsonParser.parse (/home/bo7owers/.vscode-oss/extensions/lokalise.i18n-ally-2.8.1-universal/dist/extension.js:315609:21)
	at JsonParser.load (/home/bo7owers/.vscode-oss/extensions/lokalise.i18n-ally-2.8.1-universal/dist/extension.js:315365:27)
	at async LocaleLoader.loadFile (/home/bo7owers/.vscode-oss/extensions/lokalise.i18n-ally-2.8.1-universal/dist/extension.js:311112:24)
	at async LocaleLoader.throttledLoadFileExecutor.Object.leading (/home/bo7owers/.vscode-oss/extensions/lokalise.i18n-ally-2.8.1-universal/dist/extension.js:310801:31)
2023-01-24 20:19:01.130 [error] Cannot read properties of undefined (reading 'auto'): TypeError: Cannot read properties of undefined (reading 'auto')
    at la.E (vscode-file://vscode-app/snap/codium/289/usr/share/codium/resources/app/out/vs/workbench/workbench.desktop.main.js:769:14914)
    at la.A (vscode-file://vscode-app/snap/codium/289/usr/share/codium/resources/app/out/vs/workbench/workbench.desktop.main.js:769:11261)
    at vscode-file://vscode-app/snap/codium/289/usr/share/codium/resources/app/out/vs/workbench/workbench.desktop.main.js:769:8577
    at u.invoke (vscode-file://vscode-app/snap/codium/289/usr/share/codium/resources/app/out/vs/workbench/workbench.desktop.main.js:85:145)
    at f.deliver (vscode-file://vscode-app/snap/codium/289/usr/share/codium/resources/app/out/vs/workbench/workbench.desktop.main.js:85:2029)
    at d.fire (vscode-file://vscode-app/snap/codium/289/usr/share/codium/resources/app/out/vs/workbench/workbench.desktop.main.js:85:1667)
    at vscode-file://vscode-app/snap/codium/289/usr/share/codium/resources/app/out/vs/workbench/workbench.desktop.main.js:731:15571
    at u.invoke (vscode-file://vscode-app/snap/codium/289/usr/share/codium/resources/app/out/vs/workbench/workbench.desktop.main.js:85:145)
    at s.deliver (vscode-file://vscode-app/snap/codium/289/usr/share/codium/resources/app/out/vs/workbench/workbench.desktop.main.js:85:2029)
    at d.fire (vscode-file://vscode-app/snap/codium/289/usr/share/codium/resources/app/out/vs/workbench/workbench.desktop.main.js:85:1667)
    at L.n (vscode-file://vscode-app/snap/codium/289/usr/share/codium/resources/app/out/vs/workbench/workbench.desktop.main.js:590:54325)
    at L.endEmitViewEvents (vscode-file://vscode-app/snap/codium/289/usr/share/codium/resources/app/out/vs/workbench/workbench.desktop.main.js:590:54826)
    at v.M (vscode-file://vscode-app/snap/codium/289/usr/share/codium/resources/app/out/vs/workbench/workbench.desktop.main.js:729:4221)
    at v.L (vscode-file://vscode-app/snap/codium/289/usr/share/codium/resources/app/out/vs/workbench/workbench.desktop.main.js:729:2888)
    at v.type (vscode-file://vscode-app/snap/codium/289/usr/share/codium/resources/app/out/vs/workbench/workbench.desktop.main.js:729:3081)
    at rn.Lb (vscode-file://vscode-app/snap/codium/289/usr/share/codium/resources/app/out/vs/workbench/workbench.desktop.main.js:731:7966)
    at rn.trigger (vscode-file://vscode-app/snap/codium/289/usr/share/codium/resources/app/out/vs/workbench/workbench.desktop.main.js:731:7153)
    at k.runCommand (vscode-file://vscode-app/snap/codium/289/usr/share/codium/resources/app/out/vs/workbench/workbench.desktop.main.js:676:167075)
    at handler (vscode-file://vscode-app/snap/codium/289/usr/share/codium/resources/app/out/vs/workbench/workbench.desktop.main.js:676:130522)
    at y.handler (vscode-file://vscode-app/snap/codium/289/usr/share/codium/resources/app/out/vs/workbench/workbench.desktop.main.js:609:14275)
    at l.invokeFunction (vscode-file://vscode-app/snap/codium/289/usr/share/codium/resources/app/out/vs/workbench/workbench.desktop.main.js:611:360)
    at b.k (vscode-file://vscode-app/snap/codium/289/usr/share/codium/resources/app/out/vs/workbench/workbench.desktop.main.js:1675:3161)
    at b.executeCommand (vscode-file://vscode-app/snap/codium/289/usr/share/codium/resources/app/out/vs/workbench/workbench.desktop.main.js:1675:2723)
    at Object.type (vscode-file://vscode-app/snap/codium/289/usr/share/codium/resources/app/out/vs/workbench/workbench.desktop.main.js:731:16535)
    at R.type (vscode-file://vscode-app/snap/codium/289/usr/share/codium/resources/app/out/vs/workbench/workbench.desktop.main.js:676:168015)
    at vscode-file://vscode-app/snap/codium/289/usr/share/codium/resources/app/out/vs/workbench/workbench.desktop.main.js:601:74274
    at u.invoke (vscode-file://vscode-app/snap/codium/289/usr/share/codium/resources/app/out/vs/workbench/workbench.desktop.main.js:85:145)
    at s.deliver (vscode-file://vscode-app/snap/codium/289/usr/share/codium/resources/app/out/vs/workbench/workbench.desktop.main.js:85:2029)
    at d.fire (vscode-file://vscode-app/snap/codium/289/usr/share/codium/resources/app/out/vs/workbench/workbench.desktop.main.js:85:1667)
    at vscode-file://vscode-app/snap/codium/289/usr/share/codium/resources/app/out/vs/workbench/workbench.desktop.main.js:551:7467
    at u.invoke (vscode-file://vscode-app/snap/codium/289/usr/share/codium/resources/app/out/vs/workbench/workbench.desktop.main.js:85:145)
    at s.deliver (vscode-file://vscode-app/snap/codium/289/usr/share/codium/resources/app/out/vs/workbench/workbench.desktop.main.js:85:2029)
    at d.fire (vscode-file://vscode-app/snap/codium/289/usr/share/codium/resources/app/out/vs/workbench/workbench.desktop.main.js:85:1667)
    at HTMLTextAreaElement.y (vscode-file://vscode-app/snap/codium/289/usr/share/codium/resources/app/out/vs/workbench/workbench.desktop.main.js:85:8842)
2023-01-24 20:44:29.419 [error] [Extension Host] Error: No token found for host github.com
	at Object.<anonymous> (/home/bo7owers/.vscode-oss/extensions/knisterpeter.vscode-github-0.30.7-universal/out/src/provider/client.js:24:19)
	at Generator.next (<anonymous>)
	at fulfilled (/home/bo7owers/.vscode-oss/extensions/knisterpeter.vscode-github-0.30.7-universal/out/src/provider/client.js:5:58)
	at process.processTicksAndRejections (node:internal/process/task_queues:96:5)
2023-01-24 21:16:49.831 [error] [Extension Host] SyntaxError: Unexpected token } in JSON at position 440
	at JSON.parse (<anonymous>)
	at JsonParser.parse (/home/bo7owers/.vscode-oss/extensions/lokalise.i18n-ally-2.8.1-universal/dist/extension.js:315609:21)
	at JsonParser.load (/home/bo7owers/.vscode-oss/extensions/lokalise.i18n-ally-2.8.1-universal/dist/extension.js:315365:27)
	at async LocaleLoader.loadFile (/home/bo7owers/.vscode-oss/extensions/lokalise.i18n-ally-2.8.1-universal/dist/extension.js:311112:24)
	at async LocaleLoader.throttledLoadFileExecutor.Object.leading (/home/bo7owers/.vscode-oss/extensions/lokalise.i18n-ally-2.8.1-universal/dist/extension.js:310801:31)
