2023-01-24 19:34:52.896 [info] Added views:workbench.panel.markers.view in workbench.panel.markers
2023-01-24 19:34:52.896 [info] Added views:workbench.panel.output in workbench.panel.output
2023-01-24 19:34:52.896 [info] Added views:terminal in terminal
2023-01-24 19:34:52.896 [info] Added views:outline in workbench.view.explorer
2023-01-24 19:34:52.896 [info] Added views:workbench.scm in workbench.view.scm
2023-01-24 19:34:52.896 [info] Added views:workbench.view.search in workbench.view.search
2023-01-24 19:34:52.896 [info] Added views:timeline in workbench.view.explorer
2023-01-24 19:34:52.896 [info] Added views:workbench.explorer.fileView in workbench.view.explorer
2023-01-24 19:34:52.950 [info] Added views:workbench.debug.welcome in workbench.view.debug
2023-01-24 19:34:53.174 [info] Added views:gitlens.views.home in workbench.view.extension.gitlens
2023-01-24 19:34:53.174 [info] Added views:gitlens.views.commits,gitlens.views.commitDetails,gitlens.views.fileHistory,gitlens.views.branches,gitlens.views.remotes,gitlens.views.stashes,gitlens.views.tags,gitlens.views.searchAndCompare in workbench.view.scm
2023-01-24 19:34:53.174 [info] Added views:pr:github,issues:github in workbench.view.extension.github-pull-requests
2023-01-24 19:34:53.428 [info] Added views:workbench.panel.repl.view in workbench.panel.repl
2023-01-24 19:34:54.222 [info] Added views:workbench.panel.comments in workbench.panel.comments
2023-01-24 19:34:54.407 [info] Added views:gitlens.views.timeline in workbench.view.extension.gitlensPanel
2023-01-24 19:34:54.408 [info] Added views:gitlens.views.worktrees in workbench.view.scm
2023-01-24 19:34:54.728 [info] Removed views:issues:github,pr:github from workbench.view.extension.github-pull-requests
2023-01-24 19:34:54.729 [info] Added views:github:login in workbench.view.extension.github-pull-requests
2023-01-24 19:34:54.745 [info] Added views:github:activePullRequest:welcome in workbench.view.extension.github-pull-request
2023-01-24 19:34:54.745 [info] Removed views:github:activePullRequest:welcome from workbench.view.extension.github-pull-request
2023-01-24 19:37:05.370 [info] Added views:vueComponentPreview in workbench.view.explorer
2023-01-24 19:37:14.924 [info] Added views:workbench.views.extensions.installed,workbench.views.extensions.popular,extensions.recommendedList in workbench.view.extensions
2023-01-24 19:37:14.926 [info] Removed views:workbench.views.extensions.popular from workbench.view.extensions
2023-01-24 19:37:15.496 [info] Removed views:extensions.recommendedList,workbench.views.extensions.installed from workbench.view.extensions
2023-01-24 19:37:15.508 [info] Added views:workbench.views.extensions.marketplace in workbench.view.extensions
2023-01-24 19:37:21.535 [info] Removed views:workbench.views.extensions.marketplace from workbench.view.extensions
2023-01-24 19:37:21.546 [info] Added views:workbench.views.extensions.installed,extensions.recommendedList in workbench.view.extensions
2023-01-24 19:48:33.574 [info] Removed views:extensions.recommendedList,workbench.views.extensions.installed from workbench.view.extensions
2023-01-24 19:48:33.594 [info] Added views:workbench.views.extensions.marketplace in workbench.view.extensions
2023-01-24 19:48:51.994 [info] Added views:workbench.panel.markers.view in workbench.panel.markers
2023-01-24 19:48:51.995 [info] Added views:workbench.panel.output in workbench.panel.output
2023-01-24 19:48:51.995 [info] Added views:terminal in terminal
2023-01-24 19:48:51.995 [info] Added views:outline in workbench.view.explorer
2023-01-24 19:48:51.995 [info] Added views:workbench.scm in workbench.view.scm
2023-01-24 19:48:51.995 [info] Added views:workbench.view.search in workbench.view.search
2023-01-24 19:48:51.995 [info] Added views:timeline in workbench.view.explorer
2023-01-24 19:48:51.995 [info] Added views:workbench.explorer.fileView in workbench.view.explorer
2023-01-24 19:48:52.029 [info] Added views:workbench.debug.welcome in workbench.view.debug
2023-01-24 19:48:52.093 [info] Added views:workbench.views.extensions.installed,extensions.recommendedList in workbench.view.extensions
2023-01-24 19:48:52.321 [info] Added views:gitlens.views.home in workbench.view.extension.gitlens
2023-01-24 19:48:52.323 [info] Added views:gitlens.views.commits,gitlens.views.commitDetails,gitlens.views.fileHistory,gitlens.views.branches,gitlens.views.remotes,gitlens.views.stashes,gitlens.views.tags,gitlens.views.searchAndCompare in workbench.view.scm
2023-01-24 19:48:52.324 [info] Added views:pr:github,issues:github in workbench.view.extension.github-pull-requests
2023-01-24 19:48:52.800 [info] Added views:workbench.panel.repl.view in workbench.panel.repl
2023-01-24 19:48:53.728 [info] Added views:gitlens.views.timeline in workbench.view.extension.gitlensPanel
2023-01-24 19:48:53.729 [info] Added views:gitlens.views.worktrees in workbench.view.scm
2023-01-24 19:48:54.081 [info] Removed views:issues:github,pr:github from workbench.view.extension.github-pull-requests
2023-01-24 19:48:54.082 [info] Added views:github:login in workbench.view.extension.github-pull-requests
2023-01-24 19:48:54.112 [info] Added views:github:activePullRequest:welcome in workbench.view.extension.github-pull-request
2023-01-24 19:48:54.112 [info] Removed views:github:activePullRequest:welcome from workbench.view.extension.github-pull-request
2023-01-24 19:48:54.136 [info] Added views:vueComponentPreview in workbench.view.explorer
2023-01-24 19:48:55.100 [info] Removed views:extensions.recommendedList,workbench.views.extensions.installed from workbench.view.extensions
2023-01-24 19:48:55.118 [info] Added views:workbench.views.extensions.marketplace in workbench.view.extensions
2023-01-24 19:49:02.697 [info] Added views:workbench.panel.comments in workbench.panel.comments
2023-01-24 19:49:04.909 [info] Added views:i18n-ally-locales-sidebar-file,i18n-ally-locales-progress,i18n-ally-locales-tree,i18n-ally-locales-usage,i18n-ally-help-feedback in workbench.view.extension.i18n-ally
2023-01-24 19:49:04.910 [info] Added views:i18n-ally-locales-file-explorer in workbench.view.explorer
