2023-01-27 21:29:31.952 [info] Log level: Info
2023-01-27 21:29:31.952 [info] Validating found git in: "git"
2023-01-27 21:29:31.952 [info] Using git "2.34.1" from "git"
2023-01-27 21:29:31.952 [info] > git rev-parse --show-toplevel [12ms]
2023-01-27 21:29:31.966 [info] > git rev-parse --git-dir --git-common-dir [16ms]
2023-01-27 21:29:31.975 [info] Open repository: /home/bo7owers/Documents/websites/vite-apps/vue-portfolio
2023-01-27 21:29:31.992 [info] > git config --get commit.template [9ms]
2023-01-27 21:29:31.992 [info] > git rev-parse --show-toplevel [13ms]
2023-01-27 21:29:32.027 [info] > git rev-parse --show-toplevel [32ms]
2023-01-27 21:29:32.037 [info] > git rev-parse --show-toplevel [6ms]
2023-01-27 21:29:32.040 [info] > git for-each-ref --format=%(refname)%00%(upstream:short)%00%(objectname)%00%(upstream:track)%00%(upstream:remotename)%00%(upstream:remoteref) refs/heads/52-language-dropdown refs/remotes/52-language-dropdown [24ms]
2023-01-27 21:29:32.059 [info] > git status -z -uall [15ms]
2023-01-27 21:29:32.060 [info] > git rev-parse --show-toplevel [20ms]
2023-01-27 21:29:32.073 [info] > git for-each-ref --sort -committerdate --format %(refname) %(objectname) %(*objectname) [25ms]
2023-01-27 21:29:32.082 [info] > git rev-parse --show-toplevel [19ms]
2023-01-27 21:29:32.299 [info] > git config --get commit.template [217ms]
2023-01-27 21:29:32.402 [info] > git show --textconv :src/components/Nav/LangDropdown.vue [6ms]
2023-01-27 21:29:32.403 [info] > git for-each-ref --format=%(refname)%00%(upstream:short)%00%(objectname)%00%(upstream:track)%00%(upstream:remotename)%00%(upstream:remoteref) refs/heads/52-language-dropdown refs/remotes/52-language-dropdown [23ms]
2023-01-27 21:29:32.499 [info] > git status -z -uall [91ms]
2023-01-27 21:29:32.500 [info] > git for-each-ref --sort -committerdate --format %(refname) %(objectname) %(*objectname) [88ms]
2023-01-27 21:29:32.501 [info] > git ls-files --stage -- /home/bo7owers/Documents/websites/vite-apps/vue-portfolio/src/components/Nav/LangDropdown.vue [100ms]
2023-01-27 21:29:32.506 [info] > git fetch [531ms]
2023-01-27 21:29:32.506 [info] Missing or invalid credentials.
Skip silent fetch commands
git@github.com: Permission denied (publickey).
fatal: Could not read from remote repository.

Please make sure you have the correct access rights
and the repository exists.
2023-01-27 21:29:32.508 [info] > git cat-file -s 0f04ac8e7a4b4151089b0b24407defacc3c8ff7e [2ms]
2023-01-27 21:29:32.660 [info] > git check-ignore -v -z --stdin [4ms]
2023-01-27 21:29:32.755 [info] > git config --local branch.52-language-dropdown.github-pr-owner-number [2ms]
2023-01-27 21:29:33.144 [info] > git ls-files --stage -- /home/bo7owers/Documents/websites/vite-apps/vue-portfolio/src/components/Nav/LangDropdown.vue [0ms]
2023-01-27 21:29:33.148 [info] > git cat-file -s 0f04ac8e7a4b4151089b0b24407defacc3c8ff7e [1ms]
2023-01-27 21:29:33.155 [info] > git show --textconv :src/components/Nav/LangDropdown.vue [0ms]
2023-01-27 21:29:47.179 [info] > git check-ignore -v -z --stdin [1ms]
2023-01-27 21:32:42.575 [info] > git fetch [293ms]
2023-01-27 21:32:42.575 [info] Missing or invalid credentials.
Skip silent fetch commands
git@github.com: Permission denied (publickey).
fatal: Could not read from remote repository.

Please make sure you have the correct access rights
and the repository exists.
2023-01-27 21:32:43.468 [info] > git ls-files --stage -- /home/bo7owers/Documents/websites/vite-apps/vue-portfolio/src/components/Nav/LangDropdown.vue [1ms]
2023-01-27 21:32:43.471 [info] > git cat-file -s 0f04ac8e7a4b4151089b0b24407defacc3c8ff7e [1ms]
2023-01-27 21:32:43.478 [info] > git show --textconv :src/components/Nav/LangDropdown.vue [1ms]
2023-01-27 21:35:48.570 [info] > git fetch [332ms]
2023-01-27 21:35:48.570 [info] Missing or invalid credentials.
Skip silent fetch commands
git@github.com: Permission denied (publickey).
fatal: Could not read from remote repository.

Please make sure you have the correct access rights
and the repository exists.
2023-01-27 21:35:49.401 [info] > git ls-files --stage -- /home/bo7owers/Documents/websites/vite-apps/vue-portfolio/src/components/Nav/LangDropdown.vue [0ms]
2023-01-27 21:35:49.406 [info] > git cat-file -s 0f04ac8e7a4b4151089b0b24407defacc3c8ff7e [1ms]
2023-01-27 21:35:49.417 [info] > git show --textconv :src/components/Nav/LangDropdown.vue [0ms]
2023-01-27 21:39:12.848 [info] > git fetch [315ms]
2023-01-27 21:39:12.848 [info] Missing or invalid credentials.
Skip silent fetch commands
git@github.com: Permission denied (publickey).
fatal: Could not read from remote repository.

Please make sure you have the correct access rights
and the repository exists.
2023-01-27 21:39:13.699 [info] > git ls-files --stage -- /home/bo7owers/Documents/websites/vite-apps/vue-portfolio/src/components/Nav/LangDropdown.vue [1ms]
2023-01-27 21:39:13.703 [info] > git cat-file -s 0f04ac8e7a4b4151089b0b24407defacc3c8ff7e [1ms]
2023-01-27 21:39:13.709 [info] > git show --textconv :src/components/Nav/LangDropdown.vue [0ms]
