2023-01-27 21:33:53.831 [info] Extension host with pid 33007 started
2023-01-27 21:33:53.877 [info] ExtensionService#_doActivateExtension vscode.git-base, startup: true, activationEvent: '*', root cause: vscode.git
2023-01-27 21:33:53.878 [info] ExtensionService#_doActivateExtension KnisterPeter.vscode-github, startup: true, activationEvent: '*'
2023-01-27 21:33:53.878 [info] ExtensionService#_doActivateExtension yandeu.five-server, startup: true, activationEvent: '*'
2023-01-27 21:33:53.946 [info] ExtensionService#_doActivateExtension vscode.git, startup: true, activationEvent: '*'
2023-01-27 21:33:53.946 [info] ExtensionService#_doActivateExtension vscode.github, startup: true, activationEvent: '*'
2023-01-27 21:33:54.002 [info] Eager extensions activated
2023-01-27 21:33:54.008 [info] ExtensionService#_doActivateExtension vscode.debug-auto-launch, startup: false, activationEvent: 'onStartupFinished'
2023-01-27 21:33:54.008 [info] ExtensionService#_doActivateExtension vscode.emmet, startup: false, activationEvent: 'onStartupFinished'
2023-01-27 21:33:54.008 [info] ExtensionService#_doActivateExtension vscode.merge-conflict, startup: false, activationEvent: 'onStartupFinished'
2023-01-27 21:33:54.008 [info] ExtensionService#_doActivateExtension bradlc.vscode-tailwindcss, startup: false, activationEvent: 'onStartupFinished'
2023-01-27 21:33:54.009 [info] ExtensionService#_doActivateExtension eamodio.gitlens, startup: false, activationEvent: 'onStartupFinished'
2023-01-27 21:33:54.009 [info] ExtensionService#_doActivateExtension vscode.npm, startup: false, activationEvent: 'onStartupFinished', root cause: esbenp.prettier-vscode
2023-01-27 21:33:54.009 [info] ExtensionService#_doActivateExtension vscode.github-authentication, startup: false, activationEvent: 'onStartupFinished', root cause: GitHub.vscode-pull-request-github
2023-01-27 21:33:54.009 [info] ExtensionService#_doActivateExtension PKief.material-icon-theme, startup: false, activationEvent: 'onStartupFinished'
2023-01-27 21:33:54.009 [info] ExtensionService#_doActivateExtension voorjaar.windicss-intellisense, startup: false, activationEvent: 'onStartupFinished'
2023-01-27 21:33:54.207 [error] Activating extension voorjaar.windicss-intellisense failed due to an error:
2023-01-27 21:33:54.207 [error] Error: Illegal argument: base
	at P (/snap/codium/293/usr/share/codium/resources/app/out/vs/workbench/api/node/extensionHostProcess.js:7:1129)
	at new en (/snap/codium/293/usr/share/codium/resources/app/out/vs/workbench/api/node/extensionHostProcess.js:92:45182)
	at /home/bo7owers/.vscode-oss/extensions/voorjaar.windicss-intellisense-0.21.6-universal/out/extension.js:6220:44
	at step (/home/bo7owers/.vscode-oss/extensions/voorjaar.windicss-intellisense-0.21.6-universal/out/extension.js:67:23)
	at Object.next (/home/bo7owers/.vscode-oss/extensions/voorjaar.windicss-intellisense-0.21.6-universal/out/extension.js:48:53)
	at /home/bo7owers/.vscode-oss/extensions/voorjaar.windicss-intellisense-0.21.6-universal/out/extension.js:41:71
	at new Promise (<anonymous>)
	at __awaiter (/home/bo7owers/.vscode-oss/extensions/voorjaar.windicss-intellisense-0.21.6-universal/out/extension.js:37:12)
	at activate (/home/bo7owers/.vscode-oss/extensions/voorjaar.windicss-intellisense-0.21.6-universal/out/extension.js:6217:12)
	at Ln.db (/snap/codium/293/usr/share/codium/resources/app/out/vs/workbench/api/node/extensionHostProcess.js:106:15127)
	at Ln.cb (/snap/codium/293/usr/share/codium/resources/app/out/vs/workbench/api/node/extensionHostProcess.js:106:14825)
	at /snap/codium/293/usr/share/codium/resources/app/out/vs/workbench/api/node/extensionHostProcess.js:106:12823
	at process.processTicksAndRejections (node:internal/process/task_queues:96:5)
	at async v.n (/snap/codium/293/usr/share/codium/resources/app/out/vs/workbench/api/node/extensionHostProcess.js:92:7006)
	at async v.m (/snap/codium/293/usr/share/codium/resources/app/out/vs/workbench/api/node/extensionHostProcess.js:92:6969)
	at async v.l (/snap/codium/293/usr/share/codium/resources/app/out/vs/workbench/api/node/extensionHostProcess.js:92:6426)
2023-01-27 21:33:54.233 [info] ExtensionService#_doActivateExtension GitHub.vscode-pull-request-github, startup: false, activationEvent: 'onStartupFinished'
2023-01-27 21:33:54.247 [info] ExtensionService#_doActivateExtension esbenp.prettier-vscode, startup: false, activationEvent: 'onStartupFinished'
2023-01-27 21:33:56.456 [info] Extension host terminating: received terminate message from renderer
2023-01-27 21:33:56.470 [info] Extension host with pid 33007 exiting with code 0
