2023-01-24 19:34:54.569 [info] Reading sessions from keychain...
2023-01-24 19:34:54.569 [info] Getting sessions for all scopes...
2023-01-24 19:34:54.569 [info] Got stored sessions!
2023-01-24 19:34:54.569 [info] Got 1 verified sessions.
2023-01-24 19:34:54.569 [info] Got 1 sessions for ...
2023-01-24 19:34:54.662 [info] Getting sessions for read:user,repo,user:email...
2023-01-24 19:34:54.662 [info] Getting sessions for read:user,repo,user:email,workflow...
2023-01-24 19:34:54.662 [info] Got 0 sessions for read:user,repo,user:email...
2023-01-24 19:34:54.662 [info] Got 1 sessions for read:user,repo,user:email,workflow...
2023-01-24 19:34:54.694 [info] Getting sessions for read:user,repo,user:email...
2023-01-24 19:34:54.694 [info] Got 0 sessions for read:user,repo,user:email...
2023-01-24 19:35:09.395 [info] Getting sessions for read:user,repo,user:email...
2023-01-24 19:35:09.395 [info] Got 0 sessions for read:user,repo,user:email...
2023-01-24 19:37:05.322 [info] Getting sessions for read:user,repo,user:email...
2023-01-24 19:37:05.322 [info] Got 0 sessions for read:user,repo,user:email...
2023-01-24 19:38:24.590 [info] Getting sessions for read:user,repo,user:email...
2023-01-24 19:38:24.590 [info] Got 0 sessions for read:user,repo,user:email...
2023-01-24 19:48:53.835 [info] Reading sessions from keychain...
2023-01-24 19:48:53.835 [info] Getting sessions for all scopes...
2023-01-24 19:48:53.835 [info] Got stored sessions!
2023-01-24 19:48:53.835 [info] Got 1 verified sessions.
2023-01-24 19:48:53.835 [info] Got 1 sessions for ...
2023-01-24 19:48:54.010 [info] Getting sessions for read:user,repo,user:email,workflow...
2023-01-24 19:48:54.010 [info] Getting sessions for read:user,repo,user:email...
2023-01-24 19:48:54.010 [info] Got 1 sessions for read:user,repo,user:email,workflow...
2023-01-24 19:48:54.010 [info] Got 0 sessions for read:user,repo,user:email...
2023-01-24 19:48:54.037 [info] Getting sessions for read:user,repo,user:email...
2023-01-24 19:48:54.037 [info] Got 0 sessions for read:user,repo,user:email...
2023-01-24 20:08:49.622 [info] Getting sessions for read:user,repo,user:email...
2023-01-24 20:08:49.622 [info] Got 0 sessions for read:user,repo,user:email...
2023-01-24 20:14:01.119 [info] Getting sessions for read:user,repo,user:email...
2023-01-24 20:14:01.119 [info] Got 0 sessions for read:user,repo,user:email...
2023-01-24 20:23:03.593 [info] Getting sessions for read:user,repo,user:email...
2023-01-24 20:23:03.593 [info] Got 0 sessions for read:user,repo,user:email...
2023-01-24 20:50:37.853 [info] Getting sessions for read:user,repo,user:email...
2023-01-24 20:50:37.853 [info] Got 0 sessions for read:user,repo,user:email...
2023-01-24 20:51:52.068 [info] Getting sessions for read:user,repo,user:email...
2023-01-24 20:51:52.068 [info] Got 0 sessions for read:user,repo,user:email...
2023-01-24 21:30:33.116 [info] Getting sessions for read:user,repo,user:email...
2023-01-24 21:30:33.116 [info] Got 0 sessions for read:user,repo,user:email...
