2023-01-24 19:34:53.370 [info] Extension host with pid 39562 started
2023-01-24 19:34:53.370 [info] Skipping acquiring lock for /home/bo7owers/.config/VSCodium/User/workspaceStorage/a97002f6030ad8138c6c800dacf80554.
2023-01-24 19:34:53.439 [info] ExtensionService#_doActivateExtension Vue.volar, startup: false, activationEvent: 'onLanguage:plaintext'
2023-01-24 19:34:53.439 [info] ExtensionService#_doActivateExtension vscode.extension-editing, startup: false, activationEvent: 'onLanguage:markdown'
2023-01-24 19:34:53.439 [info] ExtensionService#_doActivateExtension vscode.markdown-language-features, startup: false, activationEvent: 'onLanguage:markdown'
2023-01-24 19:34:53.439 [info] ExtensionService#_doActivateExtension vscode.git-base, startup: true, activationEvent: '*', root cause: vscode.git
2023-01-24 19:34:53.439 [info] ExtensionService#_doActivateExtension KnisterPeter.vscode-github, startup: true, activationEvent: '*'
2023-01-24 19:34:53.439 [info] ExtensionService#_doActivateExtension yandeu.five-server, startup: true, activationEvent: '*'
2023-01-24 19:34:53.439 [info] ExtensionService#_doActivateExtension vscode.npm, startup: true, activationEvent: 'workspaceContains:package.json'
2023-01-24 19:34:53.439 [info] ExtensionService#_doActivateExtension antfu.iconify, startup: true, activationEvent: 'workspaceContains:package.json'
2023-01-24 19:34:53.440 [info] ExtensionService#_doActivateExtension lokalise.i18n-ally, startup: true, activationEvent: 'workspaceContains:package.json'
2023-01-24 19:34:54.190 [info] ExtensionService#_doActivateExtension vscode.git, startup: true, activationEvent: '*'
2023-01-24 19:34:54.190 [info] ExtensionService#_doActivateExtension vscode.github, startup: true, activationEvent: '*'
2023-01-24 19:34:54.245 [info] Eager extensions activated
2023-01-24 19:34:54.265 [info] ExtensionService#_doActivateExtension vscode.debug-auto-launch, startup: false, activationEvent: 'onStartupFinished'
2023-01-24 19:34:54.265 [info] ExtensionService#_doActivateExtension vscode.emmet, startup: false, activationEvent: 'onStartupFinished'
2023-01-24 19:34:54.265 [info] ExtensionService#_doActivateExtension vscode.merge-conflict, startup: false, activationEvent: 'onStartupFinished'
2023-01-24 19:34:54.265 [info] ExtensionService#_doActivateExtension bradlc.vscode-tailwindcss, startup: false, activationEvent: 'onStartupFinished'
2023-01-24 19:34:54.265 [info] ExtensionService#_doActivateExtension eamodio.gitlens, startup: false, activationEvent: 'onStartupFinished'
2023-01-24 19:34:54.265 [info] ExtensionService#_doActivateExtension esbenp.prettier-vscode, startup: false, activationEvent: 'onStartupFinished'
2023-01-24 19:34:54.265 [info] ExtensionService#_doActivateExtension vscode.github-authentication, startup: false, activationEvent: 'onStartupFinished', root cause: GitHub.vscode-pull-request-github
2023-01-24 19:34:54.265 [info] ExtensionService#_doActivateExtension PKief.material-icon-theme, startup: false, activationEvent: 'onStartupFinished'
2023-01-24 19:34:54.265 [info] ExtensionService#_doActivateExtension voorjaar.windicss-intellisense, startup: false, activationEvent: 'onStartupFinished'
2023-01-24 19:34:54.434 [info] ExtensionService#_doActivateExtension GitHub.vscode-pull-request-github, startup: false, activationEvent: 'onStartupFinished'
2023-01-24 19:34:54.468 [info] ExtensionService#_doActivateExtension vscode.markdown-math, startup: false, activationEvent: 'api', root cause: vscode.markdown-language-features
2023-01-24 19:34:54.506 [info] ExtensionService#_doActivateExtension vscode.configuration-editing, startup: false, activationEvent: 'onLanguage:json'
2023-01-24 19:34:54.507 [info] ExtensionService#_doActivateExtension vscode.json-language-features, startup: false, activationEvent: 'onLanguage:json'
2023-01-24 19:37:09.798 [warning] TextEditor is closed/disposed
2023-01-24 19:38:08.544 [warning] TextEditor is closed/disposed
2023-01-24 19:38:30.869 [warning] TextEditor is closed/disposed
2023-01-24 19:38:45.468 [warning] TextEditor is closed/disposed
2023-01-24 19:38:53.862 [warning] TextEditor is closed/disposed
2023-01-24 19:38:58.227 [warning] TextEditor is closed/disposed
2023-01-24 19:39:03.114 [warning] TextEditor is closed/disposed
2023-01-24 19:39:57.005 [warning] TextEditor is closed/disposed
2023-01-24 19:39:57.042 [info] ExtensionService#_doActivateExtension vscode.typescript-language-features, startup: false, activationEvent: 'onLanguage:typescript'
2023-01-24 19:40:00.800 [warning] TextEditor is closed/disposed
2023-01-24 19:40:05.243 [warning] TextEditor is closed/disposed
2023-01-24 19:40:13.743 [warning] TextEditor is closed/disposed
2023-01-24 19:40:18.713 [warning] TextEditor is closed/disposed
2023-01-24 19:40:20.944 [warning] TextEditor is closed/disposed
2023-01-24 19:41:09.268 [warning] TextEditor is closed/disposed
2023-01-24 19:41:29.108 [warning] TextEditor is closed/disposed
2023-01-24 19:41:31.894 [warning] TextEditor is closed/disposed
2023-01-24 19:41:46.996 [warning] TextEditor is closed/disposed
2023-01-24 19:41:49.017 [warning] TextEditor is closed/disposed
2023-01-24 19:48:38.167 [warning] TextEditor is closed/disposed
2023-01-24 19:48:51.239 [info] Extension host terminating: received terminate message from renderer
2023-01-24 19:48:51.269 [info] Extension host with pid 39562 exiting with code 0
2023-01-24 19:48:52.755 [info] Extension host with pid 42569 started
2023-01-24 19:48:52.755 [info] Skipping acquiring lock for /home/bo7owers/.config/VSCodium/User/workspaceStorage/a97002f6030ad8138c6c800dacf80554.
2023-01-24 19:48:52.808 [info] ExtensionService#_doActivateExtension Vue.volar, startup: false, activationEvent: 'onLanguage:plaintext'
2023-01-24 19:48:52.808 [info] ExtensionService#_doActivateExtension vscode.configuration-editing, startup: false, activationEvent: 'onLanguage:json'
2023-01-24 19:48:52.808 [info] ExtensionService#_doActivateExtension vscode.extension-editing, startup: false, activationEvent: 'onLanguage:json'
2023-01-24 19:48:52.808 [info] ExtensionService#_doActivateExtension vscode.json-language-features, startup: false, activationEvent: 'onLanguage:json'
2023-01-24 19:48:52.808 [info] ExtensionService#_doActivateExtension vscode.npm, startup: false, activationEvent: 'onLanguage:json'
2023-01-24 19:48:52.808 [info] ExtensionService#_doActivateExtension antfu.iconify, startup: false, activationEvent: 'onLanguage:vue'
2023-01-24 19:48:52.808 [info] ExtensionService#_doActivateExtension vscode.git-base, startup: true, activationEvent: '*', root cause: vscode.git
2023-01-24 19:48:52.809 [info] ExtensionService#_doActivateExtension KnisterPeter.vscode-github, startup: true, activationEvent: '*'
2023-01-24 19:48:52.809 [info] ExtensionService#_doActivateExtension yandeu.five-server, startup: true, activationEvent: '*'
2023-01-24 19:48:53.378 [info] ExtensionService#_doActivateExtension vscode.git, startup: true, activationEvent: '*'
2023-01-24 19:48:53.379 [info] ExtensionService#_doActivateExtension vscode.github, startup: true, activationEvent: '*'
2023-01-24 19:48:53.438 [info] Eager extensions activated
2023-01-24 19:48:53.469 [info] ExtensionService#_doActivateExtension esbenp.prettier-vscode, startup: false, activationEvent: 'onLanguage:json'
2023-01-24 19:48:53.469 [info] ExtensionService#_doActivateExtension vscode.debug-auto-launch, startup: false, activationEvent: 'onStartupFinished'
2023-01-24 19:48:53.470 [info] ExtensionService#_doActivateExtension vscode.emmet, startup: false, activationEvent: 'onStartupFinished'
2023-01-24 19:48:53.470 [info] ExtensionService#_doActivateExtension vscode.merge-conflict, startup: false, activationEvent: 'onStartupFinished'
2023-01-24 19:48:53.470 [info] ExtensionService#_doActivateExtension bradlc.vscode-tailwindcss, startup: false, activationEvent: 'onStartupFinished'
2023-01-24 19:48:53.470 [info] ExtensionService#_doActivateExtension eamodio.gitlens, startup: false, activationEvent: 'onStartupFinished'
2023-01-24 19:48:53.470 [info] ExtensionService#_doActivateExtension vscode.github-authentication, startup: false, activationEvent: 'onStartupFinished', root cause: GitHub.vscode-pull-request-github
2023-01-24 19:48:53.470 [info] ExtensionService#_doActivateExtension PKief.material-icon-theme, startup: false, activationEvent: 'onStartupFinished'
2023-01-24 19:48:53.470 [info] ExtensionService#_doActivateExtension voorjaar.windicss-intellisense, startup: false, activationEvent: 'onStartupFinished'
2023-01-24 19:48:53.775 [info] ExtensionService#_doActivateExtension GitHub.vscode-pull-request-github, startup: false, activationEvent: 'onStartupFinished'
2023-01-24 19:49:01.506 [warning] TextEditor is closed/disposed
2023-01-24 19:49:02.291 [info] ExtensionService#_doActivateExtension lokalise.i18n-ally, startup: false, activationEvent: 'onLanguage:vue'
2023-01-24 19:49:04.681 [error] TypeError: Cannot read properties of undefined (reading 'onDidChange')
	at /home/bo7owers/.vscode-oss/extensions/lokalise.i18n-ally-2.8.1-universal/dist/extension.js:319659:65
	at d.invoke (/snap/codium/289/usr/share/codium/resources/app/out/vs/workbench/api/node/extensionHostProcess.js:63:145)
	at w.deliver (/snap/codium/289/usr/share/codium/resources/app/out/vs/workbench/api/node/extensionHostProcess.js:63:2029)
	at g.fire (/snap/codium/289/usr/share/codium/resources/app/out/vs/workbench/api/node/extensionHostProcess.js:63:1667)
	at Global.update (/home/bo7owers/.vscode-oss/extensions/lokalise.i18n-ally-2.8.1-universal/dist/extension.js:309110:33)
	at Global.updateRootPath (/home/bo7owers/.vscode-oss/extensions/lokalise.i18n-ally-2.8.1-universal/dist/extension.js:309040:24)
	at /home/bo7owers/.vscode-oss/extensions/lokalise.i18n-ally-2.8.1-universal/dist/extension.js:308815:121
	at d.invoke (/snap/codium/289/usr/share/codium/resources/app/out/vs/workbench/api/node/extensionHostProcess.js:63:145)
	at w.deliver (/snap/codium/289/usr/share/codium/resources/app/out/vs/workbench/api/node/extensionHostProcess.js:63:2029)
	at g.fire (/snap/codium/289/usr/share/codium/resources/app/out/vs/workbench/api/node/extensionHostProcess.js:63:1667)
	at /snap/codium/289/usr/share/codium/resources/app/out/vs/workbench/api/node/extensionHostProcess.js:96:150432
	at d.invoke (/snap/codium/289/usr/share/codium/resources/app/out/vs/workbench/api/node/extensionHostProcess.js:63:145)
	at w.deliver (/snap/codium/289/usr/share/codium/resources/app/out/vs/workbench/api/node/extensionHostProcess.js:63:2029)
	at g.fire (/snap/codium/289/usr/share/codium/resources/app/out/vs/workbench/api/node/extensionHostProcess.js:63:1667)
	at w.acceptDocumentsAndEditorsDelta (/snap/codium/289/usr/share/codium/resources/app/out/vs/workbench/api/node/extensionHostProcess.js:96:13861)
	at w.$acceptDocumentsAndEditorsDelta (/snap/codium/289/usr/share/codium/resources/app/out/vs/workbench/api/node/extensionHostProcess.js:96:12176)
	at u.N (/snap/codium/289/usr/share/codium/resources/app/out/vs/workbench/api/node/extensionHostProcess.js:104:11208)
	at u.M (/snap/codium/289/usr/share/codium/resources/app/out/vs/workbench/api/node/extensionHostProcess.js:104:10926)
	at u.H (/snap/codium/289/usr/share/codium/resources/app/out/vs/workbench/api/node/extensionHostProcess.js:104:10019)
	at u.G (/snap/codium/289/usr/share/codium/resources/app/out/vs/workbench/api/node/extensionHostProcess.js:104:9000)
	at /snap/codium/289/usr/share/codium/resources/app/out/vs/workbench/api/node/extensionHostProcess.js:104:7788
	at d.invoke (/snap/codium/289/usr/share/codium/resources/app/out/vs/workbench/api/node/extensionHostProcess.js:63:145)
	at w.deliver (/snap/codium/289/usr/share/codium/resources/app/out/vs/workbench/api/node/extensionHostProcess.js:63:2029)
	at g.fire (/snap/codium/289/usr/share/codium/resources/app/out/vs/workbench/api/node/extensionHostProcess.js:63:1667)
	at h.fire (/snap/codium/289/usr/share/codium/resources/app/out/vs/workbench/api/node/extensionHostProcess.js:72:14314)
	at /snap/codium/289/usr/share/codium/resources/app/out/vs/workbench/api/node/extensionHostProcess.js:120:15804
	at d.invoke (/snap/codium/289/usr/share/codium/resources/app/out/vs/workbench/api/node/extensionHostProcess.js:63:145)
	at w.deliver (/snap/codium/289/usr/share/codium/resources/app/out/vs/workbench/api/node/extensionHostProcess.js:63:2029)
	at g.fire (/snap/codium/289/usr/share/codium/resources/app/out/vs/workbench/api/node/extensionHostProcess.js:63:1667)
	at h.fire (/snap/codium/289/usr/share/codium/resources/app/out/vs/workbench/api/node/extensionHostProcess.js:72:14314)
	at c.y (/snap/codium/289/usr/share/codium/resources/app/out/vs/workbench/api/node/extensionHostProcess.js:72:17324)
	at /snap/codium/289/usr/share/codium/resources/app/out/vs/workbench/api/node/extensionHostProcess.js:72:15795
	at d.invoke (/snap/codium/289/usr/share/codium/resources/app/out/vs/workbench/api/node/extensionHostProcess.js:63:145)
	at w.deliver (/snap/codium/289/usr/share/codium/resources/app/out/vs/workbench/api/node/extensionHostProcess.js:63:2029)
	at g.fire (/snap/codium/289/usr/share/codium/resources/app/out/vs/workbench/api/node/extensionHostProcess.js:63:1667)
	at g.acceptChunk (/snap/codium/289/usr/share/codium/resources/app/out/vs/workbench/api/node/extensionHostProcess.js:72:12045)
	at /snap/codium/289/usr/share/codium/resources/app/out/vs/workbench/api/node/extensionHostProcess.js:72:11332
	at Socket.l (/snap/codium/289/usr/share/codium/resources/app/out/vs/workbench/api/node/extensionHostProcess.js:72:19792)
	at Socket.emit (node:events:526:28)
	at addChunk (node:internal/streams/readable:315:12)
	at readableAddChunk (node:internal/streams/readable:289:9)
	at Readable.push (node:internal/streams/readable:228:10)
	at Pipe.onStreamRead (node:internal/stream_base_commons:190:23)
2023-01-24 19:49:04.735 [info] ExtensionService#_doActivateExtension vscode.typescript-language-features, startup: false, activationEvent: 'onLanguage:jsonc'
2023-01-24 19:53:14.134 [warning] TextEditor is closed/disposed
2023-01-24 19:53:26.235 [warning] TextEditor is closed/disposed
2023-01-24 20:04:45.739 [warning] TextEditor is closed/disposed
2023-01-24 20:07:16.577 [warning] TextEditor is closed/disposed
2023-01-24 20:08:49.360 [warning] TextEditor is closed/disposed
2023-01-24 20:14:01.823 [warning] TextEditor is closed/disposed
2023-01-24 20:15:45.668 [warning] TextEditor is closed/disposed
2023-01-24 20:15:46.698 [warning] TextEditor is closed/disposed
2023-01-24 20:16:41.136 [warning] TextEditor is closed/disposed
2023-01-24 20:17:29.271 [warning] TextEditor is closed/disposed
2023-01-24 20:17:34.071 [warning] TextEditor is closed/disposed
2023-01-24 20:17:39.994 [warning] TextEditor is closed/disposed
2023-01-24 20:17:42.132 [warning] TextEditor is closed/disposed
2023-01-24 20:19:08.591 [warning] TextEditor is closed/disposed
2023-01-24 20:19:09.819 [warning] TextEditor is closed/disposed
2023-01-24 20:19:15.591 [warning] TextEditor is closed/disposed
2023-01-24 20:19:52.871 [warning] TextEditor is closed/disposed
2023-01-24 20:21:17.699 [warning] TextEditor is closed/disposed
2023-01-24 20:25:53.172 [warning] TextEditor is closed/disposed
2023-01-24 20:25:56.519 [warning] TextEditor is closed/disposed
2023-01-24 20:25:57.777 [warning] TextEditor is closed/disposed
2023-01-24 20:27:01.946 [warning] TextEditor is closed/disposed
2023-01-24 20:27:04.780 [warning] TextEditor is closed/disposed
2023-01-24 20:30:39.322 [warning] TextEditor is closed/disposed
2023-01-24 20:32:30.286 [warning] TextEditor is closed/disposed
2023-01-24 20:32:34.221 [warning] TextEditor is closed/disposed
2023-01-24 20:50:38.767 [warning] TextEditor is closed/disposed
2023-01-24 20:50:40.170 [warning] TextEditor is closed/disposed
2023-01-24 20:54:33.362 [warning] TextEditor is closed/disposed
2023-01-24 20:54:39.805 [warning] TextEditor is closed/disposed
2023-01-24 21:16:12.584 [warning] TextEditor is closed/disposed
2023-01-24 21:17:30.286 [warning] TextEditor is closed/disposed
2023-01-24 21:19:27.935 [warning] TextEditor is closed/disposed
2023-01-24 21:30:32.819 [warning] TextEditor is closed/disposed
2023-01-24 21:31:36.711 [warning] TextEditor is closed/disposed
2023-01-24 21:31:54.159 [warning] TextEditor is closed/disposed
2023-01-24 21:33:19.786 [warning] TextEditor is closed/disposed
2023-01-24 21:33:22.446 [warning] TextEditor is closed/disposed
2023-01-24 21:33:24.475 [warning] TextEditor is closed/disposed
2023-01-24 21:33:30.561 [warning] TextEditor is closed/disposed
2023-01-24 21:33:50.359 [warning] TextEditor is closed/disposed
2023-01-24 21:39:56.522 [warning] TextEditor is closed/disposed
2023-01-24 21:41:52.694 [info] Extension host terminating: received terminate message from renderer
2023-01-24 21:41:52.739 [warning] {"name":"Canceled"}
2023-01-24 21:41:52.742 [info] Extension host with pid 42569 exiting with code 0
