2023-01-24 21:42:01.358 [info] Log level: Info
2023-01-24 21:42:01.358 [info] Validating found git in: "git"
2023-01-24 21:42:01.358 [info] Using git "2.34.1" from "git"
2023-01-24 21:42:01.358 [info] > git rev-parse --show-toplevel [17ms]
2023-01-24 21:42:01.375 [info] > git rev-parse --git-dir --git-common-dir [23ms]
2023-01-24 21:42:01.382 [info] Open repository: /home/bo7owers/Documents/websites/vite-apps/vue-portfolio
2023-01-24 21:42:01.416 [info] > git config --get commit.template [25ms]
2023-01-24 21:42:01.416 [info] > git rev-parse --show-toplevel [30ms]
2023-01-24 21:42:01.437 [info] > git rev-parse --show-toplevel [15ms]
2023-01-24 21:42:01.456 [info] > git rev-parse --show-toplevel [14ms]
2023-01-24 21:42:01.545 [info] > git for-each-ref --format=%(refname)%00%(upstream:short)%00%(objectname)%00%(upstream:track)%00%(upstream:remotename)%00%(upstream:remoteref) refs/heads/48-translate-tooltips refs/remotes/48-translate-tooltips [98ms]
2023-01-24 21:42:01.560 [info] > git status -z -uall [11ms]
2023-01-24 21:42:01.563 [info] > git rev-parse --show-toplevel [97ms]
2023-01-24 21:42:01.631 [info] > git rev-parse --show-toplevel [61ms]
2023-01-24 21:42:01.638 [info] > git for-each-ref --sort -committerdate --format %(refname) %(objectname) %(*objectname) [85ms]
2023-01-24 21:42:01.651 [info] > git rev-parse --show-toplevel [14ms]
2023-01-24 21:42:01.667 [info] > git config --get commit.template [18ms]
2023-01-24 21:42:01.679 [info] > git for-each-ref --format=%(refname)%00%(upstream:short)%00%(objectname)%00%(upstream:track)%00%(upstream:remotename)%00%(upstream:remoteref) refs/heads/48-translate-tooltips refs/remotes/48-translate-tooltips [3ms]
2023-01-24 21:42:01.758 [info] > git status -z -uall [65ms]
2023-01-24 21:42:01.763 [info] > git for-each-ref --sort -committerdate --format %(refname) %(objectname) %(*objectname) [57ms]
2023-01-24 21:42:02.021 [info] > git show --textconv :src/views/Home.vue [89ms]
2023-01-24 21:42:02.021 [info] > git show --textconv :src/components/Footer.vue [80ms]
2023-01-24 21:42:02.021 [info] > git check-ignore -v -z --stdin [101ms]
2023-01-24 21:42:02.039 [info] > git ls-files --stage -- /home/bo7owers/Documents/websites/vite-apps/vue-portfolio/src/components/Footer.vue [86ms]
2023-01-24 21:42:02.050 [info] > git ls-files --stage -- /home/bo7owers/Documents/websites/vite-apps/vue-portfolio/src/views/Home.vue [102ms]
2023-01-24 21:42:02.059 [info] > git cat-file -s d921c7f3cdd88e58602ed140035fa473818f0ba4 [1ms]
2023-01-24 21:42:02.059 [info] > git cat-file -s 396eca1ca3990f159b02ab6b3e93e15daf9c2777 [9ms]
2023-01-24 21:42:02.073 [info] > git fetch [691ms]
2023-01-24 21:42:02.091 [info] > git config --get commit.template [4ms]
2023-01-24 21:42:02.123 [info] > git for-each-ref --format=%(refname)%00%(upstream:short)%00%(objectname)%00%(upstream:track)%00%(upstream:remotename)%00%(upstream:remoteref) refs/heads/48-translate-tooltips refs/remotes/48-translate-tooltips [18ms]
2023-01-24 21:42:02.148 [info] > git status -z -uall [16ms]
2023-01-24 21:42:02.148 [info] > git config --local branch.48-translate-tooltips.github-pr-owner-number [28ms]
2023-01-24 21:42:02.149 [info] > git for-each-ref --sort -committerdate --format %(refname) %(objectname) %(*objectname) [7ms]
2023-01-24 21:42:03.230 [info] > git ls-files --stage -- /home/bo7owers/Documents/websites/vite-apps/vue-portfolio/src/views/Home.vue [6ms]
2023-01-24 21:42:03.235 [info] > git ls-files --stage -- /home/bo7owers/Documents/websites/vite-apps/vue-portfolio/src/components/Footer.vue [5ms]
2023-01-24 21:42:03.241 [info] > git cat-file -s d921c7f3cdd88e58602ed140035fa473818f0ba4 [6ms]
2023-01-24 21:42:03.242 [info] > git cat-file -s 396eca1ca3990f159b02ab6b3e93e15daf9c2777 [1ms]
2023-01-24 21:42:03.255 [info] > git show --textconv :src/views/Home.vue [5ms]
2023-01-24 21:42:03.255 [info] > git show --textconv :src/components/Footer.vue [1ms]
