["INFO" - 5:14:12 p.m.] Extension Name: esbenp.prettier-vscode.
["INFO" - 5:14:12 p.m.] Extension Version: 9.10.4.
["INFO" - 5:14:44 p.m.] Formatting file:///home/bo7owers/Documents/websites/vite-apps/vue-portfolio/src/components/Nav/LangDropdown.vue
["INFO" - 5:14:44 p.m.] Using ignore file (if present) at /home/bo7owers/Documents/websites/vite-apps/vue-portfolio/.prettierignore
["INFO" - 5:14:44 p.m.] File Info:
{
  "ignored": false,
  "inferredParser": "vue"
}
["INFO" - 5:14:44 p.m.] No local configuration (i.e. .prettierrc or .editorconfig) detected, falling back to VS Code configuration
["INFO" - 5:14:44 p.m.] Prettier Options:
{
  "arrowParens": "always",
  "bracketSpacing": true,
  "endOfLine": "lf",
  "htmlWhitespaceSensitivity": "css",
  "insertPragma": false,
  "singleAttributePerLine": false,
  "bracketSameLine": false,
  "jsxBracketSameLine": false,
  "jsxSingleQuote": true,
  "printWidth": 80,
  "proseWrap": "preserve",
  "quoteProps": "as-needed",
  "requirePragma": false,
  "semi": false,
  "singleQuote": true,
  "tabWidth": 4,
  "trailingComma": "es5",
  "useTabs": false,
  "vueIndentScriptAndStyle": false,
  "filepath": "/home/bo7owers/Documents/websites/vite-apps/vue-portfolio/src/components/Nav/LangDropdown.vue",
  "parser": "vue"
}
["INFO" - 5:14:44 p.m.] Formatting completed in 216ms.
["INFO" - 5:14:59 p.m.] Formatting file:///home/bo7owers/Documents/websites/vite-apps/vue-portfolio/src/components/Nav/LangDropdown.vue
["INFO" - 5:14:59 p.m.] Using ignore file (if present) at /home/bo7owers/Documents/websites/vite-apps/vue-portfolio/.prettierignore
["INFO" - 5:14:59 p.m.] File Info:
{
  "ignored": false,
  "inferredParser": "vue"
}
["INFO" - 5:14:59 p.m.] No local configuration (i.e. .prettierrc or .editorconfig) detected, falling back to VS Code configuration
["INFO" - 5:14:59 p.m.] Prettier Options:
{
  "arrowParens": "always",
  "bracketSpacing": true,
  "endOfLine": "lf",
  "htmlWhitespaceSensitivity": "css",
  "insertPragma": false,
  "singleAttributePerLine": false,
  "bracketSameLine": false,
  "jsxBracketSameLine": false,
  "jsxSingleQuote": true,
  "printWidth": 80,
  "proseWrap": "preserve",
  "quoteProps": "as-needed",
  "requirePragma": false,
  "semi": false,
  "singleQuote": true,
  "tabWidth": 4,
  "trailingComma": "es5",
  "useTabs": false,
  "vueIndentScriptAndStyle": false,
  "filepath": "/home/bo7owers/Documents/websites/vite-apps/vue-portfolio/src/components/Nav/LangDropdown.vue",
  "parser": "vue"
}
["INFO" - 5:14:59 p.m.] Formatting completed in 20ms.
["INFO" - 5:15:36 p.m.] Formatting file:///home/bo7owers/Documents/websites/vite-apps/vue-portfolio/src/components/Nav/LangDropdown.vue
["INFO" - 5:15:36 p.m.] Using ignore file (if present) at /home/bo7owers/Documents/websites/vite-apps/vue-portfolio/.prettierignore
["INFO" - 5:15:36 p.m.] File Info:
{
  "ignored": false,
  "inferredParser": "vue"
}
["INFO" - 5:15:36 p.m.] No local configuration (i.e. .prettierrc or .editorconfig) detected, falling back to VS Code configuration
["INFO" - 5:15:36 p.m.] Prettier Options:
{
  "arrowParens": "always",
  "bracketSpacing": true,
  "endOfLine": "lf",
  "htmlWhitespaceSensitivity": "css",
  "insertPragma": false,
  "singleAttributePerLine": false,
  "bracketSameLine": false,
  "jsxBracketSameLine": false,
  "jsxSingleQuote": true,
  "printWidth": 80,
  "proseWrap": "preserve",
  "quoteProps": "as-needed",
  "requirePragma": false,
  "semi": false,
  "singleQuote": true,
  "tabWidth": 4,
  "trailingComma": "es5",
  "useTabs": false,
  "vueIndentScriptAndStyle": false,
  "filepath": "/home/bo7owers/Documents/websites/vite-apps/vue-portfolio/src/components/Nav/LangDropdown.vue",
  "parser": "vue"
}
["INFO" - 5:15:36 p.m.] Formatting completed in 15ms.
["INFO" - 5:16:30 p.m.] Formatting file:///home/bo7owers/Documents/websites/vite-apps/vue-portfolio/src/components/Nav/LangDropdown.vue
["INFO" - 5:16:30 p.m.] Using ignore file (if present) at /home/bo7owers/Documents/websites/vite-apps/vue-portfolio/.prettierignore
["INFO" - 5:16:30 p.m.] File Info:
{
  "ignored": false,
  "inferredParser": "vue"
}
["INFO" - 5:16:30 p.m.] No local configuration (i.e. .prettierrc or .editorconfig) detected, falling back to VS Code configuration
["INFO" - 5:16:30 p.m.] Prettier Options:
{
  "arrowParens": "always",
  "bracketSpacing": true,
  "endOfLine": "lf",
  "htmlWhitespaceSensitivity": "css",
  "insertPragma": false,
  "singleAttributePerLine": false,
  "bracketSameLine": false,
  "jsxBracketSameLine": false,
  "jsxSingleQuote": true,
  "printWidth": 80,
  "proseWrap": "preserve",
  "quoteProps": "as-needed",
  "requirePragma": false,
  "semi": false,
  "singleQuote": true,
  "tabWidth": 4,
  "trailingComma": "es5",
  "useTabs": false,
  "vueIndentScriptAndStyle": false,
  "filepath": "/home/bo7owers/Documents/websites/vite-apps/vue-portfolio/src/components/Nav/LangDropdown.vue",
  "parser": "vue"
}
["INFO" - 5:16:30 p.m.] Formatting completed in 18ms.
["INFO" - 5:17:18 p.m.] Formatting file:///home/bo7owers/Documents/websites/vite-apps/vue-portfolio/src/components/Nav/LangDropdown.vue
["INFO" - 5:17:18 p.m.] Using ignore file (if present) at /home/bo7owers/Documents/websites/vite-apps/vue-portfolio/.prettierignore
["INFO" - 5:17:18 p.m.] File Info:
{
  "ignored": false,
  "inferredParser": "vue"
}
["INFO" - 5:17:18 p.m.] No local configuration (i.e. .prettierrc or .editorconfig) detected, falling back to VS Code configuration
["INFO" - 5:17:18 p.m.] Prettier Options:
{
  "arrowParens": "always",
  "bracketSpacing": true,
  "endOfLine": "lf",
  "htmlWhitespaceSensitivity": "css",
  "insertPragma": false,
  "singleAttributePerLine": false,
  "bracketSameLine": false,
  "jsxBracketSameLine": false,
  "jsxSingleQuote": true,
  "printWidth": 80,
  "proseWrap": "preserve",
  "quoteProps": "as-needed",
  "requirePragma": false,
  "semi": false,
  "singleQuote": true,
  "tabWidth": 4,
  "trailingComma": "es5",
  "useTabs": false,
  "vueIndentScriptAndStyle": false,
  "filepath": "/home/bo7owers/Documents/websites/vite-apps/vue-portfolio/src/components/Nav/LangDropdown.vue",
  "parser": "vue"
}
["INFO" - 5:17:18 p.m.] Formatting completed in 15ms.
["INFO" - 5:17:43 p.m.] Formatting file:///home/bo7owers/Documents/websites/vite-apps/vue-portfolio/src/components/Nav/LangDropdown.vue
["INFO" - 5:17:43 p.m.] Using ignore file (if present) at /home/bo7owers/Documents/websites/vite-apps/vue-portfolio/.prettierignore
["INFO" - 5:17:43 p.m.] File Info:
{
  "ignored": false,
  "inferredParser": "vue"
}
["INFO" - 5:17:43 p.m.] No local configuration (i.e. .prettierrc or .editorconfig) detected, falling back to VS Code configuration
["INFO" - 5:17:43 p.m.] Prettier Options:
{
  "arrowParens": "always",
  "bracketSpacing": true,
  "endOfLine": "lf",
  "htmlWhitespaceSensitivity": "css",
  "insertPragma": false,
  "singleAttributePerLine": false,
  "bracketSameLine": false,
  "jsxBracketSameLine": false,
  "jsxSingleQuote": true,
  "printWidth": 80,
  "proseWrap": "preserve",
  "quoteProps": "as-needed",
  "requirePragma": false,
  "semi": false,
  "singleQuote": true,
  "tabWidth": 4,
  "trailingComma": "es5",
  "useTabs": false,
  "vueIndentScriptAndStyle": false,
  "filepath": "/home/bo7owers/Documents/websites/vite-apps/vue-portfolio/src/components/Nav/LangDropdown.vue",
  "parser": "vue"
}
["INFO" - 5:17:43 p.m.] Formatting completed in 13ms.
