2023-01-28 18:16:32.109 [info] Log level: Info
2023-01-28 18:16:32.109 [info] Validating found git in: "git"
2023-01-28 18:16:32.109 [info] Using git "" from "git"
2023-01-28 18:16:32.109 [info] > git rev-parse --show-toplevel [13ms]
2023-01-28 18:16:32.115 [info] > git rev-parse --git-dir --git-common-dir [16ms]
2023-01-28 18:16:32.123 [info] Open repository: /home/bo7owers/Documents/websites/vite-apps/vue-portfolio
2023-01-28 18:16:32.154 [info] > git config --get commit.template [22ms]
2023-01-28 18:16:32.154 [info] > git rev-parse --show-toplevel [26ms]
2023-01-28 18:16:32.166 [info] > git rev-parse --show-toplevel [7ms]
2023-01-28 18:16:32.188 [info] > git rev-parse --show-toplevel [18ms]
2023-01-28 18:16:32.198 [info] > git for-each-ref --format=%(refname)%00%(upstream:short)%00%(objectname)%00%(upstream:track)%00%(upstream:remotename)%00%(upstream:remoteref) refs/heads/52-language-dropdown refs/remotes/52-language-dropdown [22ms]
2023-01-28 18:16:32.397 [info] > git status -z -uall [194ms]
2023-01-28 18:16:32.397 [info] > git rev-parse --show-toplevel [205ms]
2023-01-28 18:16:32.410 [info] > git rev-parse --show-toplevel [8ms]
2023-01-28 18:16:32.410 [info] > git for-each-ref --sort -committerdate --format %(refname) %(objectname) %(*objectname) [203ms]
2023-01-28 18:16:32.485 [info] > git config --get commit.template [10ms]
2023-01-28 18:16:32.501 [info] > git for-each-ref --format=%(refname)%00%(upstream:short)%00%(objectname)%00%(upstream:track)%00%(upstream:remotename)%00%(upstream:remoteref) refs/heads/52-language-dropdown refs/remotes/52-language-dropdown [1ms]
2023-01-28 18:16:32.511 [info] > git status -z -uall [5ms]
2023-01-28 18:16:32.514 [info] > git for-each-ref --sort -committerdate --format %(refname) %(objectname) %(*objectname) [3ms]
2023-01-28 18:16:32.581 [info] > git show --textconv :src/components/Nav/LangDropdown.vue [45ms]
2023-01-28 18:16:32.581 [info] > git ls-files --stage -- /home/bo7owers/Documents/websites/vite-apps/vue-portfolio/src/components/Nav/LangDropdown.vue [40ms]
2023-01-28 18:16:32.592 [info] > git cat-file -s 0f04ac8e7a4b4151089b0b24407defacc3c8ff7e [7ms]
2023-01-28 18:16:32.728 [info] > git check-ignore -v -z --stdin [2ms]
2023-01-28 18:16:32.774 [info] > git fetch [651ms]
2023-01-28 18:16:32.786 [info] > git config --get commit.template [5ms]
2023-01-28 18:16:32.786 [info] > git for-each-ref --format=%(refname)%00%(upstream:short)%00%(objectname)%00%(upstream:track)%00%(upstream:remotename)%00%(upstream:remoteref) refs/heads/52-language-dropdown refs/remotes/52-language-dropdown [0ms]
2023-01-28 18:16:32.805 [info] > git status -z -uall [14ms]
2023-01-28 18:16:32.806 [info] > git config --local branch.52-language-dropdown.github-pr-owner-number [1ms]
2023-01-28 18:16:32.807 [info] > git for-each-ref --sort -committerdate --format %(refname) %(objectname) %(*objectname) [11ms]
2023-01-28 18:16:33.915 [info] > git ls-files --stage -- /home/bo7owers/Documents/websites/vite-apps/vue-portfolio/src/components/Nav/LangDropdown.vue [1ms]
2023-01-28 18:16:33.920 [info] > git cat-file -s 0f04ac8e7a4b4151089b0b24407defacc3c8ff7e [1ms]
2023-01-28 18:16:33.936 [info] > git show --textconv :src/components/Nav/LangDropdown.vue [1ms]
