2023-01-25 20:47:03.124 [info] Extension host with pid 62814 started
2023-01-25 20:47:03.124 [info] Skipping acquiring lock for /home/bo7owers/.config/VSCodium/User/workspaceStorage/a97002f6030ad8138c6c800dacf80554.
2023-01-25 20:47:03.207 [info] ExtensionService#_doActivateExtension Vue.volar, startup: false, activationEvent: 'onLanguage:plaintext'
2023-01-25 20:47:03.208 [info] ExtensionService#_doActivateExtension antfu.iconify, startup: false, activationEvent: 'onLanguage:vue'
2023-01-25 20:47:03.208 [info] ExtensionService#_doActivateExtension vscode.npm, startup: false, activationEvent: 'onLanguage:vue', root cause: esbenp.prettier-vscode
2023-01-25 20:47:03.208 [info] ExtensionService#_doActivateExtension lokalise.i18n-ally, startup: false, activationEvent: 'onLanguage:vue'
2023-01-25 20:47:03.208 [info] ExtensionService#_doActivateExtension vscode.git-base, startup: true, activationEvent: '*', root cause: vscode.git
2023-01-25 20:47:03.208 [info] ExtensionService#_doActivateExtension KnisterPeter.vscode-github, startup: true, activationEvent: '*'
2023-01-25 20:47:03.208 [info] ExtensionService#_doActivateExtension yandeu.five-server, startup: true, activationEvent: '*'
2023-01-25 20:47:03.927 [info] ExtensionService#_doActivateExtension vscode.git, startup: true, activationEvent: '*'
2023-01-25 20:47:03.927 [info] ExtensionService#_doActivateExtension vscode.github, startup: true, activationEvent: '*'
2023-01-25 20:47:04.002 [info] ExtensionService#_doActivateExtension esbenp.prettier-vscode, startup: false, activationEvent: 'onLanguage:vue'
2023-01-25 20:47:04.131 [info] Eager extensions activated
2023-01-25 20:47:04.177 [info] ExtensionService#_doActivateExtension vscode.debug-auto-launch, startup: false, activationEvent: 'onStartupFinished'
2023-01-25 20:47:04.177 [info] ExtensionService#_doActivateExtension vscode.emmet, startup: false, activationEvent: 'onStartupFinished'
2023-01-25 20:47:04.177 [info] ExtensionService#_doActivateExtension vscode.merge-conflict, startup: false, activationEvent: 'onStartupFinished'
2023-01-25 20:47:04.178 [info] ExtensionService#_doActivateExtension bradlc.vscode-tailwindcss, startup: false, activationEvent: 'onStartupFinished'
2023-01-25 20:47:04.178 [info] ExtensionService#_doActivateExtension eamodio.gitlens, startup: false, activationEvent: 'onStartupFinished'
2023-01-25 20:47:04.178 [info] ExtensionService#_doActivateExtension vscode.github-authentication, startup: false, activationEvent: 'onStartupFinished', root cause: GitHub.vscode-pull-request-github
2023-01-25 20:47:04.178 [info] ExtensionService#_doActivateExtension PKief.material-icon-theme, startup: false, activationEvent: 'onStartupFinished'
2023-01-25 20:47:04.178 [info] ExtensionService#_doActivateExtension voorjaar.windicss-intellisense, startup: false, activationEvent: 'onStartupFinished'
2023-01-25 20:47:04.388 [info] ExtensionService#_doActivateExtension GitHub.vscode-pull-request-github, startup: false, activationEvent: 'onStartupFinished'
2023-01-25 20:47:42.348 [warning] TextEditor is closed/disposed
2023-01-25 20:47:46.347 [info] ExtensionService#_doActivateExtension vscode.configuration-editing, startup: false, activationEvent: 'onLanguage:json'
2023-01-25 20:47:46.347 [info] ExtensionService#_doActivateExtension vscode.extension-editing, startup: false, activationEvent: 'onLanguage:json'
2023-01-25 20:47:46.347 [info] ExtensionService#_doActivateExtension vscode.json-language-features, startup: false, activationEvent: 'onLanguage:json'
2023-01-25 20:48:30.862 [warning] TextEditor is closed/disposed
2023-01-25 20:49:10.598 [warning] TextEditor is closed/disposed
2023-01-25 20:57:49.405 [info] ExtensionService#_doActivateExtension vscode.typescript-language-features, startup: false, activationEvent: 'onLanguage:typescript'
2023-01-25 20:57:50.564 [warning] TextEditor is closed/disposed
2023-01-25 20:57:54.154 [warning] TextEditor is closed/disposed
2023-01-25 20:57:58.466 [warning] TextEditor is closed/disposed
2023-01-25 20:58:00.167 [warning] TextEditor is closed/disposed
2023-01-25 21:14:37.943 [warning] TextEditor is closed/disposed
2023-01-25 21:15:06.582 [warning] TextEditor is closed/disposed
2023-01-25 21:22:57.728 [warning] TextEditor is closed/disposed
2023-01-25 21:23:56.783 [warning] TextEditor is closed/disposed
2023-01-25 21:24:01.297 [warning] TextEditor is closed/disposed
2023-01-25 21:24:05.352 [warning] TextEditor is closed/disposed
2023-01-25 21:33:01.573 [warning] TextEditor is closed/disposed
2023-01-25 21:33:01.614 [info] ExtensionService#_doActivateExtension vscode.css-language-features, startup: false, activationEvent: 'onLanguage:scss'
2023-01-25 21:33:56.692 [warning] TextEditor is closed/disposed
2023-01-25 21:34:39.160 [warning] TextEditor is closed/disposed
2023-01-25 21:34:58.301 [warning] TextEditor is closed/disposed
2023-01-25 21:36:45.600 [warning] TextEditor is closed/disposed
2023-01-25 21:38:13.736 [warning] TextEditor is closed/disposed
2023-01-25 21:38:26.394 [warning] TextEditor is closed/disposed
2023-01-25 21:38:27.512 [warning] TextEditor is closed/disposed
2023-01-25 21:39:58.092 [warning] TextEditor is closed/disposed
2023-01-25 21:40:06.258 [warning] TextEditor is closed/disposed
2023-01-25 21:46:01.797 [info] Extension host terminating: received terminate message from renderer
2023-01-25 21:46:01.822 [warning] {"name":"Canceled"}
2023-01-25 21:46:01.824 [info] Extension host with pid 62814 exiting with code 0
