2023-01-24 21:41:59.784 [info] Added views:workbench.panel.markers.view in workbench.panel.markers
2023-01-24 21:41:59.784 [info] Added views:workbench.panel.output in workbench.panel.output
2023-01-24 21:41:59.784 [info] Added views:terminal in terminal
2023-01-24 21:41:59.784 [info] Added views:outline in workbench.view.explorer
2023-01-24 21:41:59.784 [info] Added views:workbench.scm in workbench.view.scm
2023-01-24 21:41:59.784 [info] Added views:workbench.view.search in workbench.view.search
2023-01-24 21:41:59.784 [info] Added views:timeline in workbench.view.explorer
2023-01-24 21:41:59.784 [info] Added views:workbench.explorer.fileView in workbench.view.explorer
2023-01-24 21:41:59.853 [info] Added views:workbench.debug.welcome in workbench.view.debug
2023-01-24 21:42:00.261 [info] Added views:gitlens.views.home in workbench.view.extension.gitlens
2023-01-24 21:42:00.262 [info] Added views:gitlens.views.commits,gitlens.views.commitDetails,gitlens.views.fileHistory,gitlens.views.branches,gitlens.views.remotes,gitlens.views.stashes,gitlens.views.tags,gitlens.views.searchAndCompare in workbench.view.scm
2023-01-24 21:42:00.263 [info] Added views:pr:github,issues:github in workbench.view.extension.github-pull-requests
2023-01-24 21:42:00.527 [info] Added views:workbench.panel.repl.view in workbench.panel.repl
2023-01-24 21:42:01.223 [info] Added views:i18n-ally-locales-sidebar-file,i18n-ally-locales-progress,i18n-ally-locales-tree,i18n-ally-locales-usage,i18n-ally-help-feedback in workbench.view.extension.i18n-ally
2023-01-24 21:42:01.224 [info] Added views:i18n-ally-locales-file-explorer in workbench.view.explorer
2023-01-24 21:42:01.448 [info] Added views:workbench.panel.comments in workbench.panel.comments
2023-01-24 21:42:01.673 [info] Added views:gitlens.views.timeline in workbench.view.extension.gitlensPanel
2023-01-24 21:42:01.674 [info] Added views:gitlens.views.worktrees in workbench.view.scm
2023-01-24 21:42:02.124 [info] Removed views:issues:github,pr:github from workbench.view.extension.github-pull-requests
2023-01-24 21:42:02.125 [info] Added views:github:login in workbench.view.extension.github-pull-requests
2023-01-24 21:42:02.161 [info] Added views:github:activePullRequest:welcome in workbench.view.extension.github-pull-request
2023-01-24 21:42:02.161 [info] Removed views:github:activePullRequest:welcome from workbench.view.extension.github-pull-request
2023-01-24 21:42:02.192 [info] Added views:vueComponentPreview in workbench.view.explorer
